#
# A fatal error has been detected by the Java Runtime Environment:
#
#  SIGSEGV (0xb) at pc=0x0000007f72adacd4, pid=1588, tid=1590
#
# JRE version: OpenJDK Runtime Environment (11.0.16+8) (build 11.0.16+8-post-Debian-1deb11u1)
# Java VM: OpenJDK 64-Bit Server VM (11.0.16+8-post-Debian-1deb11u1, mixed mode, tiered, compressed oops, g1 gc, linux-aarch64)
# Problematic frame:
# C  [libopencv_imgcodecs.so.406+0x17cd4]  cv::imdecode_(cv::Mat const&, int, cv::Mat&) [clone .isra.0]+0x134
#
# No core dump will be written. Core dumps have been disabled. To enable core dumping, try "ulimit -c unlimited" before starting Java again
#
# If you would like to submit a bug report, please visit:
#   https://bugs.debian.org/openjdk-11
# The crash happened outside the Java Virtual Machine in native code.
# See problematic frame for where to report the bug.
#

---------------  S U M M A R Y ------------

Command Line: -Xdebug -Xnoagent -Djava.compiler=NONE -Xrunjdwp:transport=dt_socket,address=localhost:43799,server=n,suspend=y -Dfile.encoding=UTF-8 frc.pi.Camera

Host: AArch64, 4 cores, 7G, Debian GNU/Linux 11 (bullseye)
Time: Thu Mar  2 23:24:52 2023 PST elapsed time: 229.584574 seconds (0d 0h 3m 49s)

---------------  T H R E A D  ---------------

Current thread (0x0000007fb8018000):  JavaThread "main" [_thread_in_native, id=1590, stack(0x0000007fbcdb5000,0x0000007fbcfb5000)]

Stack: [0x0000007fbcdb5000,0x0000007fbcfb5000],  sp=0x0000007fbcfb2980,  free space=2038k
Native frames: (J=compiled Java code, A=aot compiled Java code, j=interpreted, Vv=VM code, C=native code)
C  [libopencv_imgcodecs.so.406+0x17cd4]  cv::imdecode_(cv::Mat const&, int, cv::Mat&) [clone .isra.0]+0x134

Java frames: (J=compiled Java code, j=interpreted, Vv=VM code)
J 979  org.opencv.videoio.VideoCapture.read_0(JJ)Z (0 bytes) @ 0x0000007fa833274c [0x0000007fa83326c0+0x000000000000008c]
J 1066 c2 frc.pi.Camera.periodic()V (238 bytes) @ 0x0000007fa8338a54 [0x0000007fa8338a00+0x0000000000000054]
j  frc.pi.Camera.main([Ljava/lang/String;)V+78
v  ~StubRoutines::call_stub

siginfo: si_signo: 11 (SIGSEGV), si_code: 1 (SEGV_MAPERR), si_addr: 0x0000000000000048

Register to memory mapping:

R0=0x0000007fb8784550
R1=0x0000000000000000
R2=0x0000007fb8721890
R3=0x000000000000cd59
R4=0x0000007fbcfb2aa8
R5=0x0000000000000000
R6=0x000000000000cd59
R7=0x0000007fbcfb2ce0
R8=0x0000007fbcfb2aa0
R9=0x0000000042ff0000
R10=0x0000007fbcfb2cd8
R11=0x000000008df6eef0
R12=0x0000007f913021a8
R13=0x0000007fbcfb3350
R14=0x000000007fffffff
R15=0x0000000000000000
R16=0x0000007f71ed99e8
R17=0x0000007f71cc0060
R18=0x0000000000000000
R19=0x0000000000000000
R20=0x0000007fbcfb2b50
R21=0x0000000000000001
R22=0x0000007fbcfb2c78
R23=0x0000007fbcfb2aa0
R24=0x0000000000000000
R25=0x0000007f72c9a000
R26=0x0000007fbcfb2a38
R27=0x0000007f72c9a978
R28=0x0000007fb8018000
R29=0x0000007fbcfb3290
R30=0x0000007f72adac0c


Registers:
R0 =0x0000007fb8784550 points into unknown readable memory: 0x0000000000000000 | 00 00 00 00 00 00 00 00
R1 =0x0 is NULL
R2 =0x0000007fb8721890 points into unknown readable memory: 0x0000007fb8784550 | 50 45 78 b8 7f 00 00 00
R3 =0x000000000000cd59 is an unknown value
R4 =0x0000007fbcfb2aa8 is pointing into the stack for thread: 0x0000007fb8018000
R5 =0x0 is NULL
R6 =0x000000000000cd59 is an unknown value
R7 =0x0000007fbcfb2ce0 is pointing into the stack for thread: 0x0000007fb8018000
R8 =0x0000007fbcfb2aa0 is pointing into the stack for thread: 0x0000007fb8018000
R9 =0x0000000042ff0000 is an unknown value
R10=0x0000007fbcfb2cd8 is pointing into the stack for thread: 0x0000007fb8018000
R11=0x000000008df6eef0 is an oop: org.opencv.videoio.VideoCapture 
{0x000000008df6eef0} - klass: 'org/opencv/videoio/VideoCapture'
R12={method} {0x0000007f913021a8} 'periodic' '()V' in 'frc/pi/Camera'
R13=0x0000007fbcfb3350 is pointing into the stack for thread: 0x0000007fb8018000
R14=0x000000007fffffff is an unknown value
R15=0x0 is NULL
R16=0x0000007f71ed99e8: <offset 0x00000000003539e8> in /usr/local/frc/lib/libopencv_core.so.406 at 0x0000007f71b86000
R17=0x0000007f71cc0060: _ZN2cv3Mat7releaseEv+0x0000000000000000 in /usr/local/frc/lib/libopencv_core.so.406 at 0x0000007f71b86000
R18=0x0 is NULL
R19=0x0 is NULL
R20=0x0000007fbcfb2b50 is pointing into the stack for thread: 0x0000007fb8018000
R21=0x0000000000000001 is an unknown value
R22=0x0000007fbcfb2c78 is pointing into the stack for thread: 0x0000007fb8018000
R23=0x0000007fbcfb2aa0 is pointing into the stack for thread: 0x0000007fb8018000
R24=0x0 is NULL
R25=0x0000007f72c9a000: <offset 0x00000000001d7000> in /usr/local/frc/lib/libopencv_imgcodecs.so.406 at 0x0000007f72ac3000
R26=0x0000007fbcfb2a38 is pointing into the stack for thread: 0x0000007fb8018000
R27=0x0000007f72c9a978: <offset 0x00000000001d7978> in /usr/local/frc/lib/libopencv_imgcodecs.so.406 at 0x0000007f72ac3000
R28=0x0000007fb8018000 is a thread
R29=0x0000007fbcfb3290 is pointing into the stack for thread: 0x0000007fb8018000
R30=0x0000007f72adac0c: <offset 0x0000000000017c0c> in /usr/local/frc/lib/libopencv_imgcodecs.so.406 at 0x0000007f72ac3000

Top of Stack: (sp=0x0000007fbcfb2980)
0x0000007fbcfb2980:   0000007fbcfb2c78 0000007fbcfb2d38
0x0000007fbcfb2990:   0000007fbcfb2bb0 0000000000000001
0x0000007fbcfb29a0:   0000007fbcfb2b50 0000007fbcfb2b40
0x0000007fbcfb29b0:   0000007fbcfb2d38 0000007f91307668
0x0000007fbcfb29c0:   0000000000000000 0000007fb8018000
0x0000007fbcfb29d0:   0000007f72adb7e8 0000007f913015de
0x0000007fbcfb29e0:   000000008d601d88 0000000000000000
0x0000007fbcfb29f0:   000000008d6018e8 0000000900000000
0x0000007fbcfb2a00:   0000007fbcfb2a30 0000007f34383344
0x0000007fbcfb2a10:   0000007fbcfb2aa0 0000007f3436c564
0x0000007fbcfb2a20:   0000007fb8d61840 0000007fbcfb2a38
0x0000007fbcfb2a30:   0000000000000000 0000007f91301500
0x0000007fbcfb2a40:   0000007fbcfb2b80 0000007fa0811144
0x0000007fbcfb2a50:   0000007fbcfb2b40 000000008d603d90
0x0000007fbcfb2a60:   405e98cf4e24090d 3feeabc9b738520c
0x0000007fbcfb2a70:   40750a63f40a6ef4 bfaa623c418ce87c
0x0000007fbcfb2a80:   000000008d603d38 bfd17bb8416972ae
0x0000007fbcfb2a90:   0000007f00000002 3fb04cce00000018
0x0000007fbcfb2aa0:   0000000242ff4000 0000cd5900000001
0x0000007fbcfb2ab0:   0000007f44120000 0000007f44120000
0x0000007fbcfb2ac0:   0000007f4412cd59 0000007f4412cd59
0x0000007fbcfb2ad0:   0000000000000000 0000000000000000
0x0000007fbcfb2ae0:   0000007fbcfb2aa8 0000007fbcfb2af0
0x0000007fbcfb2af0:   000000000000cd59 0000000000000001
0x0000007fbcfb2b00:   0000007fb8775380 0000007fbcfb2cd8
0x0000007fbcfb2b10:   0000007fb82fc240 0000007fb87755a8
0x0000007fbcfb2b20:   000001e000000280 0000007fbcfb2c78
0x0000007fbcfb2b30:   0000007f72cedc68 0000007fb82fc240
0x0000007fbcfb2b40:   0000000000000000 0000007f00000000
0x0000007fbcfb2b50:   0000000242ff4000 0000cd5900000001
0x0000007fbcfb2b60:   0000007f44120000 0000007f44120000
0x0000007fbcfb2b70:   0000007f4412cd59 0000007f4412cd59 

Instructions: (pc=0x0000007f72adacd4)
0x0000007f72adabd4:   23 00 80 52 02 00 80 52 21 00 80 52 70 eb ff 97
0x0000007f72adabe4:   f7 63 02 a9 f9 6b 03 a9 1f 00 00 71 6d 46 00 54
0x0000007f72adabf4:   f7 83 04 91 e0 03 14 aa 22 00 80 52 e8 03 17 aa
0x0000007f72adac04:   e1 03 02 2a 26 ea ff 97 e0 2b 41 b9 fa e3 02 91
0x0000007f72adac14:   e1 2f 41 b9 fa ff 0a a9 ff e3 02 39 00 7c 01 1b
0x0000007f72adac24:   1f 00 00 71 6d 00 00 54 e0 23 41 b9 00 03 70 37
0x0000007f72adac34:   ff 7f 08 a9 f3 47 40 f9 33 01 00 b4 f4 0d 00 f0
0x0000007f72adac44:   80 62 44 f9 00 14 00 b5 60 0a 40 b9 01 04 00 51
0x0000007f72adac54:   61 0a 00 b9 1f 04 00 71 60 11 00 54 e0 57 40 f9
0x0000007f72adac64:   1f 00 1a eb 40 00 00 54 01 ea ff 97 e0 03 17 aa
0x0000007f72adac74:   5b e8 ff 97 f5 5b 41 a9 f7 63 42 a9 f9 6b 43 a9
0x0000007f72adac84:   fe 2b 40 f9 f3 53 d8 a8 c0 03 5f d6 13 0e 00 90
0x0000007f72adac94:   60 22 24 91 fb 73 04 a9 01 fc df 08 19 0e 00 90
0x0000007f72adaca4:   01 31 00 36 3b e3 25 91 13 00 80 d2 22 bf 44 f9
0x0000007f72adacb4:   60 07 40 f9 5f 00 00 eb e0 01 00 54 18 00 80 d2
0x0000007f72adacc4:   1f 20 03 d5 00 ef 7c d3 40 68 60 f8 01 00 40 f9
0x0000007f72adacd4:   21 24 40 f9 20 00 3f d6 62 07 40 a9 7f 02 00 eb
0x0000007f72adace4:   73 22 80 9a 18 07 00 91 20 00 02 cb 1f 13 80 eb
0x0000007f72adacf4:   a3 fe ff 54 fb 23 03 91 fc 63 03 91 e0 03 1b aa
0x0000007f72adad04:   e1 03 13 aa 02 04 80 52 fc 67 00 f9 4c ea ff 97
0x0000007f72adad14:   e0 27 41 b9 02 00 80 d2 1f 00 00 71 8d 01 00 54
0x0000007f72adad24:   e2 2b 41 b9 e1 00 80 92 e3 2f 41 b9 20 cc 20 8b
0x0000007f72adad34:   e1 b7 40 f9 42 7c 03 1b 20 68 60 f8 42 7c 40 93
0x0000007f72adad44:   42 7c 00 9b 5f 00 13 eb 42 90 93 9a e0 67 40 f9
0x0000007f72adad54:   38 e3 25 91 e1 9b 40 f9 13 00 80 d2 00 e8 ff 97
0x0000007f72adad64:   22 bf 44 f9 00 07 40 f9 5f 00 00 eb e1 00 00 54
0x0000007f72adad74:   2f 01 00 14 00 07 40 f9 73 06 00 91 00 00 02 cb
0x0000007f72adad84:   7f 12 80 eb 42 25 00 54 79 ee 7c d3 e1 03 1b aa
0x0000007f72adad94:   40 68 79 f8 02 00 40 f9 42 28 40 f9 40 00 3f d6
0x0000007f72adada4:   02 03 40 f9 1f 1c 00 72 60 fe ff 54 40 68 79 f8
0x0000007f72adadb4:   e8 03 02 91 01 00 40 f9 21 2c 40 f9 20 00 3f d6
0x0000007f72adadc4:   e0 67 40 f9 1f 00 1c eb 40 00 00 54 a8 e9 ff 97 


Stack slot to memory mapping:
stack at sp + 0 slots: 0x0000007fbcfb2c78 is pointing into the stack for thread: 0x0000007fb8018000
stack at sp + 1 slots: 0x0000007fbcfb2d38 is pointing into the stack for thread: 0x0000007fb8018000
stack at sp + 2 slots: 0x0000007fbcfb2bb0 is pointing into the stack for thread: 0x0000007fb8018000
stack at sp + 3 slots: 0x0000000000000001 is an unknown value
stack at sp + 4 slots: 0x0000007fbcfb2b50 is pointing into the stack for thread: 0x0000007fb8018000
stack at sp + 5 slots: 0x0000007fbcfb2b40 is pointing into the stack for thread: 0x0000007fb8018000
stack at sp + 6 slots: 0x0000007fbcfb2d38 is pointing into the stack for thread: 0x0000007fb8018000
stack at sp + 7 slots: 0x0000007f91307668 is pointing into metadata


---------------  P R O C E S S  ---------------

Threads class SMR info:
_java_thread_list=0x0000007f500014f0, length=13, elements={
0x0000007fb8018000, 0x0000007fb8142800, 0x0000007fb8146800, 0x0000007fb815b800,
0x0000007fb815d800, 0x0000007fb815f800, 0x0000007fb8161800, 0x0000007fb8163800,
0x0000007fb81f9800, 0x0000007fb81fd000, 0x0000007fb820b800, 0x0000007f30001000,
0x0000007fb8783800
}

Java Threads: ( => current thread )
=>0x0000007fb8018000 JavaThread "main" [_thread_in_native, id=1590, stack(0x0000007fbcdb5000,0x0000007fbcfb5000)]
  0x0000007fb8142800 JavaThread "Reference Handler" daemon [_thread_blocked, id=1597, stack(0x0000007f90a74000,0x0000007f90c74000)]
  0x0000007fb8146800 JavaThread "Finalizer" daemon [_thread_blocked, id=1598, stack(0x0000007f90874000,0x0000007f90a74000)]
  0x0000007fb815b800 JavaThread "Signal Dispatcher" daemon [_thread_blocked, id=1599, stack(0x0000007f9038d000,0x0000007f9058d000)]
  0x0000007fb815d800 JavaThread "Service Thread" daemon [_thread_blocked, id=1600, stack(0x0000007f9018d000,0x0000007f9038d000)]
  0x0000007fb815f800 JavaThread "C2 CompilerThread0" daemon [_thread_blocked, id=1601, stack(0x0000007f73e00000,0x0000007f74000000)]
  0x0000007fb8161800 JavaThread "C1 CompilerThread0" daemon [_thread_blocked, id=1602, stack(0x0000007f73c00000,0x0000007f73e00000)]
  0x0000007fb8163800 JavaThread "Sweeper thread" daemon [_thread_blocked, id=1603, stack(0x0000007f73a00000,0x0000007f73c00000)]
  0x0000007fb81f9800 JavaThread "JDWP Transport Listener: dt_socket" daemon [_thread_in_native, id=1605, stack(0x0000007f73800000,0x0000007f73a00000)]
  0x0000007fb81fd000 JavaThread "JDWP Event Helper Thread" daemon [_thread_blocked, id=1606, stack(0x0000007f73600000,0x0000007f73800000)]
  0x0000007fb820b800 JavaThread "Common-Cleaner" daemon [_thread_blocked, id=1615, stack(0x0000007f72ffe000,0x0000007f731fe000)]
  0x0000007f30001000 JavaThread "CSListener" daemon [_thread_in_native, id=1629, stack(0x0000007f35739000,0x0000007f35f38000)]
  0x0000007fb8783800 JavaThread "VideoListener" daemon [_thread_in_native, id=1630, stack(0x0000007f35537000,0x0000007f35737000)]

Other Threads:
  0x0000007fb813a000 VMThread "VM Thread" [stack: 0x0000007f90c76000,0x0000007f90e76000] [id=1596]
  0x0000007fb81ff800 WatcherThread [stack: 0x0000007f73200000,0x0000007f73400000] [id=1614]
  0x0000007fb802f000 GCTaskThread "GC Thread#0" [stack: 0x0000007fbc8c0000,0x0000007fbcac0000] [id=1591]
  0x0000007f7c001000 GCTaskThread "GC Thread#1" [stack: 0x0000007f702fe000,0x0000007f704fe000] [id=1619]
  0x0000007fb805f800 ConcurrentGCThread "G1 Main Marker" [stack: 0x0000007f98150000,0x0000007f98350000] [id=1592]
  0x0000007fb8061800 ConcurrentGCThread "G1 Conc#0" [stack: 0x0000007f93e00000,0x0000007f94000000] [id=1593]
  0x0000007fb80d8000 ConcurrentGCThread "G1 Refine#0" [stack: 0x0000007f918fb000,0x0000007f91afb000] [id=1594]
  0x0000007fb80da000 ConcurrentGCThread "G1 Young RemSet Sampling" [stack: 0x0000007f916f9000,0x0000007f918f9000] [id=1595]

Threads with active compile tasks:

VM state:not at safepoint (normal execution)

VM Mutex/Monitor currently owned by a thread: None

Heap address: 0x0000000086a00000, size: 1942 MB, Compressed Oops mode: 32-bit
Narrow klass base: 0x0000000000000000, Narrow klass shift: 3
Compressed class space size: 1073741824 Address: 0x0000000100000000

Heap:
 garbage-first heap   total 124928K, used 15184K [0x0000000086a00000, 0x0000000100000000)
  region size 1024K, 16 young (16384K), 2 survivors (2048K)
 Metaspace       used 13851K, capacity 14061K, committed 14464K, reserved 1062912K
  class space    used 1231K, capacity 1325K, committed 1408K, reserved 1048576K
Heap Regions: E=young(eden), S=young(survivor), O=old, HS=humongous(starts), HC=humongous(continues), CS=collection set, F=free, A=archive, TAMS=top-at-mark-start (previous, next)
|   0|0x0000000086a00000, 0x0000000086a00000, 0x0000000086b00000|  0%| F|  |TAMS 0x0000000086a00000, 0x0000000086a00000| Untracked 
|   1|0x0000000086b00000, 0x0000000086b00000, 0x0000000086c00000|  0%| F|  |TAMS 0x0000000086b00000, 0x0000000086b00000| Untracked 
|   2|0x0000000086c00000, 0x0000000086c00000, 0x0000000086d00000|  0%| F|  |TAMS 0x0000000086c00000, 0x0000000086c00000| Untracked 
|   3|0x0000000086d00000, 0x0000000086d00000, 0x0000000086e00000|  0%| F|  |TAMS 0x0000000086d00000, 0x0000000086d00000| Untracked 
|   4|0x0000000086e00000, 0x0000000086e00000, 0x0000000086f00000|  0%| F|  |TAMS 0x0000000086e00000, 0x0000000086e00000| Untracked 
|   5|0x0000000086f00000, 0x0000000086f00000, 0x0000000087000000|  0%| F|  |TAMS 0x0000000086f00000, 0x0000000086f00000| Untracked 
|   6|0x0000000087000000, 0x0000000087000000, 0x0000000087100000|  0%| F|  |TAMS 0x0000000087000000, 0x0000000087000000| Untracked 
|   7|0x0000000087100000, 0x0000000087100000, 0x0000000087200000|  0%| F|  |TAMS 0x0000000087100000, 0x0000000087100000| Untracked 
|   8|0x0000000087200000, 0x0000000087200000, 0x0000000087300000|  0%| F|  |TAMS 0x0000000087200000, 0x0000000087200000| Untracked 
|   9|0x0000000087300000, 0x0000000087300000, 0x0000000087400000|  0%| F|  |TAMS 0x0000000087300000, 0x0000000087300000| Untracked 
|  10|0x0000000087400000, 0x0000000087400000, 0x0000000087500000|  0%| F|  |TAMS 0x0000000087400000, 0x0000000087400000| Untracked 
|  11|0x0000000087500000, 0x0000000087500000, 0x0000000087600000|  0%| F|  |TAMS 0x0000000087500000, 0x0000000087500000| Untracked 
|  12|0x0000000087600000, 0x0000000087600000, 0x0000000087700000|  0%| F|  |TAMS 0x0000000087600000, 0x0000000087600000| Untracked 
|  13|0x0000000087700000, 0x0000000087700000, 0x0000000087800000|  0%| F|  |TAMS 0x0000000087700000, 0x0000000087700000| Untracked 
|  14|0x0000000087800000, 0x0000000087800000, 0x0000000087900000|  0%| F|  |TAMS 0x0000000087800000, 0x0000000087800000| Untracked 
|  15|0x0000000087900000, 0x0000000087900000, 0x0000000087a00000|  0%| F|  |TAMS 0x0000000087900000, 0x0000000087900000| Untracked 
|  16|0x0000000087a00000, 0x0000000087a00000, 0x0000000087b00000|  0%| F|  |TAMS 0x0000000087a00000, 0x0000000087a00000| Untracked 
|  17|0x0000000087b00000, 0x0000000087b00000, 0x0000000087c00000|  0%| F|  |TAMS 0x0000000087b00000, 0x0000000087b00000| Untracked 
|  18|0x0000000087c00000, 0x0000000087c00000, 0x0000000087d00000|  0%| F|  |TAMS 0x0000000087c00000, 0x0000000087c00000| Untracked 
|  19|0x0000000087d00000, 0x0000000087d00000, 0x0000000087e00000|  0%| F|  |TAMS 0x0000000087d00000, 0x0000000087d00000| Untracked 
|  20|0x0000000087e00000, 0x0000000087e00000, 0x0000000087f00000|  0%| F|  |TAMS 0x0000000087e00000, 0x0000000087e00000| Untracked 
|  21|0x0000000087f00000, 0x0000000087f00000, 0x0000000088000000|  0%| F|  |TAMS 0x0000000087f00000, 0x0000000087f00000| Untracked 
|  22|0x0000000088000000, 0x0000000088000000, 0x0000000088100000|  0%| F|  |TAMS 0x0000000088000000, 0x0000000088000000| Untracked 
|  23|0x0000000088100000, 0x0000000088100000, 0x0000000088200000|  0%| F|  |TAMS 0x0000000088100000, 0x0000000088100000| Untracked 
|  24|0x0000000088200000, 0x0000000088200000, 0x0000000088300000|  0%| F|  |TAMS 0x0000000088200000, 0x0000000088200000| Untracked 
|  25|0x0000000088300000, 0x0000000088300000, 0x0000000088400000|  0%| F|  |TAMS 0x0000000088300000, 0x0000000088300000| Untracked 
|  26|0x0000000088400000, 0x0000000088400000, 0x0000000088500000|  0%| F|  |TAMS 0x0000000088400000, 0x0000000088400000| Untracked 
|  27|0x0000000088500000, 0x0000000088500000, 0x0000000088600000|  0%| F|  |TAMS 0x0000000088500000, 0x0000000088500000| Untracked 
|  28|0x0000000088600000, 0x0000000088600000, 0x0000000088700000|  0%| F|  |TAMS 0x0000000088600000, 0x0000000088600000| Untracked 
|  29|0x0000000088700000, 0x0000000088700000, 0x0000000088800000|  0%| F|  |TAMS 0x0000000088700000, 0x0000000088700000| Untracked 
|  30|0x0000000088800000, 0x0000000088800000, 0x0000000088900000|  0%| F|  |TAMS 0x0000000088800000, 0x0000000088800000| Untracked 
|  31|0x0000000088900000, 0x0000000088900000, 0x0000000088a00000|  0%| F|  |TAMS 0x0000000088900000, 0x0000000088900000| Untracked 
|  32|0x0000000088a00000, 0x0000000088a00000, 0x0000000088b00000|  0%| F|  |TAMS 0x0000000088a00000, 0x0000000088a00000| Untracked 
|  33|0x0000000088b00000, 0x0000000088b00000, 0x0000000088c00000|  0%| F|  |TAMS 0x0000000088b00000, 0x0000000088b00000| Untracked 
|  34|0x0000000088c00000, 0x0000000088c00000, 0x0000000088d00000|  0%| F|  |TAMS 0x0000000088c00000, 0x0000000088c00000| Untracked 
|  35|0x0000000088d00000, 0x0000000088d00000, 0x0000000088e00000|  0%| F|  |TAMS 0x0000000088d00000, 0x0000000088d00000| Untracked 
|  36|0x0000000088e00000, 0x0000000088e00000, 0x0000000088f00000|  0%| F|  |TAMS 0x0000000088e00000, 0x0000000088e00000| Untracked 
|  37|0x0000000088f00000, 0x0000000088f00000, 0x0000000089000000|  0%| F|  |TAMS 0x0000000088f00000, 0x0000000088f00000| Untracked 
|  38|0x0000000089000000, 0x0000000089000000, 0x0000000089100000|  0%| F|  |TAMS 0x0000000089000000, 0x0000000089000000| Untracked 
|  39|0x0000000089100000, 0x0000000089100000, 0x0000000089200000|  0%| F|  |TAMS 0x0000000089100000, 0x0000000089100000| Untracked 
|  40|0x0000000089200000, 0x0000000089200000, 0x0000000089300000|  0%| F|  |TAMS 0x0000000089200000, 0x0000000089200000| Untracked 
|  41|0x0000000089300000, 0x0000000089300000, 0x0000000089400000|  0%| F|  |TAMS 0x0000000089300000, 0x0000000089300000| Untracked 
|  42|0x0000000089400000, 0x0000000089400000, 0x0000000089500000|  0%| F|  |TAMS 0x0000000089400000, 0x0000000089400000| Untracked 
|  43|0x0000000089500000, 0x0000000089500000, 0x0000000089600000|  0%| F|  |TAMS 0x0000000089500000, 0x0000000089500000| Untracked 
|  44|0x0000000089600000, 0x0000000089600000, 0x0000000089700000|  0%| F|  |TAMS 0x0000000089600000, 0x0000000089600000| Untracked 
|  45|0x0000000089700000, 0x0000000089700000, 0x0000000089800000|  0%| F|  |TAMS 0x0000000089700000, 0x0000000089700000| Untracked 
|  46|0x0000000089800000, 0x0000000089800000, 0x0000000089900000|  0%| F|  |TAMS 0x0000000089800000, 0x0000000089800000| Untracked 
|  47|0x0000000089900000, 0x0000000089900000, 0x0000000089a00000|  0%| F|  |TAMS 0x0000000089900000, 0x0000000089900000| Untracked 
|  48|0x0000000089a00000, 0x0000000089a00000, 0x0000000089b00000|  0%| F|  |TAMS 0x0000000089a00000, 0x0000000089a00000| Untracked 
|  49|0x0000000089b00000, 0x0000000089b00000, 0x0000000089c00000|  0%| F|  |TAMS 0x0000000089b00000, 0x0000000089b00000| Untracked 
|  50|0x0000000089c00000, 0x0000000089c00000, 0x0000000089d00000|  0%| F|  |TAMS 0x0000000089c00000, 0x0000000089c00000| Untracked 
|  51|0x0000000089d00000, 0x0000000089d00000, 0x0000000089e00000|  0%| F|  |TAMS 0x0000000089d00000, 0x0000000089d00000| Untracked 
|  52|0x0000000089e00000, 0x0000000089e00000, 0x0000000089f00000|  0%| F|  |TAMS 0x0000000089e00000, 0x0000000089e00000| Untracked 
|  53|0x0000000089f00000, 0x0000000089f00000, 0x000000008a000000|  0%| F|  |TAMS 0x0000000089f00000, 0x0000000089f00000| Untracked 
|  54|0x000000008a000000, 0x000000008a000000, 0x000000008a100000|  0%| F|  |TAMS 0x000000008a000000, 0x000000008a000000| Untracked 
|  55|0x000000008a100000, 0x000000008a100000, 0x000000008a200000|  0%| F|  |TAMS 0x000000008a100000, 0x000000008a100000| Untracked 
|  56|0x000000008a200000, 0x000000008a200000, 0x000000008a300000|  0%| F|  |TAMS 0x000000008a200000, 0x000000008a200000| Untracked 
|  57|0x000000008a300000, 0x000000008a300000, 0x000000008a400000|  0%| F|  |TAMS 0x000000008a300000, 0x000000008a300000| Untracked 
|  58|0x000000008a400000, 0x000000008a400000, 0x000000008a500000|  0%| F|  |TAMS 0x000000008a400000, 0x000000008a400000| Untracked 
|  59|0x000000008a500000, 0x000000008a500000, 0x000000008a600000|  0%| F|  |TAMS 0x000000008a500000, 0x000000008a500000| Untracked 
|  60|0x000000008a600000, 0x000000008a600000, 0x000000008a700000|  0%| F|  |TAMS 0x000000008a600000, 0x000000008a600000| Untracked 
|  61|0x000000008a700000, 0x000000008a700000, 0x000000008a800000|  0%| F|  |TAMS 0x000000008a700000, 0x000000008a700000| Untracked 
|  62|0x000000008a800000, 0x000000008a800000, 0x000000008a900000|  0%| F|  |TAMS 0x000000008a800000, 0x000000008a800000| Untracked 
|  63|0x000000008a900000, 0x000000008a900000, 0x000000008aa00000|  0%| F|  |TAMS 0x000000008a900000, 0x000000008a900000| Untracked 
|  64|0x000000008aa00000, 0x000000008aa00000, 0x000000008ab00000|  0%| F|  |TAMS 0x000000008aa00000, 0x000000008aa00000| Untracked 
|  65|0x000000008ab00000, 0x000000008ab00000, 0x000000008ac00000|  0%| F|  |TAMS 0x000000008ab00000, 0x000000008ab00000| Untracked 
|  66|0x000000008ac00000, 0x000000008ac00000, 0x000000008ad00000|  0%| F|  |TAMS 0x000000008ac00000, 0x000000008ac00000| Untracked 
|  67|0x000000008ad00000, 0x000000008ad00000, 0x000000008ae00000|  0%| F|  |TAMS 0x000000008ad00000, 0x000000008ad00000| Untracked 
|  68|0x000000008ae00000, 0x000000008ae00000, 0x000000008af00000|  0%| F|  |TAMS 0x000000008ae00000, 0x000000008ae00000| Untracked 
|  69|0x000000008af00000, 0x000000008af00000, 0x000000008b000000|  0%| F|  |TAMS 0x000000008af00000, 0x000000008af00000| Untracked 
|  70|0x000000008b000000, 0x000000008b000000, 0x000000008b100000|  0%| F|  |TAMS 0x000000008b000000, 0x000000008b000000| Untracked 
|  71|0x000000008b100000, 0x000000008b100000, 0x000000008b200000|  0%| F|  |TAMS 0x000000008b100000, 0x000000008b100000| Untracked 
|  72|0x000000008b200000, 0x000000008b200000, 0x000000008b300000|  0%| F|  |TAMS 0x000000008b200000, 0x000000008b200000| Untracked 
|  73|0x000000008b300000, 0x000000008b300000, 0x000000008b400000|  0%| F|  |TAMS 0x000000008b300000, 0x000000008b300000| Untracked 
|  74|0x000000008b400000, 0x000000008b400000, 0x000000008b500000|  0%| F|  |TAMS 0x000000008b400000, 0x000000008b400000| Untracked 
|  75|0x000000008b500000, 0x000000008b500000, 0x000000008b600000|  0%| F|  |TAMS 0x000000008b500000, 0x000000008b500000| Untracked 
|  76|0x000000008b600000, 0x000000008b600000, 0x000000008b700000|  0%| F|  |TAMS 0x000000008b600000, 0x000000008b600000| Untracked 
|  77|0x000000008b700000, 0x000000008b700000, 0x000000008b800000|  0%| F|  |TAMS 0x000000008b700000, 0x000000008b700000| Untracked 
|  78|0x000000008b800000, 0x000000008b800000, 0x000000008b900000|  0%| F|  |TAMS 0x000000008b800000, 0x000000008b800000| Untracked 
|  79|0x000000008b900000, 0x000000008b900000, 0x000000008ba00000|  0%| F|  |TAMS 0x000000008b900000, 0x000000008b900000| Untracked 
|  80|0x000000008ba00000, 0x000000008ba00000, 0x000000008bb00000|  0%| F|  |TAMS 0x000000008ba00000, 0x000000008ba00000| Untracked 
|  81|0x000000008bb00000, 0x000000008bb00000, 0x000000008bc00000|  0%| F|  |TAMS 0x000000008bb00000, 0x000000008bb00000| Untracked 
|  82|0x000000008bc00000, 0x000000008bc00000, 0x000000008bd00000|  0%| F|  |TAMS 0x000000008bc00000, 0x000000008bc00000| Untracked 
|  83|0x000000008bd00000, 0x000000008bd00000, 0x000000008be00000|  0%| F|  |TAMS 0x000000008bd00000, 0x000000008bd00000| Untracked 
|  84|0x000000008be00000, 0x000000008be00000, 0x000000008bf00000|  0%| F|  |TAMS 0x000000008be00000, 0x000000008be00000| Untracked 
|  85|0x000000008bf00000, 0x000000008bf00000, 0x000000008c000000|  0%| F|  |TAMS 0x000000008bf00000, 0x000000008bf00000| Untracked 
|  86|0x000000008c000000, 0x000000008c000000, 0x000000008c100000|  0%| F|  |TAMS 0x000000008c000000, 0x000000008c000000| Untracked 
|  87|0x000000008c100000, 0x000000008c100000, 0x000000008c200000|  0%| F|  |TAMS 0x000000008c100000, 0x000000008c100000| Untracked 
|  88|0x000000008c200000, 0x000000008c200000, 0x000000008c300000|  0%| F|  |TAMS 0x000000008c200000, 0x000000008c200000| Untracked 
|  89|0x000000008c300000, 0x000000008c300000, 0x000000008c400000|  0%| F|  |TAMS 0x000000008c300000, 0x000000008c300000| Untracked 
|  90|0x000000008c400000, 0x000000008c400000, 0x000000008c500000|  0%| F|  |TAMS 0x000000008c400000, 0x000000008c400000| Untracked 
|  91|0x000000008c500000, 0x000000008c500000, 0x000000008c600000|  0%| F|  |TAMS 0x000000008c500000, 0x000000008c500000| Untracked 
|  92|0x000000008c600000, 0x000000008c600000, 0x000000008c700000|  0%| F|  |TAMS 0x000000008c600000, 0x000000008c600000| Untracked 
|  93|0x000000008c700000, 0x000000008c700000, 0x000000008c800000|  0%| F|  |TAMS 0x000000008c700000, 0x000000008c700000| Untracked 
|  94|0x000000008c800000, 0x000000008c800000, 0x000000008c900000|  0%| F|  |TAMS 0x000000008c800000, 0x000000008c800000| Untracked 
|  95|0x000000008c900000, 0x000000008c900000, 0x000000008ca00000|  0%| F|  |TAMS 0x000000008c900000, 0x000000008c900000| Untracked 
|  96|0x000000008ca00000, 0x000000008ca00000, 0x000000008cb00000|  0%| F|  |TAMS 0x000000008ca00000, 0x000000008ca00000| Untracked 
|  97|0x000000008cb00000, 0x000000008cb00000, 0x000000008cc00000|  0%| F|  |TAMS 0x000000008cb00000, 0x000000008cb00000| Untracked 
|  98|0x000000008cc00000, 0x000000008cc00000, 0x000000008cd00000|  0%| F|  |TAMS 0x000000008cc00000, 0x000000008cc00000| Untracked 
|  99|0x000000008cd00000, 0x000000008cd00000, 0x000000008ce00000|  0%| F|  |TAMS 0x000000008cd00000, 0x000000008cd00000| Untracked 
| 100|0x000000008ce00000, 0x000000008ce00000, 0x000000008cf00000|  0%| F|  |TAMS 0x000000008ce00000, 0x000000008ce00000| Untracked 
| 101|0x000000008cf00000, 0x000000008cf00000, 0x000000008d000000|  0%| F|  |TAMS 0x000000008cf00000, 0x000000008cf00000| Untracked 
| 102|0x000000008d000000, 0x000000008d000000, 0x000000008d100000|  0%| F|  |TAMS 0x000000008d000000, 0x000000008d000000| Untracked 
| 103|0x000000008d100000, 0x000000008d100000, 0x000000008d200000|  0%| F|  |TAMS 0x000000008d100000, 0x000000008d100000| Untracked 
| 104|0x000000008d200000, 0x000000008d200000, 0x000000008d300000|  0%| F|  |TAMS 0x000000008d200000, 0x000000008d200000| Untracked 
| 105|0x000000008d300000, 0x000000008d300000, 0x000000008d400000|  0%| F|  |TAMS 0x000000008d300000, 0x000000008d300000| Untracked 
| 106|0x000000008d400000, 0x000000008d4d4340, 0x000000008d500000| 82%| S|CS|TAMS 0x000000008d400000, 0x000000008d400000| Complete 
| 107|0x000000008d500000, 0x000000008d600000, 0x000000008d600000|100%| S|CS|TAMS 0x000000008d500000, 0x000000008d500000| Complete 
| 108|0x000000008d600000, 0x000000008d680800, 0x000000008d700000| 50%| E|  |TAMS 0x000000008d600000, 0x000000008d600000| Complete 
| 109|0x000000008d700000, 0x000000008d800000, 0x000000008d800000|100%| E|CS|TAMS 0x000000008d700000, 0x000000008d700000| Complete 
| 110|0x000000008d800000, 0x000000008d900000, 0x000000008d900000|100%| E|CS|TAMS 0x000000008d800000, 0x000000008d800000| Complete 
| 111|0x000000008d900000, 0x000000008da00000, 0x000000008da00000|100%| E|CS|TAMS 0x000000008d900000, 0x000000008d900000| Complete 
| 112|0x000000008da00000, 0x000000008db00000, 0x000000008db00000|100%| E|CS|TAMS 0x000000008da00000, 0x000000008da00000| Complete 
| 113|0x000000008db00000, 0x000000008dc00000, 0x000000008dc00000|100%| E|CS|TAMS 0x000000008db00000, 0x000000008db00000| Complete 
| 114|0x000000008dc00000, 0x000000008dd00000, 0x000000008dd00000|100%| E|CS|TAMS 0x000000008dc00000, 0x000000008dc00000| Complete 
| 115|0x000000008dd00000, 0x000000008de00000, 0x000000008de00000|100%| E|CS|TAMS 0x000000008dd00000, 0x000000008dd00000| Complete 
| 116|0x000000008de00000, 0x000000008df00000, 0x000000008df00000|100%| E|CS|TAMS 0x000000008de00000, 0x000000008de00000| Complete 
| 117|0x000000008df00000, 0x000000008e000000, 0x000000008e000000|100%| E|CS|TAMS 0x000000008df00000, 0x000000008df00000| Complete 
| 118|0x000000008e000000, 0x000000008e100000, 0x000000008e100000|100%| E|CS|TAMS 0x000000008e000000, 0x000000008e000000| Complete 
| 119|0x000000008e100000, 0x000000008e200000, 0x000000008e200000|100%| E|CS|TAMS 0x000000008e100000, 0x000000008e100000| Complete 
| 120|0x000000008e200000, 0x000000008e300000, 0x000000008e300000|100%| E|CS|TAMS 0x000000008e200000, 0x000000008e200000| Complete 
| 121|0x000000008e300000, 0x000000008e400000, 0x000000008e400000|100%| E|CS|TAMS 0x000000008e300000, 0x000000008e300000| Complete 

Card table byte_map: [0x0000007fa0446000,0x0000007fa0811000] _byte_map_base: 0x0000007fa0011000

Marking Bits (Prev, Next): (CMBitMap*) 0x0000007fb80574d8, (CMBitMap*) 0x0000007fb8057510
 Prev Bits: [0x0000007f9a1a8000, 0x0000007f9c000000)
 Next Bits: [0x0000007f98350000, 0x0000007f9a1a8000)

Polling page: 0x0000007fbe518000

Metaspace:

Usage:
  Non-class:     12.44 MB capacity,    12.32 MB (>99%) used,    92.57 KB ( <1%) free+waste,    22.94 KB ( <1%) overhead. 
      Class:      1.29 MB capacity,     1.20 MB ( 93%) used,    83.70 KB (  6%) free+waste,     9.88 KB ( <1%) overhead. 
       Both:     13.73 MB capacity,    13.53 MB ( 99%) used,   176.27 KB (  1%) free+waste,    32.81 KB ( <1%) overhead. 

Virtual space:
  Non-class space:       14.00 MB reserved,      12.75 MB ( 91%) committed 
      Class space:        1.00 GB reserved,       1.38 MB ( <1%) committed 
             Both:        1.01 GB reserved,      14.12 MB (  1%) committed 

Chunk freelists:
   Non-Class:  72.00 KB
       Class:  19.00 KB
        Both:  91.00 KB

MaxMetaspaceSize: unlimited
CompressedClassSpaceSize: 1.00 GB
Initial GC threshold: 20.80 MB
Current GC threshold: 20.80 MB
CDS: off

CodeHeap 'non-profiled nmethods': size=120032Kb used=411Kb max_used=411Kb free=119620Kb
 bounds [0x0000007fa82d9000, 0x0000007fa8549000, 0x0000007faf811000]
CodeHeap 'profiled nmethods': size=120032Kb used=2483Kb max_used=2483Kb free=117548Kb
 bounds [0x0000007fa0da1000, 0x0000007fa1011000, 0x0000007fa82d9000]
CodeHeap 'non-nmethods': size=5696Kb used=1417Kb max_used=1458Kb free=4278Kb
 bounds [0x0000007fa0811000, 0x0000007fa0a81000, 0x0000007fa0da1000]
 total_blobs=1876 nmethods=1137 adapters=664
 compilation: enabled
              stopped_count=0, restarted_count=0
 full_count=0

Compilation events (20 events):
Event: 221.087 Thread 0x0000007fb8161800 1129   !   3       java.io.BufferedWriter::flushBuffer (53 bytes)
Event: 221.088 Thread 0x0000007fb8161800 nmethod 1129 0x0000007fa1008b10 code [0x0000007fa1008d40, 0x0000007fa1009430]
Event: 221.088 Thread 0x0000007fb8161800 1130       3       java.io.OutputStreamWriter::write (11 bytes)
Event: 221.088 Thread 0x0000007fb8161800 nmethod 1130 0x0000007fa1009710 code [0x0000007fa10098c0, 0x0000007fa1009b00]
Event: 221.088 Thread 0x0000007fb8161800 1131   !   3       sun.nio.cs.StreamEncoder::write (78 bytes)
Event: 221.090 Thread 0x0000007fb8161800 nmethod 1131 0x0000007fa1009c10 code [0x0000007fa1009ec0, 0x0000007fa100aa80]
Event: 221.090 Thread 0x0000007fb8161800 1132       3       sun.nio.cs.StreamEncoder::ensureOpen (18 bytes)
Event: 221.090 Thread 0x0000007fb8161800 nmethod 1132 0x0000007fa100b110 code [0x0000007fa100b300, 0x0000007fa100b5c0]
Event: 221.090 Thread 0x0000007fb8161800 1133       3       sun.nio.cs.StreamEncoder::implWrite (15 bytes)
Event: 221.091 Thread 0x0000007fb8161800 nmethod 1133 0x0000007fa100b710 code [0x0000007fa100b940, 0x0000007fa100be60]
Event: 221.091 Thread 0x0000007fb8161800 1124       3       edu.wpi.first.math.geometry.Transform3d::<init> (15 bytes)
Event: 221.091 Thread 0x0000007fb8161800 nmethod 1124 0x0000007fa100c190 code [0x0000007fa100c340, 0x0000007fa100c5d0]
Event: 221.681 Thread 0x0000007fb8161800 1134       3       edu.wpi.first.math.MatBuilder::<init> (27 bytes)
Event: 221.681 Thread 0x0000007fb815f800 1135       4       org.ejml.data.DMatrixRMaj::getType (4 bytes)
Event: 221.682 Thread 0x0000007fb815f800 nmethod 1135 0x0000007fa833fc10 code [0x0000007fa833fdc0, 0x0000007fa833fe60]
Event: 221.682 Thread 0x0000007fb8161800 nmethod 1134 0x0000007fa100c690 code [0x0000007fa100c8c0, 0x0000007fa100d070]
Event: 228.348 Thread 0x0000007fb8161800 1136       3       java.lang.Long::numberOfTrailingZeros (116 bytes)
Event: 228.349 Thread 0x0000007fb8161800 nmethod 1136 0x0000007fa100d290 code [0x0000007fa100d440, 0x0000007fa100d710]
Event: 228.349 Thread 0x0000007fb8161800 1137       3       jdk.internal.math.FloatingDecimal$BinaryToASCIIBuffer::estimateDecExp (182 bytes)
Event: 228.350 Thread 0x0000007fb8161800 nmethod 1137 0x0000007fa100d790 code [0x0000007fa100d9c0, 0x0000007fa100de50]

GC Heap History (2 events):
Event: 3.260 GC heap before
{Heap before GC invocations=0 (full 0):
 garbage-first heap   total 124928K, used 14336K [0x0000000086a00000, 0x0000000100000000)
  region size 1024K, 14 young (14336K), 0 survivors (0K)
 Metaspace       used 10198K, capacity 10282K, committed 10624K, reserved 1058816K
  class space    used 866K, capacity 893K, committed 896K, reserved 1048576K
}
Event: 3.270 GC heap after
{Heap after GC invocations=1 (full 0):
 garbage-first heap   total 124928K, used 1872K [0x0000000086a00000, 0x0000000100000000)
  region size 1024K, 2 young (2048K), 2 survivors (2048K)
 Metaspace       used 10198K, capacity 10282K, committed 10624K, reserved 1058816K
  class space    used 866K, capacity 893K, committed 896K, reserved 1048576K
}

Deoptimization events (20 events):
Event: 1.792 Thread 0x0000007fb8018000 DEOPT PACKING pc=0x0000007fa0de3dc4 sp=0x0000007fbcfb1090
Event: 1.792 Thread 0x0000007fb8018000 DEOPT UNPACKING pc=0x0000007fa084627c sp=0x0000007fbcfb0e20 mode 0
Event: 1.833 Thread 0x0000007fb8018000 DEOPT PACKING pc=0x0000007fa0dd05dc sp=0x0000007fbcfb11c0
Event: 1.833 Thread 0x0000007fb8018000 DEOPT UNPACKING pc=0x0000007fa084627c sp=0x0000007fbcfb0f60 mode 0
Event: 2.388 Thread 0x0000007fb8018000 Uncommon trap: trap_request=0xffffff4d fr.pc=0x0000007fa82da040 relative=0x0000000000000080
Event: 2.388 Thread 0x0000007fb8018000 Uncommon trap: reason=unstable_if action=reinterpret pc=0x0000007fa82da040 method=java.lang.String.isLatin1()Z @ 10 c2
Event: 2.388 Thread 0x0000007fb8018000 DEOPT PACKING pc=0x0000007fa82da040 sp=0x0000007fbcfb1de0
Event: 2.388 Thread 0x0000007fb8018000 DEOPT UNPACKING pc=0x0000007fa0845d9c sp=0x0000007fbcfb1d30 mode 2
Event: 3.516 Thread 0x0000007fb8018000 Uncommon trap: trap_request=0xffffff4d fr.pc=0x0000007fa82f5d2c relative=0x00000000000001ac
Event: 3.516 Thread 0x0000007fb8018000 Uncommon trap: reason=unstable_if action=reinterpret pc=0x0000007fa82f5d2c method=java.lang.String.startsWith(Ljava/lang/String;I)Z @ 1 c2
Event: 3.516 Thread 0x0000007fb8018000 DEOPT PACKING pc=0x0000007fa82f5d2c sp=0x0000007fbcfb29c0
Event: 3.516 Thread 0x0000007fb8018000 DEOPT UNPACKING pc=0x0000007fa0845d9c sp=0x0000007fbcfb2940 mode 2
Event: 3.643 Thread 0x0000007fb8018000 DEOPT PACKING pc=0x0000007fa0e196b8 sp=0x0000007fbcfb1fd0
Event: 3.643 Thread 0x0000007fb8018000 DEOPT UNPACKING pc=0x0000007fa084627c sp=0x0000007fbcfb1e30 mode 0
Event: 3.664 Thread 0x0000007fb8018000 DEOPT PACKING pc=0x0000007fa0dee3f8 sp=0x0000007fbcfb2bf0
Event: 3.664 Thread 0x0000007fb8018000 DEOPT UNPACKING pc=0x0000007fa084627c sp=0x0000007fbcfb29f0 mode 0
Event: 7.059 Thread 0x0000007fb8018000 Uncommon trap: trap_request=0xffffff4d fr.pc=0x0000007fa8304fe4 relative=0x0000000000000064
Event: 7.059 Thread 0x0000007fb8018000 Uncommon trap: reason=unstable_if action=reinterpret pc=0x0000007fa8304fe4 method=sun.net.www.ParseUtil.firstEncodeIndex(Ljava/lang/String;)I @ 51 c2
Event: 7.059 Thread 0x0000007fb8018000 DEOPT PACKING pc=0x0000007fa8304fe4 sp=0x0000007fbcfb1850
Event: 7.059 Thread 0x0000007fb8018000 DEOPT UNPACKING pc=0x0000007fa0845d9c sp=0x0000007fbcfb17d0 mode 2

Classes redefined (0 events):
No events

Internal exceptions (10 events):
Event: 4.759 Thread 0x0000007fb8018000 Exception <a 'java/lang/NoSuchMethodError'{0x000000008dfa97c0}: 'void java.lang.invoke.DirectMethodHandle$Holder.invokeStaticInit(java.lang.Object, java.lang.Object)'> (0x000000008dfa97c0) thrown at [./src/hotspot/share/interpreter/linkResolver.cpp, line 772]
Event: 4.817 Thread 0x0000007fb8783800 Exception <a 'java/lang/NoSuchMethodError'{0x000000008de5d100}: 'java.lang.Object java.lang.invoke.DirectMethodHandle$Holder.invokeStatic(java.lang.Object, java.lang.Object, java.lang.Object, java.lang.Object, java.lang.Object, java.lang.Object, java.lang.Object, java.lang.Object, java.lang.Object, java.lang.Object, java.lang.Object, int)'> (0x000000008de5d100) thrown at [./src/hotspot/share/interpreter/linkResolver.cpp, line 772]
Event: 4.826 Thread 0x0000007fb8783800 Exception <a 'java/lang/NoSuchMethodError'{0x000000008defb828}: 'java.lang.Object java.lang.invoke.DirectMethodHandle$Holder.invokeStatic(java.lang.Object, java.lang.Object, java.lang.Object, java.lang.Object, java.lang.Object, java.lang.Object, java.lang.Object, java.lang.Object, java.lang.Object, java.lang.Object, java.lang.Object, int, int)'> (0x000000008defb828) thrown at [./src/hotspot/share/interpreter/linkResolver.cpp, line 772]
Event: 4.834 Thread 0x0000007fb8783800 Exception <a 'java/lang/NoSuchMethodError'{0x000000008dd1aef0}: 'java.lang.Object java.lang.invoke.DirectMethodHandle$Holder.invokeStatic(java.lang.Object, java.lang.Object, java.lang.Object, java.lang.Object, java.lang.Object, java.lang.Object, java.lang.Object, java.lang.Object, java.lang.Object, java.lang.Object, java.lang.Object, int, int, java.lang.Object)'> (0x000000008dd1aef0) thrown at [./src/hotspot/share/interpreter/linkResolver.cpp, line 772]
Event: 4.844 Thread 0x0000007fb8783800 Exception <a 'java/lang/NoSuchMethodError'{0x000000008dd3b9e8}: 'java.lang.Object java.lang.invoke.DirectMethodHandle$Holder.invokeStatic(java.lang.Object, java.lang.Object, java.lang.Object, java.lang.Object, java.lang.Object, java.lang.Object, java.lang.Object, java.lang.Object, java.lang.Object, java.lang.Object, java.lang.Object, int, int, java.lang.Object, java.lang.Object)'> (0x000000008dd3b9e8) thrown at [./src/hotspot/share/interpreter/linkResolver.cpp, line 772]
Event: 6.024 Thread 0x0000007fb8783800 Exception <a 'java/lang/NoSuchMethodError'{0x000000008dc07748}: 'java.lang.Object java.lang.invoke.DirectMethodHandle$Holder.invokeStatic(java.lang.Object, java.lang.Object, java.lang.Object, java.lang.Object, java.lang.Object, java.lang.Object, java.lang.Object, java.lang.Object, java.lang.Object, java.lang.Object, java.lang.Object, java.lang.Object, java.lang.Object, java.lang.Object, java.lang.Object)'> (0x000000008dc07748) thrown at [./src/hotspot/share/interpreter/linkResolver.cpp, line 772]
Event: 6.031 Thread 0x0000007fb8783800 Exception <a 'java/lang/NoSuchMethodError'{0x000000008dc1be00}: 'java.lang.Object java.lang.invoke.DirectMethodHandle$Holder.invokeStatic(java.lang.Object, java.lang.Object, java.lang.Object, java.lang.Object, java.lang.Object, java.lang.Object, java.lang.Object, java.lang.Object, java.lang.Object, java.lang.Object, java.lang.Object, java.lang.Object, java.lang.Object, java.lang.Object, java.lang.Object, java.lang.Object)'> (0x000000008dc1be00) thrown at [./src/hotspot/share/interpreter/linkResolver.cpp, l
Event: 6.035 Thread 0x0000007fb8783800 Exception <a 'java/lang/NoSuchMethodError'{0x000000008dc29db8}: 'java.lang.Object java.lang.invoke.DirectMethodHandle$Holder.invokeSpecial(java.lang.Object, java.lang.Object, int, int, int, int, int, java.lang.Object, int)'> (0x000000008dc29db8) thrown at [./src/hotspot/share/interpreter/linkResolver.cpp, line 772]
Event: 6.036 Thread 0x0000007fb8783800 Exception <a 'java/lang/NoSuchMethodError'{0x000000008dc2d268}: 'java.lang.Object java.lang.invoke.DelegatingMethodHandle$Holder.reinvoke_L(java.lang.Object, int, int, int, int, int, java.lang.Object, int)'> (0x000000008dc2d268) thrown at [./src/hotspot/share/interpreter/linkResolver.cpp, line 772]
Event: 6.106 Thread 0x0000007fb8783800 Exception <a 'java/lang/NoSuchMethodError'{0x000000008dcec010}: 'java.lang.Object java.lang.invoke.Invokers$Holder.linkToTargetMethod(java.lang.Object, int, java.lang.Object)'> (0x000000008dcec010) thrown at [./src/hotspot/share/interpreter/linkResolver.cpp, line 772]

Events (20 events):
Event: 7.075 loading class jdk/internal/math/FloatingDecimal done
Event: 7.075 loading class jdk/internal/math/FloatingDecimal$ExceptionalBinaryToASCIIBuffer
Event: 7.075 loading class jdk/internal/math/FloatingDecimal$BinaryToASCIIConverter
Event: 7.075 loading class jdk/internal/math/FloatingDecimal$BinaryToASCIIConverter done
Event: 7.075 loading class jdk/internal/math/FloatingDecimal$ExceptionalBinaryToASCIIBuffer done
Event: 7.075 loading class jdk/internal/math/FloatingDecimal$BinaryToASCIIBuffer
Event: 7.076 loading class jdk/internal/math/FloatingDecimal$BinaryToASCIIBuffer done
Event: 7.076 loading class jdk/internal/math/FloatingDecimal$1
Event: 7.076 loading class jdk/internal/math/FloatingDecimal$1 done
Event: 7.076 loading class jdk/internal/math/FloatingDecimal$PreparedASCIIToBinaryBuffer
Event: 7.076 loading class jdk/internal/math/FloatingDecimal$ASCIIToBinaryConverter
Event: 7.076 loading class jdk/internal/math/FloatingDecimal$ASCIIToBinaryConverter done
Event: 7.077 loading class jdk/internal/math/FloatingDecimal$PreparedASCIIToBinaryBuffer done
Event: 7.077 loading class jdk/internal/math/FDBigInteger
Event: 7.077 loading class jdk/internal/math/FDBigInteger done
Event: 7.081 loading class jdk/internal/math/FormattedFloatingDecimal$2
Event: 7.081 loading class jdk/internal/math/FormattedFloatingDecimal$2 done
Event: 7.082 loading class java/lang/StrictMath
Event: 7.083 loading class java/lang/StrictMath done
Event: 229.525 Thread 0x0000007f58001000 Thread exited: 0x0000007f58001000


Dynamic libraries:
86a00000-8e400000 rw-p 00000000 00:00 0 
8e400000-100000000 ---p 00000000 00:00 0 
100000000-100160000 rw-p 00000000 00:00 0 
100160000-140000000 ---p 00000000 00:00 0 
5566010000-5566011000 r-xp 00000000 b3:02 262168                         /usr/lib/jvm/java-11-openjdk-arm64/bin/java
5566021000-5566022000 r--p 00001000 b3:02 262168                         /usr/lib/jvm/java-11-openjdk-arm64/bin/java
5566022000-5566023000 rw-p 00002000 b3:02 262168                         /usr/lib/jvm/java-11-openjdk-arm64/bin/java
558eea4000-558eedc000 rw-p 00000000 00:00 0                              [heap]
7f14000000-7f14021000 rw-p 00000000 00:00 0 
7f14021000-7f18000000 ---p 00000000 00:00 0 
7f18000000-7f18021000 rw-p 00000000 00:00 0 
7f18021000-7f1c000000 ---p 00000000 00:00 0 
7f1c000000-7f1c021000 rw-p 00000000 00:00 0 
7f1c021000-7f20000000 ---p 00000000 00:00 0 
7f20000000-7f20021000 rw-p 00000000 00:00 0 
7f20021000-7f24000000 ---p 00000000 00:00 0 
7f24000000-7f24021000 rw-p 00000000 00:00 0 
7f24021000-7f28000000 ---p 00000000 00:00 0 
7f28000000-7f280ac000 rw-p 00000000 00:00 0 
7f280ac000-7f2c000000 ---p 00000000 00:00 0 
7f2c0fe000-7f2c1be000 rw-p 00000000 00:00 0 
7f2c1be000-7f2c2fe000 ---p 00000000 00:00 0 
7f2c2fe000-7f2c2ff000 ---p 00000000 00:00 0 
7f2c2ff000-7f2c6ff000 rw-p 00000000 00:00 0 
7f2c6ff000-7f2c700000 ---p 00000000 00:00 0 
7f2c700000-7f2cb00000 rw-p 00000000 00:00 0 
7f2cb00000-7f2cb01000 ---p 00000000 00:00 0 
7f2cb01000-7f2d404000 rw-p 00000000 00:00 0 
7f2d404000-7f2ff35000 r-xp 00000000 b3:02 23410                          /usr/local/frc/lib/libwpimathd.so
7f2ff35000-7f2ff44000 ---p 02b31000 b3:02 23410                          /usr/local/frc/lib/libwpimathd.so
7f2ff44000-7f2ffff000 r--p 02b30000 b3:02 23410                          /usr/local/frc/lib/libwpimathd.so
7f2ffff000-7f30000000 rw-p 02beb000 b3:02 23410                          /usr/local/frc/lib/libwpimathd.so
7f30000000-7f30021000 rw-p 00000000 00:00 0 
7f30021000-7f34000000 ---p 00000000 00:00 0 
7f340c3000-7f341c4000 rw-p 00000000 00:00 0 
7f341c4000-7f343e0000 r-xp 00000000 b3:02 23305                          /usr/local/frc/lib/libapriltagd.so
7f343e0000-7f343ef000 ---p 0021c000 b3:02 23305                          /usr/local/frc/lib/libapriltagd.so
7f343ef000-7f343f9000 r--p 0021b000 b3:02 23305                          /usr/local/frc/lib/libapriltagd.so
7f343f9000-7f34535000 rw-p 00225000 b3:02 23305                          /usr/local/frc/lib/libapriltagd.so
7f34535000-7f34536000 ---p 00000000 00:00 0 
7f34536000-7f34d36000 rw-p 00000000 00:00 0 
7f34d36000-7f34d37000 ---p 00000000 00:00 0 
7f34d37000-7f35537000 rw-p 00000000 00:00 0 
7f35537000-7f3553b000 ---p 00000000 00:00 0 
7f3553b000-7f35737000 rw-p 00000000 00:00 0 
7f35737000-7f35738000 ---p 00000000 00:00 0 
7f35738000-7f35739000 rw-p 00000000 00:00 0 
7f35739000-7f3573d000 ---p 00000000 00:00 0 
7f3573d000-7f35f38000 rw-p 00000000 00:00 0 
7f35f38000-7f35f39000 ---p 00000000 00:00 0 
7f35f39000-7f36739000 rw-p 00000000 00:00 0 
7f36739000-7f3673a000 ---p 00000000 00:00 0 
7f3673a000-7f36f3a000 rw-p 00000000 00:00 0 
7f36f3a000-7f37287000 r-xp 00000000 b3:02 23363                          /usr/local/frc/lib/libopencv_imgprocd.so.4.6.0
7f37287000-7f37296000 ---p 0034d000 b3:02 23363                          /usr/local/frc/lib/libopencv_imgprocd.so.4.6.0
7f37296000-7f372a6000 r--p 0034c000 b3:02 23363                          /usr/local/frc/lib/libopencv_imgprocd.so.4.6.0
7f372a6000-7f372ae000 rw-p 0035c000 b3:02 23363                          /usr/local/frc/lib/libopencv_imgprocd.so.4.6.0
7f372ae000-7f3734d000 rw-p 00000000 00:00 0 
7f3734d000-7f374da000 r-xp 00000000 b3:02 23359                          /usr/local/frc/lib/libopencv_imgcodecsd.so.4.6.0
7f374da000-7f374ea000 ---p 0018d000 b3:02 23359                          /usr/local/frc/lib/libopencv_imgcodecsd.so.4.6.0
7f374ea000-7f374f2000 r--p 0018d000 b3:02 23359                          /usr/local/frc/lib/libopencv_imgcodecsd.so.4.6.0
7f374f2000-7f374f3000 rw-p 00195000 b3:02 23359                          /usr/local/frc/lib/libopencv_imgcodecsd.so.4.6.0
7f374f3000-7f374f5000 rw-p 00000000 00:00 0 
7f374f5000-7f37818000 r-xp 00000000 b3:02 23416                          /usr/local/frc/lib/libwpinetd.so
7f37818000-7f37827000 ---p 00323000 b3:02 23416                          /usr/local/frc/lib/libwpinetd.so
7f37827000-7f3783b000 r--p 00322000 b3:02 23416                          /usr/local/frc/lib/libwpinetd.so
7f3783b000-7f3783c000 rw-p 00336000 b3:02 23416                          /usr/local/frc/lib/libwpinetd.so
7f3783c000-7f3783f000 rw-p 00000000 00:00 0 
7f3783f000-7f37a6c000 r-xp 00000000 b3:02 23422                          /usr/local/frc/lib/libwpiutild.so
7f37a6c000-7f37a7b000 ---p 0022d000 b3:02 23422                          /usr/local/frc/lib/libwpiutild.so
7f37a7b000-7f37a89000 r--p 0022c000 b3:02 23422                          /usr/local/frc/lib/libwpiutild.so
7f37a89000-7f37a8a000 rw-p 0023a000 b3:02 23422                          /usr/local/frc/lib/libwpiutild.so
7f37a8a000-7f37a8c000 rw-p 00000000 00:00 0 
7f37a8c000-7f37d80000 r-xp 00000000 b3:02 23335                          /usr/local/frc/lib/libopencv_cored.so.4.6.0
7f37d80000-7f37d8f000 ---p 002f4000 b3:02 23335                          /usr/local/frc/lib/libopencv_cored.so.4.6.0
7f37d8f000-7f37d9d000 r--p 002f3000 b3:02 23335                          /usr/local/frc/lib/libopencv_cored.so.4.6.0
7f37d9d000-7f37da0000 rw-p 00301000 b3:02 23335                          /usr/local/frc/lib/libopencv_cored.so.4.6.0
7f37da0000-7f37da6000 rw-p 00000000 00:00 0 
7f37da6000-7f37fe0000 r-xp 00000000 b3:02 23315                          /usr/local/frc/lib/libcscored.so
7f37fe0000-7f37ff0000 ---p 0023a000 b3:02 23315                          /usr/local/frc/lib/libcscored.so
7f37ff0000-7f37fff000 r--p 0023a000 b3:02 23315                          /usr/local/frc/lib/libcscored.so
7f37fff000-7f38000000 rw-p 00249000 b3:02 23315                          /usr/local/frc/lib/libcscored.so
7f38000000-7f38021000 rw-p 00000000 00:00 0 
7f38021000-7f3c000000 ---p 00000000 00:00 0 
7f3c000000-7f3c021000 rw-p 00000000 00:00 0 
7f3c021000-7f40000000 ---p 00000000 00:00 0 
7f40000000-7f40030000 rw-p 000