#
# A fatal error has been detected by the Java Runtime Environment:
#
#  SIGSEGV (0xb) at pc=0x0000007f3a990e04, pid=3042, tid=3043
#
# JRE version: OpenJDK Runtime Environment (11.0.16+8) (build 11.0.16+8-post-Debian-1deb11u1)
# Java VM: OpenJDK 64-Bit Server VM (11.0.16+8-post-Debian-1deb11u1, mixed mode, tiered, compressed oops, g1 gc, linux-aarch64)
# Problematic frame:
# C  [libtbb.so.2+0x1be04]  tbb::interface7::internal::task_arena_base::internal_execute(tbb::interface7::internal::delegate_base&) const+0xb0
#
# No core dump will be written. Core dumps have been disabled. To enable core dumping, try "ulimit -c unlimited" before starting Java again
#
# If you would like to submit a bug report, please visit:
#   https://bugs.debian.org/openjdk-11
# The crash happened outside the Java Virtual Machine in native code.
# See problematic frame for where to report the bug.
#

---------------  S U M M A R Y ------------

Command Line: -Xdebug -Xnoagent -Djava.compiler=NONE -Xrunjdwp:transport=dt_socket,address=localhost:43129,server=n,suspend=y -Dfile.encoding=UTF-8 frc.pi.Camera

Host: AArch64, 4 cores, 7G, Debian GNU/Linux 11 (bullseye)
Time: Thu Mar  2 20:57:11 2023 PST elapsed time: 1169.926365 seconds (0d 0h 19m 29s)

---------------  T H R E A D  ---------------

Current thread (0x0000007fa4018000):  JavaThread "main" [_thread_in_native, id=3043, stack(0x0000007faa14c000,0x0000007faa34c000)]

Stack: [0x0000007faa14c000,0x0000007faa34c000],  sp=0x0000007faa349430,  free space=2037k
Native frames: (J=compiled Java code, A=aot compiled Java code, j=interpreted, Vv=VM code, C=native code)
C  [libtbb.so.2+0x1be04]  tbb::interface7::internal::task_arena_base::internal_execute(tbb::interface7::internal::delegate_base&) const+0xb0
C  [libopencv_core.so.406+0x1fcc64]  cv::parallel::tbb::ParallelForBackend::parallel_for(int, void (*)(int, int, void*), void*)+0x54

Java frames: (J=compiled Java code, j=interpreted, Vv=VM code)
J 1049  org.opencv.videoio.VideoCapture.read_0(JJ)Z (0 bytes) @ 0x0000007f9432e84c [0x0000007f9432e7c0+0x000000000000008c]
J 1277 c2 frc.pi.Camera.periodic()V (238 bytes) @ 0x0000007f9434d014 [0x0000007f9434cfc0+0x0000000000000054]
j  frc.pi.Camera.main([Ljava/lang/String;)V+78
v  ~StubRoutines::call_stub

siginfo: si_signo: 11 (SIGSEGV), si_code: 1 (SEGV_MAPERR), si_addr: 0x0000000000000070

Register to memory mapping:

R0=0x0000007f1cad3d80
R1=0x0800001300000000
R2=0x0000000000000000
R3=0x0000007f1cad3d00
R4=0x0000000000000001
R5=0x00000000000001e0
R6=0x0000000000012bff
R7=0x000000000004b000
R8=0x0000007faa349930
R9=0x0000000042ff0008
R10=0x0000007faa349c98
R11=0x000000008dfdbfc8
R12=0x0000007f8c421ec0
R13=0x0000007faa34a350
R14=0x000000007fffffff
R15=0x0000000000000000
R16=0x0000007f38032ec0
R17=0x0000007fab683ab0
R18=0x0000000000000000
R19=0x0000007f1caca600
R20=0x0000007f3b2c6bd0
R21=0x0000007faa349688
R22=0x0000007f3a9b3000
R23=0x0000007f1cad3e00
R24=0x0000007f1cad3d80
R25=0x0000000000000000
R26=0x00000000000001e0
R27=0x0000000000000001
R28=0x0000000000000000
R29=0x0000007faa349430
R30=0x0000007f3a990df8


Registers:
R0 =0x0000007f1cad3d80 points into unknown readable memory: 0x0000007f1cad3d00 | 00 3d ad 1c 7f 00 00 00
R1 =0x0800001300000000 is an unknown value
R2 =0x0 is NULL
R3 =0x0000007f1cad3d00 points into unknown readable memory: 0x0000007f1cad3c80 | 80 3c ad 1c 7f 00 00 00
R4 =0x0000000000000001 is an unknown value
R5 =0x00000000000001e0 is an unknown value
R6 =0x0000000000012bff is an unknown value
R7 =0x000000000004b000 is an unknown value
R8 =0x0000007faa349930 is pointing into the stack for thread: 0x0000007fa4018000
R9 =0x0000000042ff0008 is an unknown value
R10=0x0000007faa349c98 is pointing into the stack for thread: 0x0000007fa4018000
R11=0x000000008dfdbfc8 is an oop: org.opencv.videoio.VideoCapture 
{0x000000008dfdbfc8} - klass: 'org/opencv/videoio/VideoCapture'
R12={method} {0x0000007f8c421ec0} 'periodic' '()V' in 'frc/pi/Camera'
R13=0x0000007faa34a350 is pointing into the stack for thread: 0x0000007fa4018000
R14=0x000000007fffffff is an unknown value
R15=0x0 is NULL
R16=0x0000007f38032ec0: <offset 0x000000000001fec0> in /lib/aarch64-linux-gnu/libtbbmalloc.so.2 at 0x0000007f38013000
R17=0x0000007fab683ab0: __pthread_getspecific+0x0000000000000000 in /lib/aarch64-linux-gnu/libpthread.so.0 at 0x0000007fab674000
R18=0x0 is NULL
R19=0x0000007f1caca600 points into unknown readable memory: 0x0000007f3a9b33f0 | f0 33 9b 3a 7f 00 00 00
R20=0x0000007f3b2c6bd0: <offset 0x000000000035abd0> in /usr/local/frc/lib/libopencv_core.so.406 at 0x0000007f3af6c000
R21=0x0000007faa349688 is pointing into the stack for thread: 0x0000007fa4018000
R22=0x0000007f3a9b3000: <offset 0x000000000003e000> in /lib/aarch64-linux-gnu/libtbb.so.2 at 0x0000007f3a975000
R23=0x0000007f1cad3e00 points into unknown readable memory: 0x0800001300000000 | 00 00 00 00 13 00 00 08
R24=0x0000007f1cad3d80 points into unknown readable memory: 0x0000007f1cad3d00 | 00 3d ad 1c 7f 00 00 00
R25=0x0 is NULL
R26=0x00000000000001e0 is an unknown value
R27=0x0000000000000001 is an unknown value
R28=0x0 is NULL
R29=0x0000007faa349430 is pointing into the stack for thread: 0x0000007fa4018000
R30=0x0000007f3a990df8: _ZNK3tbb10interface78internal15task_arena_base16internal_executeERNS1_13delegate_baseE+0x00000000000000a4 in /lib/aarch64-linux-gnu/libtbb.so.2 at 0x0000007f3a975000

Top of Stack: (sp=0x0000007faa349430)
0x0000007faa349430:   0000007faa34a1f0 0000007f3b168c64
0x0000007faa349440:   0000007f3b2c6bd0 0000007f3b2c6000
0x0000007faa349450:   0000007faa3496f8 0000007f3b2c6000
0x0000007faa349460:   0000007faa349768 00000000000001e0
0x0000007faa349470:   0000000000000280 00000000000001e0
0x0000007faa349480:   0000000000000003 0000000000000000
0x0000007faa349490:   0000007fa4b5c4a8 0000007fa4b5c488
0x0000007faa3494a0:   0000007f3b159650 0000007fa4b5c488
0x0000007faa3494b0:   0000007faa349530 0000007fab718880
0x0000007faa3494c0:   0000000000000008 0000000000000007
0x0000007faa3494d0:   0000000000000008 0000007faa349780
0x0000007faa3494e0:   0000007fa4b5c3c0 000000000000001e
0x0000007faa3494f0:   0000007f1cd33cf0 0000007fa4b5c438
0x0000007faa349500:   0000007fa4b5c470 0000007fa4018000
0x0000007faa349510:   0000007fa4b5c480 0000007fa4b5c468
0x0000007faa349520:   0000007fa4b5c480 0000007fa4b5c468
0x0000007faa349530:   0000007faa3495b0 0000007fab718880
0x0000007faa349540:   000000000000000f 000000000000000f
0x0000007faa349550:   0000000000000008 0000007faa349780
0x0000007faa349560:   0000007fa4b5c3c0 000000000000001e
0x0000007faa349570:   0000007faa349830 0000000000000000
0x0000007faa349580:   0000007f381ad040 0000000000000780
0x0000007faa349590:   0000007fa4b5c490 0000007fa4b5c430
0x0000007faa3495a0:   0000007fa45138e8 0000007fa45138dc
0x0000007faa3495b0:   0000007faa349640 0000007f1cd36814
0x0000007faa3495c0:   0000007f3b38f2b0 0000007faa34a398
0x0000007faa3495d0:   0000007fa481c850 0000000000000002
0x0000007faa3495e0:   0000007f3b2c8c40 0000000000000000
0x0000007faa3495f0:   0000007faa349768 0000007f3b1a9d30
0x0000007faa349600:   0000007faa349768 0000000000000500
0x0000007faa349610:   0000007f3b1a9d1c 0000007faa3497a0
0x0000007faa349620:   0000007faa349798 0000007faa3497a0 

Instructions: (pc=0x0000007f3a990e04)
0x0000007f3a990d04:   5f ef ff 97 81 02 40 f9 be ff ff 17 e0 03 15 aa
0x0000007f3a990d14:   33 fb ff 97 81 02 40 f9 21 10 02 91 20 fc df 88
0x0000007f3a990d24:   ff 33 40 6b 41 ff ff 54 c7 ff ff 17 7d f0 ff 97
0x0000007f3a990d34:   f5 03 00 aa 7b ff ff 17 45 bd ff 97 f3 03 00 aa
0x0000007f3a990d44:   e0 03 18 aa e6 02 00 94 e0 03 13 aa 14 bf ff 97
0x0000007f3a990d54:   ff 83 08 d1 02 01 00 f0 fd 7b 00 a9 fd 03 00 91
0x0000007f3a990d64:   42 98 47 f9 f5 5b 02 a9 16 01 00 f0 f3 53 01 a9
0x0000007f3a990d74:   f4 03 00 aa 40 00 40 b9 c3 ae 46 f9 f5 03 01 aa
0x0000007f3a990d84:   f9 6b 04 a9 61 00 40 f9 e1 0f 01 f9 01 00 80 d2
0x0000007f3a990d94:   fb 73 05 a9 b2 bd ff 97 80 1e 00 b4 13 f8 7f 92
0x0000007f3a990da4:   80 02 40 f9 61 1a 40 f9 3f 00 00 eb fb 17 9f 1a
0x0000007f3a990db4:   00 0c 00 54 e1 03 13 aa b1 03 00 94 f9 03 00 aa
0x0000007f3a990dc4:   1f 04 00 b1 00 08 00 54 f7 63 03 a9 02 00 80 d2
0x0000007f3a990dd4:   01 01 80 d2 20 00 80 d2 a5 bd ff 97 f7 03 00 aa
0x0000007f3a990de4:   a3 be ff 97 02 00 80 d2 01 01 80 d2 20 00 80 d2
0x0000007f3a990df4:   9f bd ff 97 82 06 40 f9 f8 03 00 aa e1 02 40 f9
0x0000007f3a990e04:   42 38 40 f9 01 00 00 f9 42 00 40 f9 5f 00 01 eb
0x0000007f3a990e14:   01 0c 00 54 82 02 40 f9 fc 23 02 91 e5 03 1b 2a
0x0000007f3a990e24:   e3 03 19 aa e1 03 13 aa e0 03 1c aa 24 00 80 52
0x0000007f3a990e34:   7b 02 00 94 a1 02 40 f9 e0 03 15 aa 21 00 40 f9
0x0000007f3a990e44:   20 00 3f d6 e0 47 40 f9 e1 a3 43 39 e3 73 40 f9
0x0000007f3a990e54:   02 48 40 f9 43 80 1c f8 81 07 00 34 e1 eb 42 39
0x0000007f3a990e64:   e2 57 40 f9 02 1c 00 f9 01 28 01 39 e0 02 40 f9
0x0000007f3a990e74:   01 03 40 f9 3f 00 00 eb 21 06 00 54 e0 03 18 aa
0x0000007f3a990e84:   13 be ff 97 e0 03 17 aa 11 be ff 97 f7 63 43 a9
0x0000007f3a990e94:   d6 ae 46 f9 e0 0f 41 f9 c1 02 40 f9 00 00 01 eb
0x0000007f3a990ea4:   01 00 80 d2 a1 1f 00 54 fd 7b 40 a9 f3 53 41 a9
0x0000007f3a990eb4:   f5 5b 42 a9 f9 6b 44 a9 fb 73 45 a9 ff 83 08 91
0x0000007f3a990ec4:   c0 03 5f d6 02 01 00 f0 01 01 00 f0 e0 03 15 aa
0x0000007f3a990ed4:   03 00 80 d2 42 dc 47 f9 21 94 46 f9 dc bd ff 97
0x0000007f3a990ee4:   e2 03 00 aa c0 05 00 b4 83 06 40 f9 01 02 80 d2
0x0000007f3a990ef4:   e0 23 02 91 53 04 40 f9 e3 47 00 f9 ac be ff 97 


Stack slot to memory mapping:
stack at sp + 0 slots: 0x0000007faa34a1f0 is pointing into the stack for thread: 0x0000007fa4018000
stack at sp + 1 slots: 0x0000007f3b168c64: <offset 0x00000000001fcc64> in /usr/local/frc/lib/libopencv_core.so.406 at 0x0000007f3af6c000
stack at sp + 2 slots: 0x0000007f3b2c6bd0: <offset 0x000000000035abd0> in /usr/local/frc/lib/libopencv_core.so.406 at 0x0000007f3af6c000
stack at sp + 3 slots: 0x0000007f3b2c6000: <offset 0x000000000035a000> in /usr/local/frc/lib/libopencv_core.so.406 at 0x0000007f3af6c000
stack at sp + 4 slots: 0x0000007faa3496f8 is pointing into the stack for thread: 0x0000007fa4018000
stack at sp + 5 slots: 0x0000007f3b2c6000: <offset 0x000000000035a000> in /usr/local/frc/lib/libopencv_core.so.406 at 0x0000007f3af6c000
stack at sp + 6 slots: 0x0000007faa349768 is pointing into the stack for thread: 0x0000007fa4018000
stack at sp + 7 slots: 0x00000000000001e0 is an unknown value


---------------  P R O C E S S  ---------------

Threads class SMR info:
_java_thread_list=0x0000007f48001130, length=13, elements={
0x0000007fa4018000, 0x0000007fa4142800, 0x0000007fa4146800, 0x0000007fa415b800,
0x0000007fa415d800, 0x0000007fa415f800, 0x0000007fa4161800, 0x0000007fa4163800,
0x0000007fa41f1800, 0x0000007fa41f5000, 0x0000007fa4203800, 0x0000007f24001000,
0x0000007fa47a4800
}

Java Threads: ( => current thread )
=>0x0000007fa4018000 JavaThread "main" [_thread_in_native, id=3043, stack(0x0000007faa14c000,0x0000007faa34c000)]
  0x0000007fa4142800 JavaThread "Reference Handler" daemon [_thread_blocked, id=3050, stack(0x0000007f7de00000,0x0000007f7e000000)]
  0x0000007fa4146800 JavaThread "Finalizer" daemon [_thread_blocked, id=3051, stack(0x0000007f7dc00000,0x0000007f7de00000)]
  0x0000007fa415b800 JavaThread "Signal Dispatcher" daemon [_thread_blocked, id=3052, stack(0x0000007f7d719000,0x0000007f7d919000)]
  0x0000007fa415d800 JavaThread "Service Thread" daemon [_thread_blocked, id=3053, stack(0x0000007f7d519000,0x0000007f7d719000)]
  0x0000007fa415f800 JavaThread "C2 CompilerThread0" daemon [_thread_blocked, id=3054, stack(0x0000007f7d319000,0x0000007f7d519000)]
  0x0000007fa4161800 JavaThread "C1 CompilerThread0" daemon [_thread_blocked, id=3055, stack(0x0000007f7d119000,0x0000007f7d319000)]
  0x0000007fa4163800 JavaThread "Sweeper thread" daemon [_thread_blocked, id=3056, stack(0x0000007f7cf19000,0x0000007f7d119000)]
  0x0000007fa41f1800 JavaThread "JDWP Transport Listener: dt_socket" daemon [_thread_in_native, id=3058, stack(0x0000007f7cd19000,0x0000007f7cf19000)]
  0x0000007fa41f5000 JavaThread "JDWP Event Helper Thread" daemon [_thread_blocked, id=3059, stack(0x0000007f7cb19000,0x0000007f7cd19000)]
  0x0000007fa4203800 JavaThread "Common-Cleaner" daemon [_thread_blocked, id=3068, stack(0x0000007f7c517000,0x0000007f7c717000)]
  0x0000007f24001000 JavaThread "CSListener" daemon [_thread_in_native, id=3081, stack(0x0000007f307fb000,0x0000007f30ffa000)]
  0x0000007fa47a4800 JavaThread "VideoListener" daemon [_thread_in_native, id=3082, stack(0x0000007f3928e000,0x0000007f3948e000)]

Other Threads:
  0x0000007fa413a000 VMThread "VM Thread" [stack: 0x0000007f84074000,0x0000007f84274000] [id=3049]
  0x0000007fa41f7800 WatcherThread [stack: 0x0000007f7c719000,0x0000007f7c919000] [id=3067]
  0x0000007fa402f000 GCTaskThread "GC Thread#0" [stack: 0x0000007fa9c57000,0x0000007fa9e57000] [id=3044]
  0x0000007f70001000 GCTaskThread "GC Thread#1" [stack: 0x0000007f39690000,0x0000007f39890000] [id=3072]
  0x0000007fa405f800 ConcurrentGCThread "G1 Main Marker" [stack: 0x0000007fa8aaf000,0x0000007fa8caf000] [id=3045]
  0x0000007fa4061800 ConcurrentGCThread "G1 Conc#0" [stack: 0x0000007fa88ad000,0x0000007fa8aad000] [id=3046]
  0x0000007fa40d8000 ConcurrentGCThread "G1 Refine#0" [stack: 0x0000007fa82a7000,0x0000007fa84a7000] [id=3047]
  0x0000007fa40da000 ConcurrentGCThread "G1 Young RemSet Sampling" [stack: 0x0000007fa80a5000,0x0000007fa82a5000] [id=3048]

Threads with active compile tasks:

VM state:not at safepoint (normal execution)

VM Mutex/Monitor currently owned by a thread: None

Heap address: 0x0000000086a00000, size: 1942 MB, Compressed Oops mode: 32-bit
Narrow klass base: 0x0000000000000000, Narrow klass shift: 3
Compressed class space size: 1073741824 Address: 0x0000000100000000

Heap:
 garbage-first heap   total 124928K, used 46920K [0x0000000086a00000, 0x0000000100000000)
  region size 1024K, 47 young (48128K), 2 survivors (2048K)
 Metaspace       used 13997K, capacity 14219K, committed 14464K, reserved 1062912K
  class space    used 1241K, capacity 1336K, committed 1408K, reserved 1048576K
Heap Regions: E=young(eden), S=young(survivor), O=old, HS=humongous(starts), HC=humongous(continues), CS=collection set, F=free, A=archive, TAMS=top-at-mark-start (previous, next)
|   0|0x0000000086a00000, 0x0000000086a00000, 0x0000000086b00000|  0%| F|  |TAMS 0x0000000086a00000, 0x0000000086a00000| Untracked 
|   1|0x0000000086b00000, 0x0000000086b00000, 0x0000000086c00000|  0%| F|  |TAMS 0x0000000086b00000, 0x0000000086b00000| Untracked 
|   2|0x0000000086c00000, 0x0000000086c00000, 0x0000000086d00000|  0%| F|  |TAMS 0x0000000086c00000, 0x0000000086c00000| Untracked 
|   3|0x0000000086d00000, 0x0000000086d00000, 0x0000000086e00000|  0%| F|  |TAMS 0x0000000086d00000, 0x0000000086d00000| Untracked 
|   4|0x0000000086e00000, 0x0000000086e00000, 0x0000000086f00000|  0%| F|  |TAMS 0x0000000086e00000, 0x0000000086e00000| Untracked 
|   5|0x0000000086f00000, 0x0000000086f00000, 0x0000000087000000|  0%| F|  |TAMS 0x0000000086f00000, 0x0000000086f00000| Untracked 
|   6|0x0000000087000000, 0x0000000087000000, 0x0000000087100000|  0%| F|  |TAMS 0x0000000087000000, 0x0000000087000000| Untracked 
|   7|0x0000000087100000, 0x0000000087100000, 0x0000000087200000|  0%| F|  |TAMS 0x0000000087100000, 0x0000000087100000| Untracked 
|   8|0x0000000087200000, 0x0000000087200000, 0x0000000087300000|  0%| F|  |TAMS 0x0000000087200000, 0x0000000087200000| Untracked 
|   9|0x0000000087300000, 0x0000000087300000, 0x0000000087400000|  0%| F|  |TAMS 0x0000000087300000, 0x0000000087300000| Untracked 
|  10|0x0000000087400000, 0x0000000087400000, 0x0000000087500000|  0%| F|  |TAMS 0x0000000087400000, 0x0000000087400000| Untracked 
|  11|0x0000000087500000, 0x0000000087500000, 0x0000000087600000|  0%| F|  |TAMS 0x0000000087500000, 0x0000000087500000| Untracked 
|  12|0x0000000087600000, 0x0000000087600000, 0x0000000087700000|  0%| F|  |TAMS 0x0000000087600000, 0x0000000087600000| Untracked 
|  13|0x0000000087700000, 0x0000000087700000, 0x0000000087800000|  0%| F|  |TAMS 0x0000000087700000, 0x0000000087700000| Untracked 
|  14|0x0000000087800000, 0x0000000087800000, 0x0000000087900000|  0%| F|  |TAMS 0x0000000087800000, 0x0000000087800000| Untracked 
|  15|0x0000000087900000, 0x0000000087900000, 0x0000000087a00000|  0%| F|  |TAMS 0x0000000087900000, 0x0000000087900000| Untracked 
|  16|0x0000000087a00000, 0x0000000087a00000, 0x0000000087b00000|  0%| F|  |TAMS 0x0000000087a00000, 0x0000000087a00000| Untracked 
|  17|0x0000000087b00000, 0x0000000087b00000, 0x0000000087c00000|  0%| F