#
# A fatal error has been detected by the Java Runtime Environment:
#
#  SIGSEGV (0xb) at pc=0x0000007ee0002150, pid=1799, tid=1801
#
# JRE version: OpenJDK Runtime Environment (11.0.16+8) (build 11.0.16+8-post-Debian-1deb11u1)
# Java VM: OpenJDK 64-Bit Server VM (11.0.16+8-post-Debian-1deb11u1, mixed mode, tiered, compressed oops, g1 gc, linux-aarch64)
# Problematic frame:
# C  0x0000007ee0002150
#
# No core dump will be written. Core dumps have been disabled. To enable core dumping, try "ulimit -c unlimited" before starting Java again
#
# If you would like to submit a bug report, please visit:
#   https://bugs.debian.org/openjdk-11
# The crash happened outside the Java Virtual Machine in native code.
# See problematic frame for where to report the bug.
#

---------------  S U M M A R Y ------------

Command Line: -Xdebug -Xnoagent -Djava.compiler=NONE -Xrunjdwp:transport=dt_socket,address=localhost:37977,server=n,suspend=y -Dfile.encoding=UTF-8 frc.pi.Camera

Host: AArch64, 4 cores, 7G, Debian GNU/Linux 11 (bullseye)
Time: Fri Mar  3 02:24:10 2023 PST elapsed time: 63.797419 seconds (0d 0h 1m 3s)

---------------  T H R E A D  ---------------

Current thread (0x0000007f7c018000):  JavaThread "main" [_thread_in_native, id=1801, stack(0x0000007f82abb000,0x0000007f82cbb000)]

Stack: [0x0000007f82abb000,0x0000007f82cbb000],  sp=0x0000007f82cb8760,  free space=2037k
Native frames: (J=compiled Java code, A=aot compiled Java code, j=interpreted, Vv=VM code, C=native code)
C  0x0000007ee0002150
J 1170 c1 frc.pi.Camera.periodic()V (387 bytes) @ 0x0000007f65017d48 [0x0000007f65017c40+0x0000000000000108]
C  0x000000008e2b63b8

Java frames: (J=compiled Java code, j=interpreted, Vv=VM code)
J 1186  org.opencv.videoio.VideoCapture.read_0(JJ)Z (0 bytes) @ 0x0000007f6c33e74c [0x0000007f6c33e6c0+0x000000000000008c]
J 1170 c1 frc.pi.Camera.periodic()V (387 bytes) @ 0x0000007f65017d48 [0x0000007f65017c40+0x0000000000000108]
j  frc.pi.Camera.main([Ljava/lang/String;)V+78
v  ~StubRoutines::call_stub

siginfo: si_signo: 11 (SIGSEGV), si_code: 2 (SEGV_ACCERR), si_addr: 0x0000007ee0002150

Register to memory mapping:

R0=0x0000007f7c7c8000
R1=0x0000007ee0002150
R2=0x0000007f7c76a4a0
R3=0x000000000000bb63
R4=0x0000007f82cb8888
R5=0x0000000000000000
R6=0x000000000000bb63
R7=0x0000007f82cb8ac0
R8=0x0000007f82cb8880
R9=0x0000000042ff0000
R10=0x0000007f82cb8ab8
R11=0x0000000000000018
R12=0x0000007f805e25e8
R13=0x0000007f82cb9350
R14=0x000000007fffffff
R15=0x0000000000000000
R16=0x0000007f13bd09e8
R17=0x0000007f139b7060
R18=0x000000008dc642e0
R19=0x0000000000000000
R20=0x0000007f82cb8930
R21=0x0000000000000001
R22=0x0000007f82cb8a58
R23=0x0000007f82cb8880
R24=0x0000000000000000
R25=0x0000007f549de000
R26=0x0000007f82cb8818
R27=0x0000007f549de978
R28=0x0000007f7c018000
R29=0x0000007f82cb9070
R30=0x0000007f5481ecdc


Registers:
R0 =0x0000007f7c7c8000 points into unknown readable memory: 0x0000007ee00037d0 | d0 37 00 e0 7e 00 00 00
R1 =0x0000007ee0002150 points into unknown readable memory: 0x0000007ee00011a0 | a0 11 00 e0 7e 00 00 00
R2 =0x0000007f7c76a4a0 points into unknown readable memory: 0x0000007f7c7c8000 | 00 80 7c 7c 7f 00 00 00
R3 =0x000000000000bb63 is an unknown value
R4 =0x0000007f82cb8888 is pointing into the stack for thread: 0x0000007f7c018000
R5 =0x0 is NULL
R6 =0x000000000000bb63 is an unknown value
R7 =0x0000007f82cb8ac0 is pointing into the stack for thread: 0x0000007f7c018000
R8 =0x0000007f82cb8880 is pointing into the stack for thread: 0x0000007f7c018000
R9 =0x0000000042ff0000 is an unknown value
R10=0x0000007f82cb8ab8 is pointing into the stack for thread: 0x0000007f7c018000
R11=0x0000000000000018 is an unknown value
R12={method} {0x0000007f805e25e8} 'periodic' '()V' in 'frc/pi/Camera'
R13=0x0000007f82cb9350 is pointing into the stack for thread: 0x0000007f7c018000
R14=0x000000007fffffff is an unknown value
R15=0x0 is NULL
R16=0x0000007f13bd09e8: <offset 0x00000000003539e8> in /usr/local/frc/lib/libopencv_core.so.406 at 0x0000007f1387d000
R17=0x0000007f139b7060: _ZN2cv3Mat7releaseEv+0x0000000000000000 in /usr/local/frc/lib/libopencv_core.so.406 at 0x0000007f1387d000
R18=0x000000008dc642e0 is an oop: java.lang.String 
{0x000000008dc642e0} - klass: 'java/lang/String'
R19=0x0 is NULL
R20=0x0000007f82cb8930 is pointing into the stack for thread: 0x0000007f7c018000
R21=0x0000000000000001 is an unknown value
R22=0x0000007f82cb8a58 is pointing into the stack for thread: 0x0000007f7c018000
R23=0x0000007f82cb8880 is pointing into the stack for thread: 0x0000007f7c018000
R24=0x0 is NULL
R25=0x0000007f549de000: <offset 0x00000000001d7000> in /usr/local/frc/lib/libopencv_imgcodecs.so.406 at 0x0000007f54807000
R26=0x0000007f82cb8818 is pointing into the stack for thread: 0x0000007f7c018000
R27=0x0000007f549de978: <offset 0x00000000001d7978> in /usr/local/frc/lib/libopencv_imgcodecs.so.406 at 0x0000007f54807000
R28=0x0000007f7c018000 is a thread
R29=0x0000007f82cb9070 is pointing into the stack for thread: 0x0000007f7c018000
R30=0x0000007f5481ecdc: <offset 0x0000000000017cdc> in /usr/local/frc/lib/libopencv_imgcodecs.so.406 at 0x0000007f54807000

Top of Stack: (sp=0x0000007f82cb8760)
0x0000007f82cb8760:   0000007f82cb8a58 0000007f82cb8b18
0x0000007f82cb8770:   0000007f82cb8990 0000000000000001
0x0000007f82cb8780:   0000007f82cb8930 0000007f82cb8920
0x0000007f82cb8790:   0000007f82cb8b18 0000007f805e7ba0
0x0000007f82cb87a0:   0000000000000000 0000007f7c018000
0x0000007f82cb87b0:   0000007f5481f7e8 0000007efc2b0d24
0x0000007f82cb87c0:   0000007f802cbd98 000000007c018000
0x0000007f82cb87d0:   0000007f802cbd98 000000017c018000
0x0000007f82cb87e0:   0000007f7c794510 0000007f7c794500
0x0000007f82cb87f0:   0000007f64815b10 0000007f00000000
0x0000007f82cb8800:   0000007f082b3d00 0000007f82cb8818
0x0000007f82cb8810:   0000000000000000 0000000000000000
0x0000007f82cb8820:   0000000000000000 0000000000000000
0x0000007f82cb8830:   0000000000000001 0000007f00000031
0x0000007f82cb8840:   0000007f082b3e00 0000000000000005
0x0000007f82cb8850:   0000007f82cb8890 0000007f132e08d0
0x0000007f82cb8860:   0000007f082aa600 0000000000000000
0x0000007f82cb8870:   0000007f82cb8890 0000007f08313810
0x0000007f82cb8880:   0000000242ff4000 0000bb6300000001
0x0000007f82cb8890:   0000007f1000d000 0000007f1000d000
0x0000007f82cb88a0:   0000007f10018b63 0000007f10018b63
0x0000007f82cb88b0:   0000000000000000 0000000000000000
0x0000007f82cb88c0:   0000007f82cb8888 0000007f82cb88d0
0x0000007f82cb88d0:   000000000000bb63 0000000000000001
0x0000007f82cb88e0:   0000007f7c7bd460 0000007f82cb8ab8
0x0000007f82cb88f0:   0000007f7c32fcf0 0000007f7c7bd550
0x0000007f82cb8900:   000001e000000280 0000007f82cb8a58
0x0000007f82cb8910:   0000007f54a31c68 0000007f7c32fcf0
0x0000007f82cb8920:   0000000000000000 0000007f00000000
0x0000007f82cb8930:   0000000242ff4000 0000bb6300000001
0x0000007f82cb8940:   0000007f1000d000 0000007f1000d000
0x0000007f82cb8950:   0000007f10018b63 0000007f10018b63 

Instructions: (pc=0x0000007ee0002150)
0x0000007ee0002050:   00 00 00 00 00 00 00 00 00 00 00 00 00 00 00 00
0x0000007ee0002060:   00 00 00 00 00 00 00 00 00 00 00 00 00 00 00 00
0x0000007ee0002070:   00 00 00 00 00 00 00 00 00 00 00 00 00 00 00 00
0x0000007ee0002080:   00 00 00 00 00 00 00 00 50 20 00 e0 7e 00 00 00
0x0000007ee0002090:   98 20 00 e0 7e 00 00 00 00 00 00 00 00 00 00 00
0x0000007ee00020a0:   00 00 00 00 00 00 00 00 00 00 00 00 00 00 00 00
0x0000007ee00020b0:   00 00 00 00 00 00 00 00 95 00 00 00 00 00 00 00
0x0000007ee00020c0:   30 1c 00 e0 7e 00 00 00 d0 08 00 28 7f 00 00 00
0x0000007ee00020d0:   68 9e 32 09 7f 00 00 00 70 1a 00 e0 7e 00 00 00
0x0000007ee00020e0:   13 00 00 00 00 00 00 00 1e 00 00 00 00 00 00 00
0x0000007ee00020f0:   00 00 00 00 00 00 00 00 08 21 00 e0 7e 00 00 00
0x0000007ee0002100:   00 00 00 00 00 00 00 00 00 00 00 00 00 00 00 00
0x0000007ee0002110:   00 00 00 00 00 00 00 00 00 00 00 00 00 00 00 00
0x0000007ee0002120:   01 00 00 00 00 00 00 00 38 21 00 e0 7e 00 00 00
0x0000007ee0002130:   00 00 00 00 00 00 00 00 00 00 00 00 00 00 00 00
0x0000007ee0002140:   00 00 00 00 00 00 00 00 11 06 00 00 00 00 00 00
0x0000007ee0002150:   a0 11 00 e0 7e 00 00 00 a0 28 00 e0 7e 00 00 00
0x0000007ee0002160:   00 00 00 00 00 00 00 00 00 00 00 00 00 00 00 00
0x0000007ee0002170:   ff ff ff ff 01 00 00 00 88 21 00 e0 7e 00 00 00
0x0000007ee0002180:   00 00 00 00 00 00 00 00 00 00 00 00 00 00 00 00
0x0000007ee0002190:   00 00 00 00 00 00 00 00 a8 21 00 e0 7e 00 00 00
0x0000007ee00021a0:   04 00 00 00 00 00 00 00 59 a6 6a 95 00 00 00 00
0x0000007ee00021b0:   00 00 00 00 00 00 00 00 00 00 ff 42 00 00 00 00
0x0000007ee00021c0:   00 00 00 00 00 00 00 00 00 00 00 00 00 00 00 00
0x0000007ee00021d0:   00 00 00 00 00 00 00 00 00 00 00 00 00 00 00 00
0x0000007ee00021e0:   00 00 00 00 00 00 00 00 00 00 00 00 00 00 00 00
0x0000007ee00021f0:   00 00 00 00 00 00 00 00 c0 21 00 e0 7e 00 00 00
0x0000007ee0002200:   08 22 00 e0 7e 00 00 00 