#
# A fatal error has been detected by the Java Runtime Environment:
#
#  SIGSEGV (0xb) at pc=0x0000007f41427e04, pid=3768, tid=3770
#
# JRE version: OpenJDK Runtime Environment (11.0.16+8) (build 11.0.16+8-post-Debian-1deb11u1)
# Java VM: OpenJDK 64-Bit Server VM (11.0.16+8-post-Debian-1deb11u1, mixed mode, tiered, compressed oops, g1 gc, linux-aarch64)
# Problematic frame:
# C  [libtbb.so.2+0x1be04]  tbb::interface7::internal::task_arena_base::internal_execute(tbb::interface7::internal::delegate_base&) const+0xb0
#
# No core dump will be written. Core dumps have been disabled. To enable core dumping, try "ulimit -c unlimited" before starting Java again
#
# If you would like to submit a bug report, please visit:
#   https://bugs.debian.org/openjdk-11
# The crash happened outside the Java Virtual Machine in native code.
# See problematic frame for where to report the bug.
#

---------------  S U M M A R Y ------------

Command Line: -Xdebug -Xnoagent -Djava.compiler=NONE -Xrunjdwp:transport=dt_socket,address=localhost:40873,server=n,suspend=y -Dfile.encoding=UTF-8 frc.pi.Camera

Host: AArch64, 4 cores, 7G, Debian GNU/Linux 11 (bullseye)
Time: Fri Mar  3 02:00:22 2023 PST elapsed time: 142.943475 seconds (0d 0h 2m 22s)

---------------  T H R E A D  ---------------

Current thread (0x0000007f8c018000):  JavaThread "main" [_thread_in_native, id=3770, stack(0x0000007f90bed000,0x0000007f90ded000)]

Stack: [0x0000007f90bed000,0x0000007f90ded000],  sp=0x0000007f90dea990,  free space=2038k
Native frames: (J=compiled Java code, A=aot compiled Java code, j=interpreted, Vv=VM code, C=native code)
C  [libtbb.so.2+0x1be04]  tbb::interface7::internal::task_arena_base::internal_execute(tbb::interface7::internal::delegate_base&) const+0xb0
C  [libopencv_core.so.406+0x1fcc64]  cv::parallel::tbb::ParallelForBackend::parallel_for(int, void (*)(int, int, void*), void*)+0x54
J 1052 c1 frc.pi.Camera.periodic()V (292 bytes) @ 0x0000007f74fe7d38 [0x0000007f74fe7ac0+0x0000000000000278]
C  0x0000007f8c018348

Java frames: (J=compiled Java code, j=interpreted, Vv=VM code)
J 1054  org.opencv.imgproc.Imgproc.cvtColor_1(JJI)V (0 bytes) @ 0x0000007f7c324350 [0x0000007f7c3242c0+0x0000000000000090]
J 1052 c1 frc.pi.Camera.periodic()V (292 bytes) @ 0x0000007f74fe7d38 [0x0000007f74fe7ac0+0x0000000000000278]
j  frc.pi.Camera.main([Ljava/lang/String;)V+78
v  ~StubRoutines::call_stub

siginfo: si_signo: 11 (SIGSEGV), si_code: 1 (SEGV_MAPERR), si_addr: 0x0000000000000070

Register to memory mapping:

R0=0x0000007f07773d80
R1=0x0000001000000000
R2=0x0000000000000000
R3=0x0000007f07773d00
R4=0x0000000000000001
R5=0x00000000000001e0
R6=0x0000000000000000
R7=0x0000000000000003
R8=0x0000007f42ee88d0
R9=0x0000007f8c0183c0
R10=0x9ca7a99ca7a99ca7
R11=0xa7a99ca7a99ca7a9
R12=0x9fa8aa9fa8a9a3a8
R13=0xa8aa9da8aa9da8aa
R14=0x9fa8aa9fa8a9a3a8
R15=0x0000000000000000
R16=0x0000007f18038ec0
R17=0x0000007f92124ab0
R18=0x0000000000000000
R19=0x0000007f0776a600
R20=0x0000007f41d5dbd0
R21=0x0000007f90deabe8
R22=0x0000007f4144a000
R23=0x0000007f07773e00
R24=0x0000007f07773d80
R25=0x0000000000000000
R26=0x0000000000000280
R27=0x0000000000000001
R28=0x0000000000000001
R29=0x0000007f90dea990
R30=0x0000007f41427df8


Registers:
R0 =0x0000007f07773d80 points into unknown readable memory: 0x0000007f07773d00 | 00 3d 77 07 7f 00 00 00
R1 =0x0000001000000000 is an unknown value
R2 =0x0 is NULL
R3 =0x0000007f07773d00 points into unknown readable memory: 0x0000007f07773c80 | 80 3c 77 07 7f 00 00 00
R4 =0x0000000000000001 is an unknown value
R5 =0x00000000000001e0 is an unknown value
R6 =0x0 is NULL
R7 =0x0000000000000003 is an unknown value
R8 =0x0000007f42ee88d0: Java_org_opencv_imgproc_Imgproc_cvtColor_11+0x0000000000000000 in /usr/local/frc/lib/libopencv_java460.so at 0x0000007f42e35000
R9 =0x0000007f8c0183c0 points into unknown readable memory: 0x0000000000000004 | 04 00 00 00 00 00 00 00
R10=0x9ca7a99ca7a99ca7 is an unknown value
R11=0xa7a99ca7a99ca7a9 is an unknown value
R12=0x9fa8aa9fa8a9a3a8 is an unknown value
R13=0xa8aa9da8aa9da8aa is an unknown value
R14=0x9fa8aa9fa8a9a3a8 is an unknown value
R15=0x0 is NULL
R16=0x0000007f18038ec0: <offset 0x000000000001fec0> in /lib/aarch64-linux-gnu/libtbbmalloc.so.2 at 0x0000007f18019000
R17=0x0000007f92124ab0: __pthread_getspecific+0x0000000000000000 in /lib/aarch64-linux-gnu/libpthread.so.0 at 0x0000007f92115000
R18=0x0 is NULL
R19=0x0000007f0776a600 points into unknown readable memory: 0x0000007f4144a3f0 | f0 a3 44 41 7f 00 00 00
R20=0x0000007f41d5dbd0: <offset 0x000000000035abd0> in /usr/local/frc/lib/libopencv_core.so.406 at 0x0000007f41a03000
R21=0x0000007f90deabe8 is pointing into the stack for thread: 0x0000007f8c018000
R22=0x0000007f4144a000: <offset 0x000000000003e000> in /lib/aarch64-linux-gnu/libtbb.so.2 at 0x0000007f4140c000
R23=0x0000007f07773e00 points into unknown readable memory: 0x0000001000000000 | 00 00 00 00 10 00 00 00
R24=0x0000007f07773d80 points into unknown readable memory: 0x0000007f07773d00 | 00 3d 77 07 7f 00 00 00
R25=0x0 is NULL
R26=0x0000000000000280 is an unknown value
R27=0x0000000000000001 is an unknown value
R28=0x0000000000000001 is an unknown value
R29=0x0000007f90dea990 is pointing into the stack for thread: 0x0000007f8c018000
R30=0x0000007f41427df8: _ZNK3tbb10interface78internal15task_arena_base16internal_executeERNS1_13delegate_baseE+0x00000000000000a4 in /lib/aarch64-linux-gnu/libtbb.so.2 at 0x0000007f4140c000

Top of Stack: (sp=0x0000007f90dea990)
0x0000007f90dea990:   0000007f90deb140 0000007f41bffc64
0x0000007f90dea9a0:   0000007f41d5dbd0 0000007f41d5d000
0x0000007f90dea9b0:   0000007f90deac58 0000007f41d5d000
0x0000007f90dea9c0:   0000007f90deacc8 0000000000000005
0x0000007f90dea9d0:   0000007f8ca00ac0 0000000000000280
0x0000007f90dea9e0:   0000007f90dead70 0000000000000001
0x0000007f90dea9f0:   0000000000000000 0000007f00000000
0x0000007f90deaa00:   0000007f41bf0650 0000000000000000
0x0000007f90deaa10:   0000007f90dec8e0 0000000000000002
0x0000007f90deaa20:   0000000000000000 0000007f42b6bd00
0x0000007f90deaa30:   0000000000000000 0000000000000000
0x0000007f90deaa40:   0000007f90deaa08 0000007f90deaa50
0x0000007f90deaa50:   0000007f8c7db410 0000000000000002
0x0000007f90deaa60:   0000007f90deb0d8 0000007f90deb008
0x0000007f90deaa70:   0000000000000000 00000000000001e0
0x0000007f90deaa80:   0000000000000003 0000000000000280
0x0000007f90deaa90:   0000000000000000 0000007f8c018000
0x0000007f90deaaa0:   0000007f42b72580 0000007f41b3d0dc
0x0000007f90deaab0:   0000007f8c7db410 0000007f42b6a9bc
0x0000007f90deaac0:   0000007f41e0f654 0000007f90deb0d8
0x0000007f90deaad0:   0000007f90deb0d8 0000007f90dead60
0x0000007f90deaae0:   00000000c058560f 000000000000000a
0x0000007f90deaaf0:   0000000000000036 0000007f69182278
0x0000007f90deab00:   0000007f42b72560 0000007f90dead28
0x0000007f90deab10:   0000007f41abd8f0 0000007f90deab88
0x0000007f90deab20:   0000007f9108a2e8 0000007f9108b5b0
0x0000007f90deab30:   0000007f8c581f90 0000000000000002
0x0000007f90deab40:   0000007f41d5fc40 0000000000000000
0x0000007f90deab50:   0000007f90deacc8 0000007f41c40d30
0x0000007f90deab60:   0000007f90deacc8 0000000000000780
0x0000007f90deab70:   0000007f41c40d1c 0000007f90dead80
0x0000007f90deab80:   0000007f90dead50 0000007f90dead80 

Instructions: (pc=0x0000007f41427e04)
0x0000007f41427d04:   5f ef ff 97 81 02 40 f9 be ff ff 17 e0 03 15 aa
0x0000007f41427d14:   33 fb ff 97 81 02 40 f9 21 10 02 91 20 fc df 88
0x0000007f41427d24:   ff 33 40 6b 41 ff ff 54 c7 ff ff 17 7d f0 ff 97
0x0000007f41427d34:   f5 03 00 aa 7b ff ff 17 45 bd ff 97 f3 03 00 aa
0x0000007f41427d44:   e0 03 18 aa e6 02 00 94 e0 03 13 aa 14 bf ff 97
0x0000007f41427d54:   ff 83 08 d1 02 01 00 f0 fd 7b 00 a9 fd 03 00 91
0x0000007f41427d64:   42 98 47 f9 f5 5b 02 a9 16 01 00 f0 f3 53 01 a9
0x0000007f41427d74:   f4 03 00 aa 40 00 40 b9 c3 ae 46 f9 f5 03 01 aa
0x0000007f41427d84:   f9 6b 04 a9 61 00 40 f9 e1 0f 01 f9 01 00 80 d2
0x0000007f41427d94:   fb 73 05 a9 b2 bd ff 97 80 1e 00 b4 13 f8 7f 92
0x0000007f41427da4:   80 02 40 f9 61 1a 40 f9 3f 00 00 eb fb 17 9f 1a
0x0000007f41427db4:   00 0c 00 54 e1 03 13 aa b1 03 00 94 f9 03 00 aa
0x0000007f41427dc4:   1f 04 00 b1 00 08 00 54 f7 63 03 a9 02 00 80 d2
0x0000007f41427dd4:   01 01 80 d2 20 00 80 d2 a5 bd ff 97 f7 03 00 aa
0x0000007f41427de4:   a3 be ff 97 02 00 80 d2 01 01 80 d2 20 00 80 d2
0x0000007f41427df4:   9f bd ff 97 82 06 40 f9 f8 03 00 aa e1 02 40 f9
0x0000007f41427e04:   42 38 40 f9 01 00 00 f9 42 00 40 f9 5f 00 01 eb
0x0000007f41427e14:   01 0c 00 54 82 02 40 f9 fc 23 02 91 e5 03 1b 2a
0x0000007f41427e24:   e3 03 19 aa e1 03 13 aa e0 03 1c aa 24 00 80 52
0x0000007f41427e34:   7b 02 00 94 a1 02 40 f9 e0 03 15 aa 21 00 40 f9
0x0000007f41427e44:   20 00 3f d6 e0 47 40 f9 e1 a3 43 39 e3 73 40 f9
0x0000007f41427e54:   02 48 40 f9 43 80 1c f8 81 07 00 34 e1 eb 42 39
0x0000007f41427e64:   e2 57 40 f9 02 1c 00 f9 01 28 01 39 e0 02 40 f9
0x0000007f41427e74:   01 03 40 f9 3f 00 00 eb 21 06 00 54 e0 03 18 aa
0x0000007f41427e84:   13 be ff 97 e0 03 17 aa 11 be ff 97 f7 63 43 a9
0x0000007f41427e94:   d6 ae 46 f9 e0 0f 41 f9 c1 02 40 f9 00 00 01 eb
0x0000007f41427ea4:   01 00 80 d2 a1 1f 00 54 fd 7b 40 a9 f3 53 41 a9
0x0000007f41427eb4:   f5 5b 42 a9 f9 6b 44 a9 fb 73 45 a9 ff 83 08 91
0x0000007f41427ec4:   c0 03 5f d6 02 01 00 f0 01 01 00 f0 e0 03 15 aa
0x0000007f41427ed4:   03 00 80 d2 42 dc 47 f9 21 94 46 f9 dc bd ff 97
0x0000007f41427ee4:   e2 03 00 aa c0 05 00 b4 83 06 40 f9 01 02 80 d2
0x0000007f41427ef4:   e0 23 02 91 53 04 40 f9 e3 47 00 f9 ac be ff 97 


Stack slot to memory mapping:
stack at sp + 0 slots: 0x0000007f90deb140 is pointing into the stack for thread: 0x0000007f8c018000
stack at sp + 1 slots: 0x0000007f41bffc64: <offset 0x00000000001fcc64> in /usr/local/frc/lib/libopencv_core.so.406 at 0x0000007f41a03000
stack at sp + 2 slots: 0x0000007f41d5dbd0: <offset 0x000000000035abd0> in /usr/local/frc/lib/libopencv_core.so.406 at 0x0000007f41a03000
stack at sp + 3 slots: 0x0000007f41d5d000: <offset 0x000000000035a000> in /usr/local/frc/lib/libopencv_core.so.406 at 0x0000007f41a03000
stack at sp + 4 slots: 0x0000007f90deac58 is pointing into the stack for thread: 0x0000007f8c018000
stack at sp + 5 slots: 0x0000007f41d5d000: <offset 0x000000000035a000> in /usr/local/frc/lib/libopencv_core.so.406 at 0x0000007f41a03000
stack at sp + 6 slots: 0x0000007f90deacc8 is pointing into the stack for thread: 0x0000007f8c018000
stack at sp + 7 slots: 0x0000000000000005 is an unknown value


---------------  P R O C E S S  ---------------

Threads class SMR info:
_java_thread_list=0x0000007f24001580, length=11, elements={
0x0000007f8c018000, 0x0000007f8c142800, 0x0000007f8c146800, 0x0000007f8c15b800,
0x0000007f8c15d800, 0x0000007f8c15f800, 0x0000007f8c161800, 0x0000007f8c163800,
0x0000007f8c1e1800, 0x0000007f8c1e5000, 0x0000007f8c1f3800
}

Java Threads: ( => current thread )
=>0x0000007f8c018000 JavaThread "main" [_thread_in_native, id=3770, stack(0x0000007f90bed000,0x0000007f90ded000)]
  0x0000007f8c142800 JavaThread "Reference Handler" daemon [_thread_blocked, id=3777, stack(0x0000007f688f8000,0x0000007f68af8000)]
  0x0000007f8c146800 JavaThread "Finalizer" daemon [_thread_blocked, id=3778, stack(0x0000007f686f8000,0x0000007f688f8000)]
  0x0000007f8c15b800 JavaThread "Signal Dispatcher" daemon [_thread_blocked, id=3779, stack(0x0000007f68211000,0x0000007f68411000)]
  0x0000007f8c15d800 JavaThread "Service Thread" daemon [_thread_blocked, id=3780, stack(0x0000007f68011000,0x0000007f68211000)]
  0x0000007f8c15f800 JavaThread "C2 CompilerThread0" daemon [_thread_blocked, id=3781, stack(0x0000007f43e00000,0x0000007f44000000)]
  0x0000007f8c161800 JavaThread "C1 CompilerThread0" daemon [_thread_blocked, id=3782, stack(0x0000007f43c00000,0x0000007f43e00000)]
  0x0000007f8c163800 JavaThread "Sweeper thread" daemon [_thread_blocked, id=3783, stack(0x0000007f43a00000,0x0000007f43c00000)]
  0x0000007f8c1e1800 JavaThread "JDWP Transport Listener: dt_socket" daemon [_thread_in_native, id=3785, stack(0x0000007f43800000,0x0000007f43a00000)]
  0x0000007f8c1e5000 JavaThread "JDWP Event Helper Thread" daemon [_thread_blocked, id=3786, stack(0x0000007f43600000,0x0000007f43800000)]
  0x0000007f8c1f3800 JavaThread "Common-Cleaner" daemon [_thread_blocked, id=3795, stack(0x0000007f42ffe000,0x0000007f431fe000)]

Other Threads:
  0x0000007f8c13a000 VMThread "VM Thread" [stack: 0x0000007f68afa000,0x0000007f68cfa000] [id=3776]
  0x0000007f8c1e7800 WatcherThread [stack: 0x0000007f43200000,0x0000007f43400000] [id=3794]
  0x0000007f8c02f000 GCTaskThread "GC Thread#0" [stack: 0x0000007f906f8000,0x0000007f908f8000] [id=3771]
  0x0000007f58001000 GCTaskThread "GC Thread#1" [stack: 0x0000007f40127000,0x0000007f40327000] [id=3796]
  0x0000007f8c05f800 ConcurrentGCThread "G1 Main Marker" [stack: 0x0000007f900b1000,0x0000007f902b1000] [id=3772]
  0x0000007f8c061800 ConcurrentGCThread "G1 Conc#0" [stack: 0x0000007f6bd85000,0x0000007f6bf85000] [id=3773]
  0x0000007f8c0d8000 ConcurrentGCThread "G1 Refine#0" [stack: 0x0000007f6977f000,0x0000007f6997f000] [id=3774]
  0x0000007f8c0da000 ConcurrentGCThread "G1 Young RemSet Sampling" [stack: 0x0000007f6957d000,0x0000007f6977d000] [id=3775]

Threads with active compile tasks:

VM state:not at safepoint (normal execution)

VM Mutex/Monitor currently owned by a thread: None

Heap address: 0x0000000086a00000, size: 1942 MB, Compressed Oops mode: 32-bit
Narrow klass base: 0x0000000000000000, Narrow klass shift: 3
Compressed class space size: 1073741824 Address: 0x0000000100000000

Heap:
 garbage-first heap   total 124928K, used 18277K [0x0000000086a00000, 0x0000000100000000)
  region size 1024K, 19 young (19456K), 2 survivors (2048K)
 Metaspace       used 13529K, capacity 13714K, committed 14080K, reserved 1062912K
  class space    used 1162K, capacity 1228K, committed 1280K, reserved 1048576K
Heap Regions: E=young(eden), S=young(survivor), O=old, HS=humongous(starts), HC=humongous(continues), CS=collection set, F=free, A=archive, TAMS=top-at-mark-start (previous, next)
|   0|0x0000000086a00000, 0x0000000086a00000, 0x0000000086b00000|  0%| F|  |TAMS 0x0000000086a00000, 0x0000000086a00000| Untracked 
|   1|0x0000000086b00000, 0x0000000086b00000, 0x0000000086c00000|  0%| F|  |TAMS 0x0000000086b00000, 0x0000000086b00000| Untracked 
|   2|0x0000000086c00000, 0x0000000086c00000, 0x0000000086d00000|  0%| F|  |TAMS 0x0000000086c00000, 0x0000000086c00000| Untracked 
|   3|0x0000000086d00000, 0x0000000086d00000, 0x0000000086e00000|  0%| F|  |TAMS 0x0000000086d00000, 0x0000000086d00000| Untracked 
|   4|0x0000000086e00000, 0x0000000086e00000, 0x0000000086f00000|  0%| F|  |TAMS 0x0000000086e00000, 0x0000000086e00000| Untracked 
|   5|0x0000000086f00000, 0x0000000086f00000, 0x0000000087000000|  0%| F|  |TAMS 0x0000000086f00000, 0x0000000086f00000| Untracked 
|   6|0x0000000087000000, 0x0000000087000000, 0x0000000087100000|  0%| F|  |TAMS 0x0000000087000000, 0x0000000087000000| Untracked 
|   7|0x0000000087100000, 0x0000000087100000, 0x0000000087200000|  0%| F|  |TAMS 0x0000000087100000, 0x0000000087100000| Untracked 
|   8|0x0000000087200000, 0x0000000087200000, 0x0000000087300000|  0%| F|  |TAMS 0x0000000087200000, 0x0000000087200000| Untracked 
|   9|0x0000000087300000, 0x0000000087300000, 0x0000000087400000|  0%| F|  |TAMS 0x0000000087300000, 0x0000000087300000| Untracked 
|  10|0x0000000087400000, 0x0000000087400000, 0x0000000087500000|  0%| F|  |TAMS 0x0000000087400000, 0x0000000087400000| Untracked 
|  11|0x0000000087500000, 0x0000000087500000, 0x0000000087600000|  0%| F|  |TAMS 0x0000000087500000, 0x0000000087500000| Untracked 
|  12|0x0000000087600000, 0x0000000087600000, 0x0000000087700000|  0%| F|  |TAMS 0x0000000087600000, 0x0000000087600000| Untracked 
|  13|0x0000000087700000, 0x0000000087700000, 0x0000000087800000|  0%| F|  |TAMS 0x0000000087700000, 0x0000000087700000| Untracked 
|  14|0x0000000087800000, 0x0000000087800000, 0x0000000087900000|  0%| F|  |TAMS 0x0000000087800000, 0x0000000087800000| Untracked 
|  15|0x0000000087900000, 0x0000000087900000, 0x0000000087a00000|  0%| F|  |TAMS 0x0000000087900000, 0x0000000087900000| Untracked 
|  16|0x0000000087a00000, 0x0000000087a00000, 0x0000000087b00000|  0%| F|  |TAMS 0x0000000087a00000, 0x0000000087a00000| Untracked 
|  17|0x0000000087b00000, 0x0000000087b00000, 0x0000000087c00000|  0%| F|  |TAMS 0x0000000087b00000, 0x0000000087b00000| Untracked 
|  18|0x0000000087c00000, 0x0000000087c00000, 0x0000000087d00000|  0%| F|  |TAMS 0x0000000087c00000, 0x0000000087c00000| Untracked 
|  19|0x0000000087d00000, 0x0000000087d00000, 0x0000000087e00000|  0%| F|  |TAMS 0x0000000087d00000, 0x0000000087d00000| Untracked 
|  20|0x0000000087e00000, 0x0000000087e00000, 0x0000000087f00000|  0%| F|  |TAMS 0x0000000087e00000, 0x0000000087e00000| Untracked 
|  21|0x0000000087f00000, 0x0000000087f00000, 0x0000000088000000|  0%| F|  |TAMS 0x0000000087f00000, 0x0000000087f00000| Untracked 
|  22|0x0000000088000000, 0x0000000088000000, 0x0000000088100000|  0%| F|  |TAMS 0x0000000088000000, 0x0000000088000000| Untracked 
|  23|0x0000000088100000, 0x0000000088100000, 0x0000000088200000|  0%| F|  |TAMS 0x0000000088100000, 0x0000000088100000| Untracked 
|  24|0x0000000088200000, 0x0000000088200000, 0x0000000088300000|  0%| F|  |TAMS 0x0000000088200000, 0x0000000088200000| Untracked 
|  25|0x0000000088300000, 0x0000000088300000, 0x0000000088400000|  0%| F|  |TAMS 0x0000000088300000, 0x0000000088300000| Untracked 
|  26|0x0000000088400000, 0x0000000088400000, 0x0000000088500000|  0%| F|  |TAMS 0x0000000088400000, 0x0000000088400000| Untracked 
|  27|0x0000000088500000, 0x0000000088500000, 0x0000000088600000|  0%| F|  |TAMS 0x0000000088500000, 0x0000000088500000| Untracked 
|  28|0x0000000088600000, 0x0000000088600000, 0x0000000088700000|  0%| F|  |TAMS 0x0000000088600000, 0x0000000088600000| Untracked 
|  29|0x0000000088700000, 0x0000000088700000, 0x0000000088800000|  0%| F|  |TAMS 0x0000000088700000, 0x0000000088700000| Untracked 
|  30|0x0000000088800000, 0x0000000088800000, 0x0000000088900000|  0%| F|  |TAMS 0x0000000088800000, 0x0000000088800000| Untracked 
|  31|0x0000000088900000, 0x0000000088900000, 0x0000000088a00000|  0%| F|  |TAMS 0x0000000088900000, 0x0000000088900000| Untracked 
|  32|0x0000000088a00000, 0x0000000088a00000, 0x0000000088b00000|  0%| F|  |TAMS 0x0000000088a00000, 0x0000000088a00000| Untracked 
|  33|0x0000000088b00000, 0x0000000088b00000, 0x0000000088c00000|  0%| F|  |TAMS 0x0000000088b00000, 0x0000000088b00000| Untracked 
|  34|0x0000000088c00000, 0x0000000088c00000, 0x0000000088d00000|  0%| F|  |TAMS 0x0000000088c00000, 0x0000000088c00000| Untracked 
|  35|0x0000000088d00000, 0x0000000088d00000, 0x0000000088e00000|  0%| F|  |TAMS 0x0000000088d00000, 0x0000000088d00000| Untracked 
|  36|0x0000000088e00000, 0x0000000088e00000, 0x0000000088f00000|  0%| F|  |TAMS 0x0000000088e00000, 0x0000000088e00000| Untracked 
|  37|0x0000000088f00000, 0x0000000088f00000, 0x0000000089000000|  0%| F|  |TAMS 0x0000000088f00000, 0x0000000088f00000| Untracked 
|  38|0x0000000089000000, 0x0000000089000000, 0x0000000089100000|  0%| F|  |TAMS 0x0000000089000000, 0x0000000089000000| Untracked 
|  39|0x0000000089100000, 0x0000000089100000, 0x0000000089200000|  0%| F|  |TAMS 0x0000000089100000, 0x0000000089100000| Untracked 
|  40|0x0000000089200000, 0x0000000089200000, 0x0000000089300000|  0%| F|  |TAMS 0x0000000089200000, 0x0000000089200000| Untracked 
|  41|0x0000000089300000, 0x0000000089300000, 0x0000000089400000|  0%| F|  |TAMS 0x0000000089300000, 0x0000000089300000| Untracked 
|  42|0x0000000089400000, 0x0000000089400000, 0x0000000089500000|  0%| F|  |TAMS 0x0000000089400000, 0x0000000089400000| Untracked 
|  43|0x0000000089500000, 0x0000000089500000, 0x0000000089600000|  0%| F|  |TAMS 0x0000000089500000, 0x0000000089500000| Untracked 
|  44|0x0000000089600000, 0x0000000089600000, 0x0000000089700000|  0%| F|  |TAMS 0x0000000089600000, 0x0000000089600000| Untracked 
|  45|0x0000000089700000, 0x0000000089700000, 0x0000000089800000|  0%| F|  |TAMS 0x0000000089700000, 0x0000000089700000| Untracked 
|  46|0x0000000089800000, 0x0000000089800000, 0x0000000089900000|  0%| F|  |TAMS 0x0000000089800000, 0x0000000089800000| Untracked 
|  47|0x0000000089900000, 0x0000000089900000, 0x0000000089a00000|  0%| F|  |TAMS 0x0000000089900000, 0x0000000089900000| Untracked 
|  48|0x0000000089a00000, 0x0000000089a00000, 0x0000000089b00000|  0%| F|  |TAMS 0x0000000089a00000, 0x0000000089a00000| Untracked 
|  49|0x0000000089b00000, 0x0000000089b00000, 0x0000000089c00000|  0%| F|  |TAMS 0x0000000089b00000, 0x0000000089b00000| Untracked 
|  50|0x0000000089c00000, 0x0000000089c00000, 0x0000000089d00000|  0%| F|  |TAMS 0x0000000089c00000, 0x0000000089c00000| Untracked 
|  51|0x0000000089d00000, 0x0000000089d00000, 0x0000000089e00000|  0%| F|  |TAMS 0x0000000089d00000, 0x0000000089d00000| Untracked 
|  52|0x0000000089e00000, 0x0000000089e00000, 0x0000000089f00000|  0%| F|  |TAMS 0x0000000089e00000, 0x0000000089e00000| Untracked 
|  53|0x0000000089f00000, 0x0000000089f00000, 0x000000008a000000|  0%| F|  |TAMS 0x0000000089f00000, 0x0000000089f00000| Untracked 
|  54|0x000000008a000000, 0x000000008a000000, 0x000000008a100000|  0%| F|  |TAMS 0x000000008a000000, 0x000000008a000000| Untracked 
|  55|0x000000008a100000, 0x000000008a100000, 0x000000008a200000|  0%| F|  |TAMS 0x000000008a100000, 0x000000008a100000| Untracked 
|  56|0x000000008a200000, 0x000000008a200000, 0x000000008a300000|  0%| F|  |TAMS 0x000000008a200000, 0x000000008a200000| Untracked 
|  57|0x000000008a300000, 0x000000008a300000, 0x000000008a400000|  0%| F|  |TAMS 0x000000008a300000, 0x000000008a300000| Untracked 
|  58|0x000000008a400000, 0x000000008a400000, 0x000000008a500000|  0%| F|  |TAMS 0x000000008a400000, 0x000000008a400000| Untracked 
|  59|0x000000008a500000, 0x000000008a500000, 0x000000008a600000|  0%| F|  |TAMS 0x000000008a500000, 0x000000008a500000| Untracked 
|  60|0x000000008a600000, 0x000000008a600000, 0x000000008a700000|  0%| F|  |TAMS 0x000000008a600000, 0x000000008a600000| Untracked 
|  61|0x000000008a700000, 0x000000008a700000, 0x000000008a800000|  0%| F|  |TAMS 0x000000008a700000, 0x000000008a700000| Untracked 
|  62|0x000000008a800000, 0x000000008a800000, 0x000000008a900000|  0%| F|  |TAMS 0x000000008a800000, 0x000000008a800000| Untracked 
|  63|0x000000008a900000, 0x000000008a900000, 0x000000008aa00000|  0%| F|  |TAMS 0x000000008a900000, 0x000000008a900000| Untracked 
|  64|0x000000008aa00000, 0x000000008aa00000, 0x000000008ab00000|  0%| F|  |TAMS 0x000000008aa00000, 0x000000008aa00000| Untracked 
|  65|0x000000008ab00000, 0x000000008ab00000, 0x000000008ac00000|  0%| F|  |TAMS 0x000000008ab00000, 0x000000008ab00000| Untracked 
|  66|0x000000008ac00000, 0x000000008ac00000, 0x000000008ad00000|  0%| F|  |TAMS 0x000000008ac00000, 0x000000008ac00000| Untracked 
|  67|0x000000008ad00000, 0x000000008ad00000, 0x000000008ae00000|  0%| F|  |TAMS 0x000000008ad00000, 0x000000008ad00000| Untracked 
|  68|0x000000008ae00000, 0x000000008ae00000, 0x000000008af00000|  0%| F|  |TAMS 0x000000008ae00000, 0x000000008ae00000| Untracked 
|  69|0x000000008af00000, 0x000000008af00000, 0x000000008b000000|  0%| F|  |TAMS 0x000000008af00000, 0x000000008af00000| Untracked 
|  70|0x000000008b000000, 0x000000008b000000, 0x000000008b100000|  0%| F|  |TAMS 0x000000008b000000, 0x000000008b000000| Untracked 
|  71|0x000000008b100000, 0x000000008b100000, 0x000000008b200000|  0%| F|  |TAMS 0x000000008b100000, 0x000000008b100000| Untracked 
|  72|0x000000008b200000, 0x000000008b200000, 0x000000008b300000|  0%| F|  |TAMS 0x000000008b200000, 0x000000008b200000| Untracked 
|  73|0x000000008b300000, 0x000000008b300000, 0x000000008b400000|  0%| F|  |TAMS 0x000000008b300000, 0x000000008b300000| Untracked 
|  74|0x000000008b400000, 0x000000008b400000, 0x000000008b500000|  0%| F|  |TAMS 0x000000008b400000, 0x000000008b400000| Untracked 
|  75|0x000000008b500000, 0x000000008b500000, 0x000000008b600000|  0%| F|  |TAMS 0x000000008b500000, 0x000000008b500000| Untracked 
|  76|0x000000008b600000, 0x000000008b600000, 0x000000008b700000|  0%| F|  |TAMS 0x000000008b600000, 0x000000008b600000| Untracked 
|  77|0x000000008b700000, 0x000000008b700000, 0x000000008b800000|  0%| F|  |TAMS 0x000000008b700000, 0x000000008b700000| Untracked 
|  78|0x000000008b800000, 0x000000008b800000, 0x000000008b900000|  0%| F|  |TAMS 0x000000008b800000, 0x000000008b800000| Untracked 
|  79|0x000000008b900000, 0x000000008b900000, 0x000000008ba00000|  0%| F|  |TAMS 0x000000008b900000, 0x000000008b900000| Untracked 
|  80|0x000000008ba00000, 0x000000008ba00000, 0x000000008bb00000|  0%| F|  |TAMS 0x000000008ba00000, 0x000000008ba00000| Untracked 
|  81|0x000000008bb00000, 0x000000008bb00000, 0x000000008bc00000|  0%| F|  |TAMS 0x000000008bb00000, 0x000000008bb00000| Untracked 
|  82|0x000000008bc00000, 0x000000008bc00000, 0x000000008bd00000|  0%| F|  |TAMS 0x000000008bc00000, 0x000000008bc00000| Untracked 
|  83|0x000000008bd00000, 0x000000008bd00000, 0x000000008be00000|  0%| F|  |TAMS 0x000000008bd00000, 0x000000008bd00000| Untracked 
|  84|0x000000008be00000, 0x000000008be00000, 0x000000008bf00000|  0%| F|  |TAMS 0x000000008be00000, 0x000000008be00000| Untracked 
|  85|0x000000008bf00000, 0x000000008bf00000, 0x000000008c000000|  0%| F|  |TAMS 0x000000008bf00000, 0x000000008bf00000| Untracked 
|  86|0x000000008c000000, 0x000000008c000000, 0x000000008c100000|  0%| F|  |TAMS 0x000000008c000000, 0x000000008c000000| Untracked 
|  87|0x000000008c100000, 0x000000008c100000, 0x000000008c200000|  0%| F|  |TAMS 0x000000008c100000, 0x000000008c100000| Untracked 
|  88|0x000000008c200000, 0x000000008c200000, 0x000000008c300000|  0%| F|  |TAMS 0x000000008c200000, 0x000000008c200000| Untracked 
|  89|0x000000008c300000, 0x000000008c300000, 0x000000008c400000|  0%| F|  |TAMS 0x000000008c300000, 0x000000008c300000| Untracked 
|  90|0x000000008c400000, 0x000000008c400000, 0x000000008c500000|  0%| F|  |TAMS 0x000000008c400000, 0x000000008c400000| Untracked 
|  91|0x000000008c500000, 0x000000008c500000, 0x000000008c600000|  0%| F|  |TAMS 0x000000008c500000, 0x000000008c500000| Untracked 
|  92|0x000000008c600000, 0x000000008c600000, 0x000000008c700000|  0%| F|  |TAMS 0x000000008c600000, 0x000000008c600000| Untracked 
|  93|0x000000008c700000, 0x000000008c700000, 0x000000008c800000|  0%| F|  |TAMS 0x000000008c700000, 0x000000008c700000| Untracked 
|  94|0x000000008c800000, 0x000000008c800000, 0x000000008c900000|  0%| F|  |TAMS 0x000000008c800000, 0x000000008c800000| Untracked 
|  95|0x000000008c900000, 0x000000008c900000, 0x000000008ca00000|  0%| F|  |TAMS 0x000000008c900000, 0x000000008c900000| Untracked 
|  96|0x000000008ca00000, 0x000000008ca00000, 0x000000008cb00000|  0%| F|  |TAMS 0x000000008ca00000, 0x000000008ca00000| Untracked 
|  97|0x000000008cb00000, 0x000000008cb00000, 0x000000008cc00000|  0%| F|  |TAMS 0x000000008cb00000, 0x000000008cb00000| Untracked 
|  98|0x000000008cc00000, 0x000000008cc00000, 0x000000008cd00000|  0%| F|  |TAMS 0x000000008cc00000, 0x000000008cc00000| Untracked 
|  99|0x000000008cd00000, 0x000000008cd00000, 0x000000008ce00000|  0%| F|  |TAMS 0x000000008cd00000, 0x000000008cd00000| Untracked 
| 100|0x000000008ce00000, 0x000000008ce00000, 0x000000008cf00000|  0%| F|  |TAMS 0x000000008ce00000, 0x000000008ce00000| Untracked 
| 101|0x000000008cf00000, 0x000000008cf00000, 0x000000008d000000|  0%| F|  |TAMS 0x000000008cf00000, 0x000000008cf00000| Untracked 
| 102|0x000000008d000000, 0x000000008d000000, 0x000000008d100000|  0%| F|  |TAMS 0x000000008d000000, 0x000000008d000000| Untracked 
| 103|0x000000008d100000, 0x000000008d180800, 0x000000008d200000| 50%| E|  |TAMS 0x000000008d100000, 0x000000008d100000| Complete 
| 104|0x000000008d200000, 0x000000008d300000, 0x000000008d300000|100%| E|CS|TAMS 0x000000008d200000, 0x000000008d200000| Complete 
| 105|0x000000008d300000, 0x000000008d400000, 0x000000008d400000|100%| E|CS|TAMS 0x000000008d300000, 0x000000008d300000| Complete 
| 106|0x000000008d400000, 0x000000008d4d9468, 0x000000008d500000| 84%| S|CS|TAMS 0x000000008d400000, 0x000000008d400000| Complete 
| 107|0x000000008d500000, 0x000000008d600000, 0x000000008d600000|100%| S|CS|TAMS 0x000000008d500000, 0x000000008d500000| Complete 
| 108|0x000000008d600000, 0x000000008d700000, 0x000000008d700000|100%| E|CS|TAMS 0x000000008d600000, 0x000000008d600000| Complete 
| 109|0x000000008d700000, 0x000000008d800000, 0x000000008d800000|100%| E|CS|TAMS 0x000000008d700000, 0x000000008d700000| Complete 
| 110|0x000000008d800000, 0x000000008d900000, 0x000000008d900000|100%| E|CS|TAMS 0x000000008d800000, 0x000000008d800000| Complete 
| 111|0x000000008d900000, 0x000000008da00000, 0x000000008da00000|100%| E|CS|TAMS 0x000000008d900000, 0x000000008d900000| Complete 
| 112|0x000000008da00000, 0x000000008db00000, 0x000000008db00000|100%| E|CS|TAMS 0x000000008da00000, 0x000000008da00000| Complete 
| 113|0x000000008db00000, 0x000000008dc00000, 0x000000008dc00000|100%| E|CS|TAMS 0x000000008db00000, 0x000000008db00000| Complete 
| 114|0x000000008dc00000, 0x000000008dd00000, 0x000000008dd00000|100%| E|CS|TAMS 0x000000008dc00000, 0x000000008dc00000| Complete 
| 115|0x000000008dd00000, 0x000000008de00000, 0x000000008de00000|100%| E|CS|TAMS 0x000000008dd00000, 0x000000008dd00000| Complete 
| 116|0x000000008de00000, 0x000000008df00000, 0x000000008df00000|100%| E|CS|TAMS 0x000000008de00000, 0x000000008de00000| Complete 
| 117|0x000000008df00000, 0x000000008e000000, 0x000000008e000000|100%| E|CS|TAMS 0x000000008df00000, 0x000000008df00000| Complete 
| 118|0x000000008e000000, 0x000000008e100000, 0x000000008e100000|100%| E|CS|TAMS 0x000000008e000000, 0x000000008e000000| Complete 
| 119|0x000000008e100000, 0x000000008e200000, 0x000000008e200000|100%| E|CS|TAMS 0x000000008e100000, 0x000000008e100000| Complete 
| 120|0x000000008e200000, 0x000000008e300000, 0x000000008e300000|100%| E|CS|TAMS 0x000000008e200000, 0x000000008e200000| Complete 
| 121|0x000000008e300000, 0x000000008e400000, 0x000000008e400000|100%| E|CS|TAMS 0x000000008e300000, 0x000000008e300000| Complete 

Card table byte_map: [0x0000007f7407b000,0x0000007f74446000] _byte_map_base: 0x0000007f73c46000

Marking Bits (Prev, Next): (CMBitMap*) 0x0000007f8c0574d8, (CMBitMap*) 0x0000007f8c057510
 Prev Bits: [0x0000007f6dddd000, 0x0000007f6fc35000)
 Next Bits: [0x0000007f6bf85000, 0x0000007f6dddd000)

Polling page: 0x0000007f92350000

Metaspace:

Usage:
  Non-class:     12.19 MB capacity,    12.08 MB (>99%) used,   103.54 KB ( <1%) free+waste,    15.19 KB ( <1%) overhead. 
      Class:      1.20 MB capacity,     1.13 MB ( 95%) used,    60.22 KB (  5%) free+waste,     5.75 KB ( <1%) overhead. 
       Both:     13.39 MB capacity,    13.21 MB ( 99%) used,   163.76 KB (  1%) free+waste,    20.94 KB ( <1%) overhead. 

Virtual space:
  Non-class space:       14.00 MB reserved,      12.50 MB ( 89%) committed 
      Class space:        1.00 GB reserved,       1.25 MB ( <1%) committed 
             Both:        1.01 GB reserved,      13.75 MB (  1%) committed 

Chunk freelists:
   Non-Class:  118.00 KB
       Class:  20.00 KB
        Both:  138.00 KB

MaxMetaspaceSize: unlimited
CompressedClassSpaceSize: 1.00 GB
Initial GC threshold: 20.80 MB
Current GC threshold: 20.80 MB
CDS: off

CodeHeap 'non-profiled nmethods': size=120032Kb used=506Kb max_used=506Kb free=119525Kb
 bounds [0x0000007f7c2d9000, 0x0000007f7c549000, 0x0000007f83811000]
CodeHeap 'profiled nmethods': size=120032Kb used=2651Kb max_used=2651Kb free=117380Kb
 bounds [0x0000007f74da1000, 0x0000007f75041000, 0x0000007f7c2d9000]
CodeHeap 'non-nmethods': size=5696Kb used=1406Kb max_used=1476Kb free=4289Kb
 bounds [0x0000007f74811000, 0x0000007f74a81000, 0x0000007f74da1000]
 total_blobs=1912 nmethods=1187 adapters=650
 compilation: enabled
              stopped_count=0, restarted_count=0
 full_count=0

Compilation events (20 events):
Event: 112.770 Thread 0x0000007f8c15f800 1178       4       java.util.regex.Pattern$BmpCharPropertyGreedy::match (89 bytes)
Event: 112.807 Thread 0x0000007f8c15f800 nmethod 1178 0x0000007f7c344810 code [0x0000007f7c344bc0, 0x0000007f7c345e00]
Event: 113.707 Thread 0x0000007f8c15f800 1179       4       java.util.Formatter$FormatSpecifier::<init> (259 bytes)
Event: 113.791 Thread 0x0000007f8c15f800 nmethod 1179 0x0000007f7c346f10 code [0x0000007f7c3473c0, 0x0000007f7c348cf0]
Event: 113.791 Thread 0x0000007f8c15f800 1180       4       java.util.Formatter$FormatSpecifier::print (238 bytes)
Event: 113.880 Thread 0x0000007f8c15f800 nmethod 1180 0x0000007f7c34a090 code [0x0000007f7c34a5c0, 0x0000007f7c34c4e0]
Event: 115.652 Thread 0x0000007f8c15f800 1181       4       java.nio.ByteBuffer::position (8 bytes)
Event: 115.654 Thread 0x0000007f8c15f800 nmethod 1181 0x0000007f7c34db90 code [0x0000007f7c34dd40, 0x0000007f7c34de50]
Event: 117.938 Thread 0x0000007f8c15f800 1182       4       org.opencv.imgproc.Imgproc::line (50 bytes)
Event: 117.941 Thread 0x0000007f8c15f800 nmethod 1182 0x0000007f7c34df10 code [0x0000007f7c34e100, 0x0000007f7c34e330]
Event: 117.941 Thread 0x0000007f8c15f800 1183       4       org.opencv.imgproc.Imgproc::putText (50 bytes)
Event: 117.945 Thread 0x0000007f8c15f800 nmethod 1183 0x0000007f7c34e590 code [0x0000007f7c34e780, 0x0000007f7c34e960]
Event: 128.910 Thread 0x0000007f8c15f800 1184  s    4       java.io.BufferedOutputStream::flush (12 bytes)
Event: 128.915 Thread 0x0000007f8c15f800 nmethod 1184 0x0000007f7c34eb90 code [0x0000007f7c34ed80, 0x0000007f7c34f1f0]
Event: 129.247 Thread 0x0000007f8c15f800 1185 %     4       java.util.Arrays::fill @ 10 (28 bytes)
Event: 129.252 Thread 0x0000007f8c15f800 nmethod 1185% 0x0000007f7c34f410 code [0x0000007f7c34f5c0, 0x0000007f7c34f7d0]
Event: 130.726 Thread 0x0000007f8c15f800 1186   !   4       java.util.Formatter::format (280 bytes)
Event: 131.170 Thread 0x0000007f8c15f800 nmethod 1186 0x0000007f7c34f910 code [0x0000007f7c350040, 0x0000007f7c354ef0]
Event: 136.635 Thread 0x0000007f8c15f800 1187       4       java.nio.Buffer::limit (65 bytes)
Event: 136.636 Thread 0x0000007f8c15f800 nmethod 1187 0x0000007f7c357810 code [0x0000007f7c3579c0, 0x0000007f7c357ae0]

GC Heap History (2 events):
Event: 2.138 GC heap before
{Heap before GC invocations=0 (full 0):
 garbage-first heap   total 124928K, used 14336K [0x0000000086a00000, 0x0000000100000000)
  region size 1024K, 14 young (14336K), 0 survivors (0K)
 Metaspace       used 10161K, capacity 10282K, committed 10624K, reserved 1058816K
  class space    used 866K, capacity 893K, committed 896K, reserved 1048576K
}
Event: 2.146 GC heap after
{Heap after GC invocations=1 (full 0):
 garbage-first heap   total 124928K, used 1893K [0x0000000086a00000, 0x0000000100000000)
  region size 1024K, 2 young (2048K), 2 survivors (2048K)
 Metaspace       used 10161K, capacity 10282K, committed 10624K, reserved 1058816K
  class space    used 866K, capacity 893K, committed 896K, reserved 1048576K
}

Deoptimization events (20 events):
Event: 1.542 Thread 0x0000007f8c018000 DEOPT PACKING pc=0x0000007f74ddfdc4 sp=0x0000007f90de8a30
Event: 1.542 Thread 0x0000007f8c018000 DEOPT UNPACKING pc=0x0000007f7484627c sp=0x0000007f90de87c0 mode 0
Event: 1.563 Thread 0x0000007f8c018000 DEOPT PACKING pc=0x0000007f74dce5dc sp=0x0000007f90de91c0
Event: 1.563 Thread 0x0000007f8c018000 DEOPT UNPACKING pc=0x0000007f7484627c sp=0x0000007f90de8f60 mode 0
Event: 1.813 Thread 0x0000007f8c018000 Uncommon trap: trap_request=0xffffff4d fr.pc=0x0000007f7c2da040 relative=0x0000000000000080
Event: 1.813 Thread 0x0000007f8c018000 Uncommon trap: reason=unstable_if action=reinterpret pc=0x0000007f7c2da040 method=java.lang.String.isLatin1()Z @ 10 c2
Event: 1.813 Thread 0x0000007f8c018000 DEOPT PACKING pc=0x0000007f7c2da040 sp=0x0000007f90de9de0
Event: 1.813 Thread 0x0000007f8c018000 DEOPT UNPACKING pc=0x0000007f74845d9c sp=0x0000007f90de9d30 mode 2
Event: 2.279 Thread 0x0000007f8c018000 Uncommon trap: trap_request=0xffffff4d fr.pc=0x0000007f7c2f4aac relative=0x00000000000001ac
Event: 2.279 Thread 0x0000007f8c018000 Uncommon trap: reason=unstable_if action=reinterpret pc=0x0000007f7c2f4aac method=java.lang.String.startsWith(Ljava/lang/String;I)Z @ 1 c2
Event: 2.279 Thread 0x0000007f8c018000 DEOPT PACKING pc=0x0000007f7c2f4aac sp=0x0000007f90dea9c0
Event: 2.279 Thread 0x0000007f8c018000 DEOPT UNPACKING pc=0x0000007f74845d9c sp=0x0000007f90dea940 mode 2
Event: 2.385 Thread 0x0000007f8c018000 DEOPT PACKING pc=0x0000007f74e14e38 sp=0x0000007f90de9fd0
Event: 2.385 Thread 0x0000007f8c018000 DEOPT UNPACKING pc=0x0000007f7484627c sp=0x0000007f90de9e30 mode 0
Event: 2.419 Thread 0x0000007f8c018000 DEOPT PACKING pc=0x0000007f74de72f8 sp=0x0000007f90deabf0
Event: 2.419 Thread 0x0000007f8c018000 DEOPT UNPACKING pc=0x0000007f7484627c sp=0x0000007f90dea9f0 mode 0
Event: 14.900 Thread 0x0000007f8c018000 Uncommon trap: trap_request=0xffffff4d fr.pc=0x0000007f7c305860 relative=0x0000000000000060
Event: 14.900 Thread 0x0000007f8c018000 Uncommon trap: reason=unstable_if action=reinterpret pc=0x0000007f7c305860 method=sun.net.www.ParseUtil.firstEncodeIndex(Ljava/lang/String;)I @ 51 c2
Event: 14.900 Thread 0x0000007f8c018000 DEOPT PACKING pc=0x0000007f7c305860 sp=0x0000007f90de9840
Event: 14.900 Thread 0x0000007f8c018000 DEOPT UNPACKING pc=0x0000007f74845d9c sp=0x0000007f90de97c0 mode 2

Classes redefined (0 events):
No events

Internal exceptions (4 events):
Event: 8.619 Thread 0x0000007f8c018000 Exception <a 'java/lang/NoSuchMethodError'{0x000000008dedee50}: 'java.lang.Object java.lang.invoke.DirectMethodHandle$Holder.invokeStatic(java.lang.Object, java.lang.Object, java.lang.Object, java.lang.Object, java.lang.Object, java.lang.Object, java.lang.Object, java.lang.Object, java.lang.Object, java.lang.Object, java.lang.Object, int)'> (0x000000008dedee50) thrown at [./src/hotspot/share/interpreter/linkResolver.cpp, line 772]
Event: 8.628 Thread 0x0000007f8c018000 Exception <a 'java/lang/NoSuchMethodError'{0x000000008defd410}: 'java.lang.Object java.lang.invoke.DirectMethodHandle$Holder.invokeStatic(java.lang.Object, java.lang.Object, java.lang.Object, java.lang.Object, java.lang.Object, java.lang.Object, java.lang.Object, java.lang.Object, java.lang.Object, java.lang.Object, java.lang.Object, int, int)'> (0x000000008defd410) thrown at [./src/hotspot/share/interpreter/linkResolver.cpp, line 772]
Event: 8.637 Thread 0x0000007f8c018000 Exception <a 'java/lang/NoSuchMethodError'{0x000000008dd1cf10}: 'java.lang.Object java.lang.invoke.DirectMethodHandle$Holder.invokeStatic(java.lang.Object, java.lang.Object, java.lang.Object, java.lang.Object, java.lang.Object, java.lang.Object, java.lang.Object, java.lang.Object, java.lang.Object, java.lang.Object, java.lang.Object, int, int, java.lang.Object)'> (0x000000008dd1cf10) thrown at [./src/hotspot/share/interpreter/linkResolver.cpp, line 772]
Event: 8.646 Thread 0x0000007f8c018000 Exception <a 'java/lang/NoSuchMethodError'{0x000000008dd3da08}: 'java.lang.Object java.lang.invoke.DirectMethodHandle$Holder.invokeStatic(java.lang.Object, java.lang.Object, java.lang.Object, java.lang.Object, java.lang.Object, java.lang.Object, java.lang.Object, java.lang.Object, java.lang.Object, java.lang.Object, java.lang.Object, int, int, java.lang.Object, java.lang.Object)'> (0x000000008dd3da08) thrown at [./src/hotspot/share/interpreter/linkResolver.cpp, line 772]

Events (20 events):
Event: 14.915 loading class jdk/internal/math/FloatingDecimal done
Event: 14.915 loading class jdk/internal/math/FloatingDecimal$ExceptionalBinaryToASCIIBuffer
Event: 14.915 loading class jdk/internal/math/FloatingDecimal$BinaryToASCIIConverter
Event: 14.915 loading class jdk/internal/math/FloatingDecimal$BinaryToASCIIConverter done
Event: 14.915 loading class jdk/internal/math/FloatingDecimal$ExceptionalBinaryToASCIIBuffer done
Event: 14.915 loading class jdk/internal/math/FloatingDecimal$BinaryToASCIIBuffer
Event: 14.915 loading class jdk/internal/math/FloatingDecimal$BinaryToASCIIBuffer done
Event: 14.915 loading class jdk/internal/math/FloatingDecimal$1
Event: 14.915 loading class jdk/internal/math/FloatingDecimal$1 done
Event: 14.915 loading class jdk/internal/math/FloatingDecimal$PreparedASCIIToBinaryBuffer
Event: 14.915 loading class jdk/internal/math/FloatingDecimal$ASCIIToBinaryConverter
Event: 14.915 loading class jdk/internal/math/FloatingDecimal$ASCIIToBinaryConverter done
Event: 14.915 loading class jdk/internal/math/FloatingDecimal$PreparedASCIIToBinaryBuffer done
Event: 14.916 loading class jdk/internal/math/FDBigInteger
Event: 14.916 loading class jdk/internal/math/FDBigInteger done
Event: 14.919 loading class jdk/internal/math/FormattedFloatingDecimal$2
Event: 14.919 loading class jdk/internal/math/FormattedFloatingDecimal$2 done
Event: 14.921 loading class java/lang/StrictMath
Event: 14.921 loading class java/lang/StrictMath done
Event: 142.918 Thread 0x0000007f2c001000 Thread exited: 0x0000007f2c001000


Dynamic libraries:
86a00000-8e400000 rw-p 00000000 00:00 0 
8e400000-100000000 ---p 00000000 00:00 0 
100000000-100140000 rw-p 00000000 00:00 0 
100140000-140000000 ---p 00000000 00:00 0 
5571a00000-5571a01000 r-xp 00000000 b3:02 262168                         /usr/lib/jvm/java-11-openjdk-arm64/bin/java
5571a11000-5571a12000 r--p 00001000 b3:02 262168                         /usr/lib/jvm/java-11-openjdk-arm64/bin/java
5571a12000-5571a13000 rw-p 00002000 b3:02 262168                         /usr/lib/jvm/java-11-openjdk-arm64/bin/java
557943e000-5579476000 rw-p 00000000 00:00 0                              [heap]
7ed8000000-7ed80c1000 rw-p 00000000 00:00 0 
7ed80c1000-7edc000000 ---p 00000000 00:00 0 
7ee0000000-7ee00c8000 rw-p 00000000 00:00 0 
7ee00c8000-7ee4000000 ---p 00000000 00:00 0 
7ee8000000-7ee80c6000 rw-p 00000000 00:00 0 
7ee80c6000-7eec000000 ---p 00000000 00:00 0 
7ef0000000-7ef00e2000 rw-p 00000000 00:00 0 
7ef00e2000-7ef4000000 ---p 00000000 00:00 0 
7ef8000000-7ef8021000 rw-p 00000000 00:00 0 
7ef8021000-7efc000000 ---p 00000000 00:00 0 
7efc000000-7efc021000 rw-p 00000000 00:00 0 
7efc021000-7f00000000 ---p 00000000 00:00 0 
7f00000000-7f00021000 rw-p 00000000 00:00 0 
7f00021000-7f04000000 ---p 00000000 00:00 0 
7f04371000-7f043f1000 rw-p 00000000 00:00 0 
7f043f1000-7f04571000 ---p 00000000 00:00 0 
7f04571000-7f04572000 ---p 00000000 00:00 0 
7f04572000-7f04d72000 rw-p 00000000 00:00 0 
7f04d72000-7f04d73000 ---p 00000000 00:00 0 
7f04d73000-7f05573000 rw-p 00000000 00:00 0 
7f05573000-7f05574000 ---p 00000000 00:00 0 
7f05574000-7f05d74000 rw-p 00000000 00:00 0 
7f05d74000-7f05d75000 ---p 00000000 00:00 0 
7f05d75000-7f06575000 rw-p 00000000 00:00 0 
7f06575000-7f06576000 ---p 00000000 00:00 0 
7f06576000-7f06976000 rw-p 00000000 00:00 0 
7f06976000-7f06977000 ---p 00000000 00:00 0 
7f06977000-7f06d77000 rw-p 00000000 00:00 0 
7f06d77000-7f06d78000 ---p 00000000 00:00 0 
7f06d78000-7f077cc000 rw-p 00000000 00:00 0 
7f077cc000-7f0a2fd000 r-xp 00000000 b3:02 23410                          /usr/local/frc/lib/libwpimathd.so
7f0a2fd000-7f0a30c000 ---p 02b31000 b3:02 23410                          /usr/local/frc/lib/libwpimathd.so
7f0a30c000-7f0a3c7000 r--p 02b30000 b3:02 23410                          /usr/local/frc/lib/libwpimathd.so
7f0a3c7000-7f0a3c8000 rw-p 02beb000 b3:02 23410                          /usr/local/frc/lib/libwpimathd.so
7f0a3c8000-7f0a5e4000 r-xp 00000000 b3:02 23305                          /usr/local/frc/lib/libapriltagd.so
7f0a5e4000-7f0a5f3000 ---p 0021c000 b3:02 23305                          /usr/local/frc/lib/libapriltagd.so
7f0a5f3000-7f0a5fd000 r--p 0021b000 b3:02 23305                          /usr/local/frc/lib/libapriltagd.so
7f0a5fd000-7f0a739000 rw-p 00225000 b3:02 23305                          /usr/local/frc/lib/libapriltagd.so
7f0a739000-7f0a73a000 ---p 00000000 00:00 0 
7f0a73a000-7f0af3a000 rw-p 00000000 00:00 0 
7f0af3a000-7f0b287000 r-xp 00000000 b3:02 23363                          /usr/local/frc/lib/libopencv_imgprocd.so.4.6.0
7f0b287000-7f0b296000 ---p 0034d000 b3:02 23363                          /usr/local/frc/lib/libopencv_imgprocd.so.4.6.0
7f0b296000-7f0b2a6000 r--p 0034c000 b3:02 23363                          /usr/local/frc/lib/libopencv_imgprocd.so.4.6.0
7f0b2a6000-7f0b2ae000 rw-p 0035c000 b3:02 23363                          /usr/local/frc/lib/libopencv_imgprocd.so.4.6.0
7f0b2ae000-7f0b34d000 rw-p 00000000 00:00 0 
7f0b34d000-7f0b4da000 r-xp 00000000 b3:02 23359                          /usr/local/frc/lib/libopencv_imgcodecsd.so.4.6.0
7f0b4da000-7f0b4ea000 ---p 0018d000 b3:02 23359                          /usr/local/frc/lib/libopencv_imgcodecsd.so.4.6.0
7f0b4ea000-7f0b4f2000 r--p 0018d000 b3:02 23359                          /usr/local/frc/lib/libopencv_imgcodecsd.so.4.6.0
7f0b4f2000-7f0b4f3000 rw-p 00195000 b3:02 23359                          /usr/local/frc/lib/libopencv_imgcodecsd.so.4.6.0
7f0b4f3000-7f0b4f5000 rw-p 00000000 00:00 0 
7f0b4f5000-7f0b818000 r-xp 00000000 b3:02 23416                          /usr/local/frc/lib/libwpinetd.so
7f0b818000-7f0b827000 ---p 00323000 b3:02 23416                          /usr/local/frc/lib/libwpinetd.so
7f0b827000-7f0b83b000 r--p 00322000 b3:02 23416                          /usr/local/frc/lib/libwpinetd.so
7f0b83b000-7f0b83c000 rw-p 00336000 b3:02 23416                          /usr/local/frc/lib/libwpinetd.so
7f0b83c000-7f0b83f000 rw-p 00000000 00:00 0 
7f0b83f000-7f0ba6c000 r-xp 00000000 b3:02 23422                          /usr/local/frc/lib/libwpiutild.so
7f0ba6c000-7f0ba7b000 ---p 0022d000 b3:02 23422                          /usr/local/frc/lib/libwpiutild.so
7f0ba7b000-7f0ba89000 r--p 0022c000 b3:02 23422                          /usr/local/frc/lib/libwpiutild.so
7f0ba89000-7f0ba8a000 rw-p 0023a000 b3:02 23422                          /usr/local/frc/lib/libwpiutild.so
7f0ba8a000-7f0ba8c000 rw-p 00000000 00:00 0 
7f0ba8c000-7f0bd80000 r-xp 00000000 b3:02 23335                          /usr/local/frc/lib/libopencv_cored.so.4.6.0
7f0bd80000-7f0bd8f000 ---p 002f4000 b3:02 23335                          /usr/local/frc/lib/libopencv_cored.so.4.6.0
7f0bd8f000-7f0bd9d000 r--p 002f3000 b3:02 23335                          /usr/local/frc/lib/libopencv_cored.so.4.6.0
7f0bd9d000-7f0bda0000 rw-p 00301000 b3:02 23335                          /usr/local/frc/lib/libopencv_cored.so.4.6.0
7f0bda0000-7f0bda6000 rw-p 00000000 00:00 0 
7f0bda6000-7f0bfe0000 r-xp 00000000 b3:02 23315                          /usr/local/frc/lib/libcscored.so
7f0bfe0000-7f0bff0000 ---p 0023a000 b3:02 23315                          /usr/local/frc/lib/libcscored.so
7f0bff0000-7f0bfff000 r--p 0023a000 b3:02 23315                          /usr/local/frc/lib/libcscored.so
7f0bfff000-7f0c000000 rw-p 00249000 b3:02 23315                          /usr/local/frc/lib/libcscored.so
7f0c000000-7f0c021000 rw-p 00000000 00:00 0 
7f0c021000-7f10000000 ---p 00000000 00:00 0 
7f10000000-7f10021000 rw-p 00000000 00:00 0 
7f10021000-7f14000000 ---p 00000000 00:00 0 
7f14000000-7f1402f000 rw-p 00000000 00:00 0 
7f1402f000-7f18000000 ---p 00000000 00:00 0 
7f18019000-7f18029000 r-xp 00000000 b3:02 8529                           /usr/lib/aarch64-linux-gnu/libtbbmalloc.so.2
7f18029000-7f18038000 ---p 00010000 b3:02 8529                           /usr/lib/aarch64-linux-gnu/libtbbmalloc.so.2
7f18038000-7f18039000 r--p 0000f000 b3:02 8529                           /usr/lib/aarch64-linux-gnu/libtbbmalloc.so.2
7f18039000-7f1803a000 rw-p 00010000 b3:02 8529                           /usr/lib/aarch64-linux-gnu/libtbbmalloc.so.2
7f1803a000-7f18059000 rw-p 00000000 00:00 0 
7f18059000-7f18071000 r-xp 00000000 b3:02 23307                          /usr/local/frc/lib/libapriltagjni.so
7f18071000-7f18081000 ---p 00018000 b3:02 23307                          /usr/local/frc/lib/libapriltagjni.so
7f18081000-7f18082000 r--p 00018000 b3:02 23307                          /usr/local/frc/lib/libapriltagjni.so
7f18082000-7f18083000 rw-p 00019000 b3:02 23307                          /usr/local/frc/lib/libapriltagjni.so
7f18083000-7f180be000 r-xp 00000000 b3:02 23317                          /usr/local/frc/lib/libcscorejni.so
7f180be000-7f180ce000 ---p 0003b000 b3:02 23317                          /usr/local/frc/lib/libcscorejni.so
7f180ce000-7f180d0000 r--p 0003b000 b3:02 23317                          /usr/local/frc/lib/libcscorejni.so
7f180d0000-7f180d1000 rw-p 0003d000 b3:02 23317                          /usr/local/frc/lib/libcscorejni.so
7f180d1000-7f18125000 r--s 00000000 00:05 470                            /dev/video0
7f18125000-7f18179000 r--s 00000000 00:05 470                            /dev/video0
7f18179000-7f181cd000 r--s 00000000 00:05 470                            /dev/video0
7f181cd000-7f18221000 r--s 00000000 00:05 470                            /dev/video0
7f18221000-7f18226000 r-xp 00000000 b3:02 8402                           /usr/lib/aarch64-linux-gnu/libnss_dns-2.31.so
7f18226000-7f18235000 ---p 00005000 b3:02 8402                           /usr/lib/aarch64-linux-gnu/libnss_dns-2.31.so
7f18235000-7f18236000 r--p 00004000 b3:02 8402                           /usr/lib/aarch64-linux-gnu/libnss_dns-2.31.so
7f18236000-7f18237000 rw-p 00005000 b3:02 8402                           /usr/lib/aarch64-linux-gnu/libnss_dns-2.31.so
7f18237000-7f1823a000 r-xp 00000000 b3:02 8407                           /usr/lib/aarch64-linux-gnu/libnss_mdns4_minimal.so.2
7f1823a000-7f18249000 ---p 00003000 b3:02 8407                           /usr/lib/aarch64-linux-gnu/libnss_mdns4_minimal.so.2
7f18249000-7f1824a000 r--p 00002000 b3:02 8407                           /usr/lib/aarch64-linux-gnu/libnss_mdns4_minimal.so.2
7f1824a000-7f1824b000 rw-p 00003000 b3:02 8407                           /usr/lib/aarch64-linux-gnu/libnss_mdns4_minimal.so.2
7f1824b000-7f1824c000 ---p 00000000 00:00 0 
7f1824c000-7f18a4c000 rw-p 00000000 00:00 0 
7f18a4c000-7f18a4d000 ---p 00000000 00:00 0 
7f18a4d000-7f1924d000 rw-p 00000000 00:00 0 
7f1924d000-7f1924e000 ---p 00000000 00:00 0 
7f1924e000-7f19a4e000 rw-p 00000000 00:00 0 
7f19a4e000-7f19a4f000 ---p 00000000 00:00 0 
7f19a4f000-7f1a24f000 rw-p 00000000 00:00 0 
7f1a24f000-7f1a250000 ---p 00000000 00:00 0 
7f1a250000-7f1aa50000 rw-p 00000000 00:00 0 
7f1aa50000-7f1aa51000 ---p 00000000 00:00 0 
7f1aa51000-7f1b251000 rw-p 00000000 00:00 0 
7f1b251000-7f1b627000 r-xp 00000000 b3:02 389603                         /home/pi/.wpilib/nativecache/linux/arm64/536b6588584aec1dd25839d465d28716/libcscorejnicvstatic.so
7f1b627000-7f1b637000 ---p 003d6000 b3:02 389603                         /home/pi/.wpilib/nativecache/linux/arm64/536b6588584aec1dd25839d465d28716/libcscorejnicvstatic.so
7f1b637000-7f1b645000 r--p 003d6000 b3:02 389603                         /home/pi/.wpilib/nativecache/linux/arm64/536b6588584aec1dd25839d465d28716/libcscorejnicvstatic.so
7f1b645000-7f1b647000 rw-p 003e4000 b3:02 389603                         /home/pi/.wpilib/nativecache/linux/arm64/536b6588584aec1dd25839d465d28716/libcscorejnicvstatic.so
7f1b647000-7f1b660000 rw-p 00000000 00:00 0 
7f1b660000-7f1b770000 r-xp 00000000 b3:02 389600                         /home/pi/.wpilib/nativecache/linux/arm64/536b6588584aec1dd25839d465d28716/libwpinet.so
7f1b770000-7f1b77f000 ---p 00110000 b3:02 389600                         /home/pi/.wpilib/nativecache/linux/arm64/536b6588584aec1dd25839d465d28716/libwpinet.so
7f1b77f000-7f1b784000 r--p 0010f000 b3:02 389600                         /home/pi/.wpilib/nativecache/linux/arm64/536b6588584aec1dd25839d465d28716/libwpinet.so
7f1b784000-7f1b786000 rw-p 00114000 b3:02 389600                         /home/pi/.wpilib/nativecache/linux/arm64/536b6588584aec1dd25839d465d28716/libwpinet.so
7f1b786000-7f1b789000 rw-p 00000000 00:00 0 
7f1b789000-7f1b89d000 r-xp 00000000 b3:02 389597                         /home/pi/.wpilib/nativecache/linux/arm64/536b6588584aec1dd25839d465d28716/libntcore.so
7f1b89d000-7f1b8ac000 ---p 00114000 b3:02 389597                         /home/pi/.wpilib/nativecache/linux/arm64/536b6588584aec1dd25839d465d28716/libntcore.so
7f1b8ac000-7f1b8b1000 r--p 00113000 b3:02 389597                         /home/pi/.wpilib/nativecache/linux/arm64/536b6588584aec1dd25839d465d28716/libntcore.so
7f1b8b1000-7f1b8b3000 rw-p 00118000 b3:02 389597                         /home/pi/.wpilib/nativecache/linux/arm64/536b6588584aec1dd25839d465d28716/libntcore.so
7f1b8b3000-7f1b8d2000 r-xp 00000000 b3:02 389601                         /home/pi/.wpilib/nativecache/linux/arm64/536b6588584aec1dd25839d465d28716/libntcorejni.so
7f1b8d2000-7f1b8e1000 ---p 0001f000 b3:02 389601                         /home/pi/.wpilib/nativecache/linux/arm64/536b6588584aec1dd25839d465d28716/libntcorejni.so
7f1b8e1000-7f1b8e2000 r--p 0001e000 b3:02 389601                         /home/pi/.wpilib/nativecache/linux/arm64/536b6588584aec1dd25839d465d28716/libntcorejni.so
7f1b8e2000-7f1b8e3000 rw-p 0001f000 b3:02 389601                         /home/pi/.wpilib/nativecache/linux/arm64/536b6588584aec1dd25839d465d28716/libntcorejni.so
7f1b8e3000-7f1bcef000 r-xp 00000000 b3:02 389493                         /home/pi/.wpilib/nativecache/linux/arm64/536b6588584aec1dd25839d465d28716/libwpimath.so
7f1bcef000-7f1bcfe000 ---p 0040c000 b3:02 389493                         /home/pi/.wpilib/nativecache/linux/arm64/536b6588584aec1dd25839d465d28716/libwpimath.so
7f1bcfe000-7f1bd00000 r--p 0040b000 b3:02 389493                         /home/pi/.wpilib/nativecache/linux/arm64/536b6588584aec1dd25839d465d28716/libwpimath.so
7f1bd00000-7f1bd07000 rw-p 0040d000 b3:02 389493                         /home/pi/.wpilib/nativecache/linux/arm64/536b6588584aec1dd25839d465d28716/libwpimath.so
7f1bd07000-7f1bded000 r-xp 00000000 b3:02 389598                         /home/pi/.wpilib/nativecache/linux/arm64/536b6588584aec1dd25839d465d28716/libwpimathjni.so
7f1bded000-7f1bdfd000 ---p 000e6000 b3:02 389598                         /home/pi/.wpilib/nativecache/linux/arm64/536b6588584aec1dd25839d465d28716/libwpimathjni.so
7f1bdfd000-7f1bdfe000 r--p 000e6000 b3:02 389598                         /home/pi/.wpilib/nativecache/linux/arm64/536b6588584aec1dd25839d465d28716/libwpimathjni.so
7f1bdfe000-7f1be00000 rw-p 000e7000 b3:02 389598                         /home/pi/.wpilib/nativecache/linux/arm64/536b6588584aec1dd25839d465d28716/libwpimathjni.so
7f1be00000-7f1c000000 rw-p 00000000 00:00 0 
7f1c000000-7f1c021000 rw-p 00000000 00:00 0 
7f1c021000-7f20000000 ---p 00000000 00:00 0 
7f20000000-7f20021000 rw-p 00000000 00:00 0 
7f20021000-7f24000000 ---p 00000000 00:00 0 
7f24000000-7f24021000 rw-p 00000000 00:00 0 
7f24021000-7f28000000 ---p 00000000 00:00 0 
7f28000000-7f28021000 rw-p 00000000 00:00 0 
7f28021000-7f2c000000 ---p 00000000 00:00 0 
7f2c000000-7f2c021000 rw-p 00000000 00:00 0 
7f2c021000-7f30000000 ---p 00000000 00:00 0 
7f30000000-7f30021000 rw-p 00000000 00:00 0 
7f30021000-7f34000000 ---p 00000000 00:00 0 
7f34000000-7f344da000 rw-p 00000000 00:00 0 
7f344da000-7f38000000 ---p 00000000 00:00 0 
7f38000000-7f38021000 rw-p 00000000 00:00 0 
7f38021000-7f3c000000 ---p 00000000 00:00 0 
7f3c000000-7f3cf36000 rw-p 00000000 00:00 0 
7f3cf36000-7f40000000 ---p 00000000 00:00 0 
7f40008000-7f40010000 r-xp 00000000 b3:02 8099                           /usr/lib/aarch64-linux-gnu/libatomic.so.1.2.0
7f40010000-7f4001f000 ---p 00008000 b3:02 8099                           /usr/lib/aarch64-linux-gnu/libatomic.so.1.2.0
7f4001f000-7f40020000 r--p 00007000 b3:02 8099                           /usr/lib/aarch64-linux-gnu/libatomic.so.1.2.0
7f40020000-7f40021000 rw-p 00008000 b3:02 8099                           /usr/lib/aarch64-linux-gnu/libatomic.so.1.2.0
7f40021000-7f40022000 rw-p 00000000 00:00 0 
7f40022000-7f4010e000 r-xp 00000000 b3:02 389602                         /home/pi/.wpilib/nativecache/linux/arm64/536b6588584aec1dd25839d465d28716/libwpiutil.so
7f4010e000-7f4011e000 ---p 000ec000 b3:02 389602                         /home/pi/.wpilib/nativecache/linux/arm64/536b6588584aec1dd25839d465d28716/libwpiutil.so
7f4011e000-7f40120000 r--p 000ec000 b3:02 389602                         /home/pi/.wpilib/nativecache/linux/arm64/536b6588584aec1dd25839d465d28716/libwpiutil.so
7f40120000-7f40122000 rw-p 000ee000 b3:02 389602                         /home/pi/.wpilib/nativecache/linux/arm64/536b6588584aec1dd25839d465d28716/libwpiutil.so
7f40122000-7f40125000 rw-p 00000000 00:00 0 
7f40125000-7f40126000 ---p 00000000 00:00 0 
7f40126000-7f40527000 rw-p 00000000 00:00 0 
7f40527000-7f4052b000 r-xp 00000000 b3:02 8338                           /usr/lib/aarch64-linux-gnu/libkeyutils.so.1.9
7f4052b000-7f4053a000 ---p 00004000 b3:02 8338                           /usr/lib/aarch64-linux-gnu/libkeyutils.so.1.9
7f4053a000-7f4053b000 r--p 00003000 b3:02 8338                           /usr/lib/aarch64-linux-gnu/libkeyutils.so.1.9
7f4053b000-7f4053c000 rw-p 00004000 b3:02 8338                           /usr/lib/aarch64-linux-gnu/libkeyutils.so.1.9
7f4053c000-7f4055e000 r-xp 00000000 b3:02 8270                           /usr/lib/aarch64-linux-gnu/libgpg-error.so.0.29.0
7f4055e000-7f4056d000 ---p 00022000 b3:02 8270                           /usr/lib/aarch64-linux-gnu/libgpg-error.so.0.29.0
7f4056d000-7f4056e000 r--p 00021000 b3:02 8270                           /usr/lib/aarch64-linux-gnu/libgpg-error.so.0.29.0
7f4056e000-7f4056f000 rw-p 00022000 b3:02 8270                           /usr/lib/aarch64-linux-gnu/libgpg-error.so.0.29.0
7f4056f000-7f4058f000 r-xp 00000000 b3:02 8141                           /usr/lib/aarch64-linux-gnu/libbrotlicommon.so.1.0.9
7f4058f000-7f4059e000 ---p 00020000 b3:02 8141                           /usr/lib/aarch64-linux-gnu/libbrotlicommon.so.1.0.9
7f4059e000-7f4059f000 r--p 0001f000 b3:02 8141                           /usr/lib/aarch64-linux-gnu/libbrotlicommon.so.1.0.9
7f4059f000-7f405a0000 rw-p 00020000 b3:02 8141                           /usr/lib/aarch64-linux-gnu/libbrotlicommon.so.1.0.9
7f405a0000-7f405ba000 r-xp 00000000 b3:02 8494                           /usr/lib/aarch64-linux-gnu/libsasl2.so.2.0.25
7f405ba000-7f405ca000 ---p 0001a000 b3:02 8494                           /usr/lib/aarch64-linux-gnu/libsasl2.so.2.0.25
7f405ca000-7f405cb000 r--p 0001a000 b3:02 8494                           /usr/lib/aarch64-linux-gnu/libsasl2.so.2.0.25
7f405cb000-7f405cc000 rw-p 0001b000 b3:02 8494                           /usr/lib/aarch64-linux-gnu/libsasl2.so.2.0.25
7f405cc000-7f405df000 r-xp 00000000 b3:02 8483                           /usr/lib/aarch64-linux-gnu/libresolv-2.31.so
7f405df000-7f405ef000 ---p 00013000 b3:02 8483                           /usr/lib/aarch64-linux-gnu/libresolv-2.31.so
7f405ef000-7f405f0000 r--p 00013000 b3:02 8483                           /usr/lib/aarch64-linux-gnu/libresolv-2.31.so
7f405f0000-7f405f1000 rw-p 00014000 b3:02 8483                           /usr/lib/aarch64-linux-gnu/libresolv-2.31.so
7f405f1000-7f405f3000 rw-p 00000000 00:00 0 
7f405f3000-7f405ff000 r-xp 00000000 b3:02 8343                           /usr/lib/aarch64-linux-gnu/libkrb5support.so.0.1
7f405ff000-7f4060e000 ---p 0000c000 b3:02 8343                           /usr/lib/aarch64-linux-gnu/libkrb5support.so.0.1
7f4060e000-7f4060f000 r--p 0000b000 b3:02 8343                           /usr/lib/aarch64-linux-gnu/libkrb5support.so.0.1
7f4060f000-7f40610000 rw-p 0000c000 b3:02 8343                           /usr/lib/aarch64-linux-gnu/libkrb5support.so.0.1
7f40610000-7f40613000 r-xp 00000000 b3:02 8169                           /usr/lib/aarch64-linux-gnu/libcom_err.so.2.1
7f40613000-7f40622000 ---p 00003000 b3:02 8169                           /usr/lib/aarch64-linux-gnu/libcom_err.so.2.1
7f40622000-7f40623000 r--p 00002000 b3:02 8169                           /usr/lib/aarch64-linux-gnu/libcom_err.so.2.1
7f40623000-7f40624000 rw-p 00003000 b3:02 8169                           /usr/lib/aarch64-linux-gnu/libcom_err.so.2.1
7f40624000-7f4064f000 r-xp 00000000 b3:02 8337                           /usr/lib/aarch64-linux-gnu/libk5crypto.so.3.1
7f4064f000-7f4065f000 ---p 0002b000 b3:02 8337                           /usr/lib/aarch64-linux-gnu/libk5crypto.so.3.1
7f4065f000-7f40660000 r--p 0002b000 b3:02 8337                           /usr/lib/aarch64-linux-gnu/libk5crypto.so.3.1
7f40660000-7f40661000 rw-p 0002c000 b3:02 8337                           /usr/lib/aarch64-linux-gnu/libk5crypto.so.3.1
7f40661000-7f40662000 rw-p 00000000 00:00 0 
7f40662000-7f4072c000 r-xp 00000000 b3:02 8342                           /usr/lib/aarch64-linux-gnu/libkrb5.so.3.3
7f4072c000-7f4073c000 ---p 000ca000 b3:02 8342                           /usr/lib/aarch64-linux-gnu/libkrb5.so.3.3
7f4073c000-7f40748000 r--p 000ca000 b3:02 8342                           /usr/lib/aarch64-linux-gnu/libkrb5.so.3.3
7f40748000-7f4074b000 rw-p 000d6000 b3:02 8342                           /usr/lib/aarch64-linux-gnu/libkrb5.so.3.3
7f4074b000-7f4075d000 r-xp 00000000 b3:02 8527                           /usr/lib/aarch64-linux-gnu/libtasn1.so.6.6.0
7f4075d000-7f4076d000 ---p 00012000 b3:02 8527                           /usr/lib/aarch64-linux-gnu/libtasn1.so.6.6.0
7f4076d000-7f4076e000 r--p 00012000 b3:02 8527                           /usr/lib/aarch64-linux-gnu/libtasn1.so.6.6.0
7f4076e000-7f4076f000 rw-p 00013000 b3:02 8527                           /usr/lib/aarch64-linux-gnu/libtasn1.so.6.6.0
7f4076f000-7f4089a000 r-xp 00000000 b3:02 8425                           /usr/lib/aarch64-linux-gnu/libp11-kit.so.0.3.0
7f4089a000-7f408a9000 ---p 0012b000 b3:02 8425                           /usr/lib/aarch64-linux-gnu/libp11-kit.so.0.3.0
7f408a9000-7f408b4000 r--p 0012a000 b3:02 8425                           /usr/lib/aarch64-linux-gnu/libp11-kit.so.0.3.0
7f408b4000-7f408be000 rw-p 00135000 b3:02 8425                           /usr/lib/aarch64-linux-gnu/libp11-kit.so.0.3.0
7f408be000-7f40977000 r-xp 00000000 b3:02 8247                           /usr/lib/aarch64-linux-gnu/libgcrypt.so.20.2.8
7f40977000-7f40987000 ---p 000b9000 b3:02 8247                           /usr/lib/aarch64-linux-gnu/libgcrypt.so.20.2.8
7f40987000-7f40989000 r--p 000b9000 b3:02 8247                           /usr/lib/aarch64-linux-gnu/libgcrypt.so.20.2.8
7f40989000-7f4098e000 rw-p 000bb000 b3:02 8247                           /usr/lib/aarch64-linux-gnu/libgcrypt.so.20.2.8
7f4098e000-7f40a04000 r-xp 00000000 b3:02 8265                           /usr/lib/aarch64-linux-gnu/libgmp.so.10.4.1
7f40a04000-7f40a14000 ---p 00076000 b3:02 8265                           /usr/lib/aarch64-linux-gnu/libgmp.so.10.4.1
7f40a14000-7f40a15000 r--p 00076000 b3:02 8265                           /usr/lib/aarch64-linux-gnu/libgmp.so.10.4.1
7f40a15000-7f40a16000 rw-p 00077000 b3:02 8265                           /usr/lib/aarch64-linux-gnu/libgmp.so.10.4.1
7f40a16000-7f40a5d000 r-xp 00000000 b3:02 8304                           /usr/lib/aarch64-linux-gnu/libhogweed.so.6.4
7f40a5d000-7f40a6c000 ---p 00047000 b3:02 8304                           /usr/lib/aarch64-linux-gnu/libhogweed.