#
# A fatal error has been detected by the Java Runtime Environment:
#
#  SIGSEGV (0xb) at pc=0x0000007f4763fe04, pid=1346, tid=1348
#
# JRE version: OpenJDK Runtime Environment (11.0.16+8) (build 11.0.16+8-post-Debian-1deb11u1)
# Java VM: OpenJDK 64-Bit Server VM (11.0.16+8-post-Debian-1deb11u1, mixed mode, tiered, compressed oops, g1 gc, linux-aarch64)
# Problematic frame:
# C  [libtbb.so.2+0x1be04]  tbb::interface7::internal::task_arena_base::internal_execute(tbb::interface7::internal::delegate_base&) const+0xb0
#
# No core dump will be written. Core dumps have been disabled. To enable core dumping, try "ulimit -c unlimited" before starting Java again
#
# If you would like to submit a bug report, please visit:
#   https://bugs.debian.org/openjdk-11
# The crash happened outside the Java Virtual Machine in native code.
# See problematic frame for where to report the bug.
#

---------------  S U M M A R Y ------------

Command Line: -Xdebug -Xnoagent -Djava.compiler=NONE -Xrunjdwp:transport=dt_socket,address=localhost:42995,server=n,suspend=y -Dfile.encoding=UTF-8 frc.pi.Camera

Host: AArch64, 4 cores, 7G, Debian GNU/Linux 11 (bullseye)
Time: Fri Mar  3 00:28:50 2023 PST elapsed time: 577.367282 seconds (0d 0h 9m 37s)

---------------  T H R E A D  ---------------

Current thread (0x0000007fb0018000):  JavaThread "main" [_thread_in_native, id=1348, stack(0x0000007fb6e1f000,0x0000007fb701f000)]

Stack: [0x0000007fb6e1f000,0x0000007fb701f000],  sp=0x0000007fb701c9d0,  free space=2038k
Native frames: (J=compiled Java code, A=aot compiled Java code, j=interpreted, Vv=VM code, C=native code)
C  [libtbb.so.2+0x1be04]  tbb::interface7::internal::task_arena_base::internal_execute(tbb::interface7::internal::delegate_base&) const+0xb0
C  [libopencv_core.so.406+0x1fcc64]  cv::parallel::tbb::ParallelForBackend::parallel_for(int, void (*)(int, int, void*), void*)+0x54

Java frames: (J=compiled Java code, j=interpreted, Vv=VM code)
J 1021  org.opencv.imgproc.Imgproc.cvtColor_1(JJI)V (0 bytes) @ 0x0000007fa0332fd0 [0x0000007fa0332f40+0x0000000000000090]
J 1261 c2 frc.pi.Camera.periodic()V (238 bytes) @ 0x0000007fa035720c [0x0000007fa0357140+0x00000000000000cc]
j  frc.pi.Camera.main([Ljava/lang/String;)V+78
v  ~StubRoutines::call_stub

siginfo: si_signo: 11 (SIGSEGV), si_code: 1 (SEGV_MAPERR), si_addr: 0x0000000000000070

Register to memory mapping:

R0=0x0000007f31283d80
R1=0x0000001000000000
R2=0x0000000000000000
R3=0x0000007f31283d00
R4=0x0000000000000001
R5=0x00000000000001e0
R6=0x0000000000000000
R7=0x0000000000000003
R8=0x0000007f88f498d0
R9=0x0000007fb00183c0
R10=0x000000008de38288
R11=0x0000000000000001
R12=0x000000008de3d2d0
R13=0x35393a3539383438
R14=0x3734383733383432
R15=0x0000000000000000
R16=0x0000007f3c091ec0
R17=0x0000007fb8356ab0
R18=0x0000000000000000
R19=0x0000007f3127a600
R20=0x0000007f88394bd0
R21=0x0000007fb701cc28
R22=0x0000007f47662000
R23=0x0000007f31283e00
R24=0x0000007f31283d80
R25=0x0000000000000000
R26=0x0000000000000280
R27=0x0000000000000001
R28=0x0000000000000001
R29=0x0000007fb701c9d0
R30=0x0000007f4763fdf8


Registers:
R0 =0x0000007f31283d80 points into unknown readable memory: 0x0000007f31283d00 | 00 3d 28 31 7f 00 00 00
R1 =0x0000001000000000 is an unknown value
R2 =0x0 is NULL
R3 =0x0000007f31283d00 points into unknown readable memory: 0x0000007f31283c80 | 80 3c 28 31 7f 00 00 00
R4 =0x0000000000000001 is an unknown value
R5 =0x00000000000001e0 is an unknown value
R6 =0x0 is NULL
R7 =0x0000000000000003 is an unknown value
R8 =0x0000007f88f498d0: Java_org_opencv_imgproc_Imgproc_cvtColor_11+0x0000000000000000 in /usr/local/frc/lib/libopencv_java460.so at 0x0000007f88e96000
R9 =0x0000007fb00183c0 points into unknown readable memory: 0x0000000000000004 | 04 00 00 00 00 00 00 00
R10=0x000000008de38288 is an oop: org.opencv.core.Mat 
{0x000000008de38288} - klass: 'org/opencv/core/Mat'
R11=0x0000000000000001 is an unknown value
R12=0x000000008de3d2d0 is an oop: org.opencv.core.Mat 
{0x000000008de3d2d0} - klass: 'org/opencv/core/Mat'
R13=0x35393a3539383438 is an unknown value
R14=0x3734383733383432 is an unknown value
R15=0x0 is NULL
R16=0x0000007f3c091ec0: <offset 0x000000000001fec0> in /lib/aarch64-linux-gnu/libtbbmalloc.so.2 at 0x0000007f3c072000
R17=0x0000007fb8356ab0: __pthread_getspecific+0x0000000000000000 in /lib/aarch64-linux-gnu/libpthread.so.0 at 0x0000007fb8347000
R18=0x0 is NULL
R19=0x0000007f3127a600 points into unknown readable memory: 0x0000007f476623f0 | f0 23 66 47 7f 00 00 00
R20=0x0000007f88394bd0: <offset 0x000000000035abd0> in /usr/local/frc/lib/libopencv_core.so.406 at 0x0000007f8803a000
R21=0x0000007fb701cc28 is pointing into the stack for thread: 0x0000007fb0018000
R22=0x0000007f47662000: <offset 0x000000000003e000> in /lib/aarch64-linux-gnu/libtbb.so.2 at 0x0000007f47624000
R23=0x0000007f31283e00 points into unknown readable memory: 0x0000001000000000 | 00 00 00 00 10 00 00 00
R24=0x0000007f31283d80 points into unknown readable memory: 0x0000007f31283d00 | 00 3d 28 31 7f 00 00 00
R25=0x0 is NULL
R26=0x0000000000000280 is an unknown value
R27=0x0000000000000001 is an unknown value
R28=0x0000000000000001 is an unknown value
R29=0x0000007fb701c9d0 is pointing into the stack for thread: 0x0000007fb0018000
R30=0x0000007f4763fdf8: _ZNK3tbb10interface78internal15task_arena_base16internal_executeERNS1_13delegate_baseE+0x00000000000000a4 in /lib/aarch64-linux-gnu/libtbb.so.2 at 0x0000007f47624000

Top of Stack: (sp=0x0000007fb701c9d0)
0x0000007fb701c9d0:   0000007fb701d180 0000007f88236c64
0x0000007fb701c9e0:   0000007f88394bd0 0000007f88394000
0x0000007fb701c9f0:   0000007fb701cc98 0000007f88394000
0x0000007fb701ca00:   0000007fb701cd08 0000000000000005
0x0000007fb701ca10:   0000007fb0a15b40 0000000000000280
0x0000007fb701ca20:   0000007fb701cdb0 0000000000000001
0x0000007fb701ca30:   0000000000000000 0000007f00000000
0x0000007fb701ca40:   0000007f88227650 0000000000000000
0x0000007fb701ca50:   0000007fb701e8e0 0000000000000002
0x0000007fb701ca60:   0000000000000000 0000007f88d7dd00
0x0000007fb701ca70:   0000000000000000 0000000000000000
0x0000007fb701ca80:   0000007fb701ca48 0000007fb701ca90
0x0000007fb701ca90:   0000007fb07ac470 0000000000000002
0x0000007fb701caa0:   0000007fb701d118 0000007fb701d048
0x0000007fb701cab0:   0000000000000000 00000000000001e0
0x0000007fb701cac0:   0000000000000003 0000000000000280
0x0000007fb701cad0:   0000000000000000 0000007fb0018000
0x0000007fb701cae0:   0000007f88d84580 0000007f881740dc
0x0000007fb701caf0:   0000007fb07ac470 0000007f88d7c9bc
0x0000007fb701cb00:   0000007f47c89654 0000007fb701d118
0x0000007fb701cb10:   0000007fb701d118 0000007fb701cda0
0x0000007fb701cb20:   00000000c058560f 000000000000000a
0x0000007fb701cb30:   000000008d499090 0000007fb4947648
0x0000007fb701cb40:   0000007f88d84560 0000007f3deef1ec
0x0000007fb701cb50:   0000007f880f48f0 0000007fb701cbc8
0x0000007fb701cb60:   0000007fb72bc2e8 0000007fb72bd5b0
0x0000007fb701cb70:   0000007fb0ad1f10 0000000000000002
0x0000007fb701cb80:   0000007f88396c40 0000000000000000
0x0000007fb701cb90:   0000007fb701cd08 0000007f88277d30
0x0000007fb701cba0:   0000007fb701cd08 0000000000000780
0x0000007fb701cbb0:   0000007f88277d1c 0000007fb701cdc0
0x0000007fb701cbc0:   0000007fb701cd90 0000007fb701cdc0 

Instructions: (pc=0x0000007f4763fe04)
0x0000007f4763fd04:   5f ef ff 97 81 02 40 f9 be ff ff 17 e0 03 15 aa
0x0000007f4763fd14:   33 fb ff 97 81 02 40 f9 21 10 02 91 20 fc df 88
0x0000007f4763fd24:   ff 33 40 6b 41 ff ff 54 c7 ff ff 17 7d f0 ff 97
0x0000007f4763fd34:   f5 03 00 aa 7b ff ff 17 45 bd ff 97 f3 03 00 aa
0x0000007f4763fd44:   e0 03 18 aa e6 02 00 94 e0 03 13 aa 14 bf ff 97
0x0000007f4763fd54:   ff 83 08 d1 02 01 00 f0 fd 7b 00 a9 fd 03 00 91
0x0000007f4763fd64:   42 98 47 f9 f5 5b 02 a9 16 01 00 f0 f3 53 01 a9
0x0000007f4763fd74:   f4 03 00 aa 40 00 40 b9 c3 ae 46 f9 f5 03 01 aa
0x0000007f4763fd84:   f9 6b 04 a9 61 00 40 f9 e1 0f 01 f9 01 00 80 d2
0x0000007f4763fd94:   fb 73 05 a9 b2 bd ff 97 80 1e 00 b4 13 f8 7f 92
0x0000007f4763fda4:   80 02 40 f9 61 1a 40 f9 3f 00 00 eb fb 17 9f 1a
0x0000007f4763fdb4:   00 0c 00 54 e1 03 13 aa b1 03 00 94 f9 03 00 aa
0x0000007f4763fdc4:   1f 04 00 b1 00 08 00 54 f7 63 03 a9 02 00 80 d2
0x0000007f4763fdd4:   01 01 80 d2 20 00 80 d2 a5 bd ff 97 f7 03 00 aa
0x0000007f4763fde4:   a3 be ff 97 02 00 80 d2 01 01 80 d2 20 00 80 d2
0x0000007f4763fdf4:   9f bd ff 97 82 06 40 f9 f8 03 00 aa e1 02 40 f9
0x0000007f4763fe04:   42 38 40 f9 01 00 00 f9 42 00 40 f9 5f 00 01 eb
0x0000007f4763fe14:   01 0c 00 54 82 02 40 f9 fc 23 02 91 e5 03 1b 2a
0x0000007f4763fe24:   e3 03 19 aa e1 03 13 aa e0 03 1c aa 24 00 80 52
0x0000007f4763fe34:   7b 02 00 94 a1 02 40 f9 e0 03 15 aa 21 00 40 f9
0x0000007f4763fe44:   20 00 3f d6 e0 47 40 f9 e1 a3 43 39 e3 73 40 f9
0x0000007f4763fe54:   02 48 40 f9 43 80 1c f8 81 07 00 34 e1 eb 42 39
0x0000007f4763fe64:   e2 57 40 f9 02 1c 00 f9 01 28 01 39 e0 02 40 f9
0x0000007f4763fe74:   01 03 40 f9 3f 00 00 eb 21 06 00 54 e0 03 18 aa
0x0000007f4763fe84:   13 be ff 97 e0 03 17 aa 11 be ff 97 f7 63 43 a9
0x0000007f4763fe94:   d6 ae 46 f9 e0 0f 41 f9 c1 02 40 f9 00 00 01 eb
0x0000007f4763fea4:   01 00 80 d2 a1 1f 00 54 fd 7b 40 a9 f3 53 41 a9
0x0000007f4763feb4:   f5 5b 42 a9 f9 6b 44 a9 fb 73 45 a9 ff 83 08 91
0x0000007f4763fec4:   c0 03 5f d6 02 01 00 f0 01 01 00 f0 e0 03 15 aa
0x0000007f4763fed4:   03 00 80 d2 42 dc 47 f9 21 94 46 f9 dc bd ff 97
0x0000007f4763fee4:   e2 03 00 aa c0 05 00 b4 83 06 40 f9 01 02 80 d2
0x0000007f4763fef4:   e0 23 02 91 53 04 40 f9 e3 47 00 f9 ac be ff 97 


Stack slot to memory mapping:
stack at sp + 0 slots: 0x0000007fb701d180 is pointing into the stack for thread: 0x0000007fb0018000
stack at sp + 1 slots: 0x0000007f88236c64: <offset 0x00000000001fcc64> in /usr/local/frc/lib/libopencv_core.so.406 at 0x0000007f8803a000
stack at sp + 2 slots: 0x0000007f88394bd0: <offset 0x000000000035abd0> in /usr/local/frc/lib/libopencv_core.so.406 at 0x0000007f8803a000
stack at sp + 3 slots: 0x0000007f88394000: <offset 0x000000000035a000> in /usr/local/frc/lib/libopencv_core.so.406 at 0x0000007f8803a000
stack at sp + 4 slots: 0x0000007fb701cc98 is pointing into the stack for thread: 0x0000007fb0018000
stack at sp + 5 slots: 0x0000007f88394000: <offset 0x000000000035a000> in /usr/local/frc/lib/libopencv_core.so.406 at 0x0000007f8803a000
stack at sp + 6 slots: 0x0000007fb701cd08 is pointing into the stack for thread: 0x0000007fb0018000
stack at sp + 7 slots: 0x0000000000000005 is an unknown value


---------------  P R O C E S S  ---------------

Threads class SMR info:
_java_thread_list=0x0000007f540015a0, length=13, elements={
0x0000007fb0018000, 0x0000007fb0142800, 0x0000007fb0146800, 0x0000007fb015b800,
0x0000007fb015d800, 0x0000007fb015f800, 0x0000007fb0161800, 0x0000007fb0163800,
0x0000007fb01f9800, 0x0000007fb01fd000, 0x0000007fb020b800, 0x0000007fb07a5000,
0x0000007f28001000
}

Java Threads: ( => current thread )
=>0x0000007fb0018000 JavaThread "main" [_thread_in_native, id=1348, stack(0x0000007fb6e1f000,0x0000007fb701f000)]
  0x0000007fb0142800 JavaThread "Reference Handler" daemon [_thread_blocked, id=1355, stack(0x0000007fb402e000,0x0000007fb422e000)]
  0x0000007fb0146800 JavaThread "Finalizer" daemon [_thread_blocked, id=1356, stack(0x0000007f98611000,0x0000007f98811000)]
  0x0000007fb015b800 JavaThread "Signal Dispatcher" daemon [_thread_blocked, id=1357, stack(0x0000007f9812a000,0x0000007f9832a000)]
  0x0000007fb015d800 JavaThread "Service Thread" daemon [_thread_blocked, id=1358, stack(0x0000007f90150000,0x0000007f90350000)]
  0x0000007fb015f800 JavaThread "C2 CompilerThread0" daemon [_thread_blocked, id=1359, stack(0x0000007f89e00000,0x0000007f8a000000)]
  0x0000007fb0161800 JavaThread "C1 CompilerThread0" daemon [_thread_blocked, id=1360, stack(0x0000007f89c00000,0x0000007f89e00000)]
  0x0000007fb0163800 JavaThread "Sweeper thread" daemon [_thread_blocked, id=1361, stack(0x0000007f89a00000,0x0000007f89c00000)]
  0x0000007fb01f9800 JavaThread "JDWP Transport Listener: dt_socket" daemon [_thread_in_native