#
# A fatal error has been detected by the Java Runtime Environment:
#
#  SIGSEGV (0xb) at pc=0x0000007f14072590, pid=2323, tid=2325
#
# JRE version: OpenJDK Runtime Environment (11.0.16+8) (build 11.0.16+8-post-Debian-1deb11u1)
# Java VM: OpenJDK 64-Bit Server VM (11.0.16+8-post-Debian-1deb11u1, mixed mode, tiered, compressed oops, g1 gc, linux-aarch64)
# Problematic frame:
# C  0x0000007f14072590
#
# No core dump will be written. Core dumps have been disabled. To enable core dumping, try "ulimit -c unlimited" before starting Java again
#
# If you would like to submit a bug report, please visit:
#   https://bugs.debian.org/openjdk-11
# The crash happened outside the Java Virtual Machine in native code.
# See problematic frame for where to report the bug.
#

---------------  S U M M A R Y ------------

Command Line: -Xdebug -Xnoagent -Djava.compiler=NONE -Xrunjdwp:transport=dt_socket,address=localhost:42413,server=n,suspend=y -Dfile.encoding=UTF-8 frc.pi.Camera

Host: AArch64, 4 cores, 7G, Debian GNU/Linux 11 (bullseye)
Time: Fri Mar  3 00:38:02 2023 PST elapsed time: 525.777947 seconds (0d 0h 8m 45s)

---------------  T H R E A D  ---------------

Current thread (0x0000007fb4018000):  JavaThread "main" [_thread_in_native, id=2325, stack(0x0000007fb84a7000,0x0000007fb86a7000)]

Stack: [0x0000007fb84a7000,0x0000007fb86a7000],  sp=0x0000007fb86a4870,  free space=2038k
Native frames: (J=compiled Java code, A=aot compiled Java code, j=interpreted, Vv=VM code, C=native code)
C  0x0000007f14072590

Java frames: (J=compiled Java code, j=interpreted, Vv=VM code)
J 1203  org.opencv.videoio.VideoCapture.read_0(JJ)Z (0 bytes) @ 0x0000007fa4336d4c [0x0000007fa4336cc0+0x000000000000008c]
J 1294 c2 frc.pi.Camera.periodic()V (238 bytes) @ 0x0000007fa43562d0 [0x0000007fa4356280+0x0000000000000050]
j  frc.pi.Camera.main([Ljava/lang/String;)V+78
v  ~StubRoutines::call_stub

siginfo: si_signo: 11 (SIGSEGV), si_code: 2 (SEGV_ACCERR), si_addr: 0x0000007f14072590

Register to memory mapping:

R0=0x0000007fb479ac30
R1=0x0000007f14072590
R2=0x0000007fb4739480
R3=0x000000000000d7d2
R4=0x0000007fb86a4998
R5=0x0000000000000000
R6=0x000000000000d7d2
R7=0x0000007fb86a4bd0
R8=0x0000007fb86a4990
R9=0x0000000042ff0000
R10=0x0000007fb86a4bc8
R11=0x000000008df701e8
R12=0x0000007f90af2188
R13=0x0000007fb86a5350
R14=0x000000007fffffff
R15=0x0000000000000000
R16=0x0000007f716379e8
R17=0x0000007f7141e060
R18=0x0000000000000004
R19=0x0000000000000000
R20=0x0000007fb86a4a40
R21=0x0000000000000001
R22=0x0000007fb86a4b68
R23=0x0000007fb86a4990
R24=0x0000000000000000
R25=0x0000007f723f8000
R26=0x0000007fb86a4928
R27=0x0000007f723f8978
R28=0x0000007fb4018000
R29=0x0000007fb86a5180
R30=0x0000007f72238cdc


Registers:
R0 =0x0000007fb479ac30 points into unknown readable memory: 0x0000007f14073c10 | 10 3c 07 14 7f 00 00 00
R1 =0x0000007f14072590 points into unknown readable memory: 0x0000007f140715e0 | e0 15 07 14 7f 00 00 00
R2 =0x0000007fb4739480 points into unknown readable memory: 0x0000007fb479ac30 | 30 ac 79 b4 7f 00 00 00
R3 =0x000000000000d7d2 is an unknown value
R4 =0x0000007fb86a4998 is pointing into the stack for thread: 0x0000007fb4018000
R5 =0x0 is NULL
R6 =0x000000000000d7d2 is an unknown value
R7 =0x0000007fb86a4bd0 is pointing into the stack for thread: 0x0000007fb4018000
R8 =0x0000007fb86a4990 is pointing into the stack for thread: 0x0000007fb4018000
R9 =0x0000000042ff0000 is an unknown value
R10=0x0000007fb86a4bc8 is pointing into the stack for thread: 0x0000007fb4018000
R11=0x000000008df701e8 is an oop: org.opencv.videoio.VideoCapture 
{0x000000008df701e8} - klass: 'org/opencv/videoio/VideoCapture'
R12={method} {0x0000007f90af2188} 'periodic' '()V' in 'frc/pi/Camera'
R13=0x0000007fb86a5350 is pointing into the stack for thread: 0x0000007fb4018000
R14=0x000000007fffffff is an unknown value
R15=0x0 is NULL
R16=0x0000007f716379e8: <offset 0x00000000003539e8> in /usr/local/frc/lib/libopencv_core.so.406 at 0x0000007f712e4000
R17=0x0000007f7141e060: _ZN2cv3Mat7releaseEv+0x0000000000000000 in /usr/local/frc/lib/libopencv_core.so.406 at 0x0000007f712e4000
R18=0x0000000000000004 is an unknown value
R19=0x0 is NULL
R20=0x0000007fb86a4a40 is pointing into the stack for thread: 0x0000007fb4018000
R21=0x0000000000000001 is an unknown value
R22=0x0000007fb86a4b68 is pointing into the stack for thread: 0x0000007fb4018000
R23=0x0000007fb86a4990 is pointing into the stack for thread: 0x0000007fb4018000
R24=0x0 is NULL
R25=0x0000007f723f8000: <offset 0x00000000001d7000> in /usr/local/frc/lib/libopencv_imgcodecs.so.406 at 0x0000007f72221000
R26=0x0000007fb86a4928 is pointing into the stack for thread: 0x0000007fb4018000
R27=0x0000007f723f8978: <offset 0x00000000001d7978> in /usr/local/frc/lib/libopencv_imgcodecs.so.406 at 0x0000007f72221000
R28=0x0000007fb4018000 is a thread
R29=0x0000007fb86a5180 is pointing into the stack for thread: 0x0000007fb4018000
R30=0x0000007f72238cdc: <offset 0x0000000000017cdc> in /usr/local/frc/lib/libopencv_imgcodecs.so.406 at 0x0000007f72221000

Top of Stack: (sp=0x0000007fb86a4870)
0x0000007fb86a4870:   0000007fb86a4b68 0000007fb86a4c28
0x0000007fb86a4880:   0000007fb86a4aa0 0000000000000001
0x0000007fb86a4890:   0000007fb86a4a40 0000007fb86a4a30
0x0000007fb86a48a0:   0000007fb86a4c28 0000007f90af7648
0x0000007fb86a48b0:   0000000000000000 0000007fb4018000
0x0000007fb86a48c0:   0000007f722397e8 bfbde05a6d1b8663
0x0000007fb86a48d0:   0000007f7176ad74 000000008c1f6670
0x0000007fb86a48e0:   000000008c1f6658 000000008c1f6648
0x0000007fb86a48f0:   000000008c1f64e0 000000008c1f66b0
0x0000007fb86a4900:   000000008c1f6688 000000008c1f66c0
0x0000007fb86a4910:   40127e2ed29bd216 0000007fb86a4928
0x0000007fb86a4920:   0000000000000000 0000007fb903a700
0x0000007fb86a4930:   00000000000001e0 0000007fb86a4bd0
0x0000007fb86a4940:   0000000001e00000 0000000002800000
0x0000007fb86a4950:   0000007fb86a4a50 0000007f9c811144
0x0000007fb86a4960:   40127e2ed29bd216 000000008c1f6648
0x0000007fb86a4970:   000000008c1f64b8 000000008c1f6928
0x0000007fb86a4980:   0000007f7176ad74 0000000000000000
0x0000007fb86a4990:   0000000242ff4000 0000d7d200000001
0x0000007fb86a49a0:   0000007f48117000 0000007f48117000
0x0000007fb86a49b0:   0000007f481247d2 0000007f481247d2
0x0000007fb86a49c0:   0000000000000000 0000000000000000
0x0000007fb86a49d0:   0000007fb86a4998 0000007fb86a49e0
0x0000007fb86a49e0:   000000000000d7d2 0000000000000001
0x0000007fb86a49f0:   0000007fb478c4d0 0000007fb86a4bc8
0x0000007fb86a4a00:   0000007fb430d130 0000007fb478c690
0x0000007fb86a4a10:   000001e000000280 0000007fb86a4b68
0x0000007fb86a4a20:   0000007f7244bc68 0000007f3f3438c4
0x0000007fb86a4a30:   0000000000000000 0000007f00000000
0x0000007fb86a4a40:   0000000242ff4000 0000d7d200000001
0x0000007fb86a4a50:   0000007f48117000 0000007f48117000
0x0000007fb86a4a60:   0000007f481247d2 0000007f481247d2 

Instructions: (pc=0x0000007f14072590)
0x0000007f14072490:   00 00 00 00 00 00 00 00 00 00 00 00 00 00 00 00
0x0000007f140724a0:   00 00 00 00 00 00 00 00 00 00 00 00 00 00 00 00
0x0000007f140724b0:   00 00 00 00 00 00 00 00 00 00 00 00 00 00 00 00
0x0000007f140724c0:   00 00 00 00 00 00 00 00 90 24 07 14 7f 00 00 00
0x0000007f140724d0:   d8 24 07 14 7f 00 00 00 00 00 00 00 00 00 00 00
0x0000007f140724e0:   00 00 00 00 00 00 00 00 00 00 00 00 00 00 00 00
0x0000007f140724f0:   00 00 00 00 00 00 00 00 95 00 00 00 00 00 00 00
0x0000007f14072500:   70 20 07 14 7f 00 00 00 d0 08 00 54 7f 00 00 00
0x0000007f14072510:   68 ee ce 3e 7f 00 00 00 b0 1e 07 14 7f 00 00 00
0x0000007f14072520:   13 00 00 00 00 00 00 00 1e 00 00 00 00 00 00 00
0x0000007f14072530:   00 00 00 00 00 00 00 00 48 25 07 14 7f 00 00 00
0x0000007f14072540:   00 00 00 00 00 00 00 00 00 00 00 00 00 00 00 00
0x0000007f14072550:   00 00 00 00 00 00 00 00 00 00 00 00 00 00 00 00
0x0000007f14072560:   01 00 00 00 00 00 00 00 78 25 07 14 7f 00 00 00
0x0000007f14072570:   00 00 00 00 00 00 00 00 00 00 00 00 00 00 00 00
0x0000007f14072580:   00 00 00 00 00 00 00 00 11 06 00 00 00 00 00 00
0x0000007f14072590:   e0 15 07 14 7f 00 00 00 e0 2c 07 14 7f 00 00 00
0x0000007f140725a0:   00 00 00 00 00 00 00 00 00 00 00 00 00 00 00 00
0x0000007f140725b0:   ff ff ff ff 01 00 00 00 c8 25 07 14 7f 00 00 00
0x0000007f140725c0:   00 00 00 00 00 00 00 00 00 00 00 00 00 00 00 00
0x0000007f140725d0:   00 00 00 00 00 00 00 00 e8 25 07 14 7f 00 00 00
0x0000007f140725e0:   04 00 00 00 00 00 00 00 59 a6 6a 95 00 00 00 00
0x0000007f140725f0:   00 00 00 00 00 00 00 00 00 00 ff 42 00 00 00 00
0x0000007f14072600:   00 00 00 00 00 00 00 00 00 00 00 00 00 00 00 00
0x0000007f14072610:   00 00 00 00 00 00 00 00 00 00 00 00 00 00 00 00
0x0000007f14072620:   00 00 00 00 00 00 00 00 00 00 00 00 00 00 00 00
0x0000007f14072630:   00 00 00 00 00 00 00 00 00 26 07 14 7f 00 00 00
0x0000007f14072640:   48 26 07 14 7f 00 00 00 00 00 00 00 00 00 00 00
0x0000007f14072650:   00 00 00 00 00 00 00 00 00 00 00 00 00 00 00 00
0x0000007f14072660:   00 00 00 00 00 00 00 00 00 00 00 00 00 00 00 00
0x0000007f14072670:   00 00 00 00 00 00 00 00 00 00 00 00 00 00 00 00
0x0000007f14072680:   00 00 00 00 00 00 00 00 00 00 00 00 00 00 00 00 


Stack slot to memory mapping:
stack at sp + 0 slots: 0x0000007fb86a4b68 is pointing into the stack for thread: 0x0000007fb4018000
stack at sp + 1 slots: 0x0000007fb86a4c28 is pointing into the stack for thread: 0x0000007fb4018000
stack at sp + 2 slots: 0x0000007fb86a4aa0 is pointing into the stack for thread: 0x0000007fb4018000
stack at sp + 3 slots: 0x0000000000000001 is an unknown value
stack at sp + 4 slots: 0x0000007fb86a4a40 is pointing into the stack for thread: 0x0000007fb4018000
stack at sp + 5 slots: 0x0000007fb86a4a30 is pointing into the stack for thread: 0x0000007fb4018000
stack at sp + 6 slots: 0x0000007fb86a4c28 is pointing into the stack for thread: 0x0000007fb4018000
stack at sp + 7 slots: 0x0000007f90af7648 is pointing into metadata


---------------  P R O C E S S  ---------------

Threads class SMR info:
_java_thread_list=0x0000007f4c0010a0, length=13, elements={
0x0000007fb4018000, 0x0000007fb4142800, 0x0000007fb4146800, 0x0000007fb415b800,
0x0000007fb415d800, 0x0000007fb415f800, 0x0000007fb4161800, 0x0000007fb4163800,
0x0000007fb41f9000, 0x0000007fb41fd000, 0x0000007fb420b000, 0x0000007f30001000,
0x0000007fb4785000
}

Java Threads: ( => current thread )
=>0x0000007fb4018000 JavaThread "main" [_thread_in_native, id=2325, stack(0x0000007fb84a7000,0x0000007fb86a7000)]
  0x0000007fb4142800 JavaThread "Reference Handler" daemon [_thread_blocked, id=2334, stack(0x0000007f90208000,0x0000007f90408000)]
  0x0000007fb4146800 JavaThread "Finalizer" daemon [_thread_blocked, id=2335, stack(0x0000007f90008000,0x0000007f90208000)]
  0x0000007fb415b800 JavaThread "Signal Dispatcher" daemon [_thread_blocked, id=2336, stack(0x0000007f73b19000,0x0000007f73d19000)]
  0x0000007fb415d800 JavaThread "Service Thread" daemon [_thread_blocked, id=2337, stack(0x0000007f73919000,0x0000007f73b19000)]
  0x0000007fb415f800 JavaThread "C2 CompilerThread0" daemon [_thread_blocked, id=2338, stack(0x0000007f73719000,0x0000007f73919000)]
  0x0000007fb4161800 JavaThread "C1 CompilerThread0" daemon [_thread_blocked, id=2339, stack(0x0000007f73519000,0x0000007f73719000)]
  0x0000007fb4163800 JavaThread "Sweeper thread" daemon [_thread_blocked, id=2340, stack(0x0000007f73319000,0x0000007f73519000)]
  0x0000007fb41f9000 JavaThread "JDWP Transport Listener: dt_socket" daemon [_thread_in_native, id=2342, stack(0x0000007f73103000,0x0000007f73303000)]
  0x0000007fb41fd000 JavaThread "JDWP Event Helper Thread" daemon [_thread_blocked, id=2343, stack(0x0000007f72f03000,0x0000007f73103000)]
  0x0000007fb420b000 JavaThread "Common-Cleaner" daemon [_thread_blocked, id=2352, stack(0x0000007f72901000,0x0000007f72b01000)]
  0x0000007f30001000 JavaThread "CSListener" daemon [_thread_in_native, id=2363, stack(0x0000007f3cf38000,0x0000007f3d737000)]
  0x0000007fb4785000 JavaThread "VideoListener" daemon [_thread_in_native, id=2364, stack(0x0000007f3cd36000,0x0000007f3cf36000)]

Other Threads:
  0x0000007fb413a000 VMThread "VM Thread" [stack: 0x0000007f9040a000,0x0000007f9060a000] [id=2331]
  0x0000007fb41ff000 WatcherThread [stack: 0x0000007f72b03000,0x0000007f72d03000] [id=2351]
  0x0000007fb402f000 GCTaskThread "GC Thread#0" [stack: 0x0000007f9c611000,0x0000007f9c811000] [id=2326]
  0x0000007f80001000 GCTaskThread "GC Thread#1" [stack: 0x0000007f4b9f0000,0x0000007f4bbf0000] [id=2353]
  0x0000007fb405f800 ConcurrentGCThread "G1 Main Marker" [stack: 0x0000007f9c10c000,0x0000007f9c30c000] [id=2327]
  0x0000007fb4061800 ConcurrentGCThread "G1 Conc#0" [stack: 0x0000007f935ef000,0x0000007f937ef000] [id=2328]
  0x0000007fb40d8000 ConcurrentGCThread "G1 Refine#0" [stack: 0x0000007f910ea000,0x0000007f912ea000] [id=2329]
  0x0000007fb40da000 ConcurrentGCThread "G1 Young RemSet Sampling" [stack: 0x0000007f90ee8000,0x0000007f910e8000] [id=2330]

Threads with active compile tasks:

VM state:not at safepoint (normal execution)

VM Mutex/Monitor currently owned by a thread: None

Heap address: 0x0000000086a00000, size: 1942 MB, Compressed Oops mode: 32-bit
Narrow klass base: 0x0000000000000000, Narrow klass shift: 3
Compressed class space size: 1073741824 Address: 0x0000000100000000

Heap:
 garbage-first heap   total 124928K, used 34645K [0x0000000086a00000, 0x0000000100000000)
  region size 1024K, 35 young (35840K), 2 survivors (2048K)
 Metaspace       used 13925K, capacity 14189K, committed 14464K, reserved 1062912K
  class space    used 1232K, capacity 1325K, committed 1408K, reserved 1048576K
Heap Regions: E=young(eden), S=young(survivor), O=old, HS=humongous(starts), HC=humongous(continues), CS=collection set, F=free, A=archive, TAMS=top-at-mark-start (previous, next)
|   0|0x0000000086a00000, 0x0000000086a00000, 0x0000000086b00000|  0%| F|  |TAMS 0x0000000086a00000, 0x0000000086a00000| Untracked 
|   1|0x0000000086b00000, 0x0000000086b00000, 0x0000000086c00000|  0%| F|  |TAMS 0x0000000086b00000, 0x0000000086b00000| Untracked 
|   2|0x0000000086c00000, 0x0000000086c00000, 0x0000000086d00000|  0%| F|  |TAMS 0x0000000086c00000, 0x0000000086c00000| Untracked 
|   3|0x0000000086d00000, 0x0000000086d00000, 0x0000000086e00000|  0%| F|  |TAMS 0x0000000086d00000, 0x0000000086d00000| Untracked 
|   4|0x0000000086e00000, 0x0000000086e00000, 0x0000000086f00000|  0%| F|  |TAMS 0x0000000086e00000, 0x0000000086e00000| Untracked 
|   5|0x0000000086f00000, 0x0000000086f00000, 0x0000000087000000|  0%| F|  |TAMS 0x0000000086f00000, 0x0000000086f00000| Untracked 
|   6|0x0000000087000000, 0x0000000087000000, 0x0000000087100000|  0%| F|  |TAMS 0x0000000087000000, 0x0000000087000000| Untracked 
|   7|0x0000000087100000, 0x0000000087100000, 0x0000000087200000|  0%| F|  |TAMS 0x0000000087100000, 0x0000000087100000| Untracked 
|   8|0x0000000087200000, 0x0000000087200000, 0x0000000087300000|  0%| F|  |TAMS 0x0000000087200000, 0x0000000087200000| Untracked 
|   9|0x0000000087300000, 0x0000000087300000, 0x0000000087400000|  0%| F|  |TAMS 0x0000000087300000, 0x0000000087300000| Untracked 
|  10|0x0000000087400000, 0x0000000087400000, 0x0000000087500000|  0%| F|  |TAMS 0x0000000087400000, 0x0000000087400000| Untracked 
|  11|0x0000000087500000, 0x0000000087500000, 0x0000000087600000|  0%| F|  |TAMS 0x0000000087500000, 0x0000000087500000| Untracked 
|  12|0x0000000087600000, 0x0000000087600000, 0x0000000087700000|  0%| F|  |TAMS 0x0000000087600000, 0x0000000087600000| Untracked 
|  13|0x0000000087700000, 0x0000000087700000, 0x0000000087800000|  0%| F|  |TAMS 0x0000000087700000, 0x0000000087700000| Untracked 
|  14|0x0000000087800000, 0x0000000087800000, 0x0000000087900000|  0%| F|  |TAMS 0x0000000087800000, 0x0000000087800000| Untracked 
|  15|0x0000000087900000, 0x0000000087900000, 0x0000000087a00000|  0%| F|  |TAMS 0x0000000087900000, 0x0000000087900000| Untracked 
|  16|0x0000000087a00000, 0x0000000087a00000, 0x0000000087b00000|  0%| F|  |TAMS 0x0000000087a00000, 0x0000000087a00000| Untracked 
|  17|0x0000000087b00000, 0x0000000087b00000, 0x0000000087c00000|  0%| F|  |TAMS 0x0000000087b00000, 0x0000000087b00000| Untracked 
|  18|0x0000000087c00000, 0x0000000087c00000, 0x0000000087d00000|  0%| F|  |TAMS 0x0000000087c00000, 0x0000000087c00000| Untracked 
|  19|0x0000000087d00000, 0x0000000087d00000, 0x0000000087e00000|  0%| F|  |TAMS 0x0000000087d00000, 0x0000000087d00000| Untracked 
|  20|0x0000000087e00000, 0x0000000087e00000, 0x0000000087f00000|  0%| F|  |TAMS 0x0000000087e00000, 0x0000000087e00000| Untracked 
|  21|0x0000000087f00000, 0x0000000087f00000, 0x0000000088000000|  0%| F|  |TAMS 0x0000000087f00000, 0x0000000087f00000| Untracked 
|  22|0x0000000088000000, 0x0000000088000000, 0x0000000088100000|  0%| F|  |TAMS 0x0000000088000000, 0x0000000088000000| Untracked 
|  23|0x0000000088100000, 0x0000000088100000, 0x0000000088200000|  0%| F|  |TAMS 0x0000000088100000, 0x0000000088100000| Untracked 
|  24|0x0000000088200000, 0x0000000088200000, 0x0000000088300000|  0%| F|  |TAMS 0x0000000088200000, 0x0000000088200000| Untracked 
|  25|0x0000000088300000, 0x0000000088300000, 0x0000000088400000|  0%| F|  |TAMS 0x0000000088300000, 0x0000000088300000| Untracked 
|  26|0x0000000088400000, 0x0000000088400000, 0x0000000088500000|  0%| F|  |TAMS 0x0000000088400000, 0x0000000088400000| Untracked 
|  27|0x0000000088500000, 0x0000000088500000, 0x0000000088600000|  0%| F|  |TAMS 0x0000000088500000, 0x0000000088500000| Untracked 
|  28|0x0000000088600000, 0x0000000088600000, 0x0000000088700000|  0%| F|  |TAMS 0x0000000088600000, 0x0000000088600000| Untracked 
|  29|0x0000000088700000, 0x0000000088700000, 0x0000000088800000|  0%| F|  |TAMS 0x0000000088700000, 0x0000000088700000| Untracked 
|  30|0x0000000088800000, 0x0000000088800000, 0x0000000088900000|  0%| F|  |TAMS 0x0000000088800000, 0x0000000088800000| Untracked 
|  31|0x0000000088900000, 0x0000000088900000, 0x0000000088a00000|  0%| F|  |TAMS 0x0000000088900000, 0x0000000088900000| Untracked 
|  32|0x0000000088a00000, 0x0000000088a00000, 0x0000000088b00000|  0%| F|  |TAMS 0x0000000088a00000, 0x0000000088a00000| Untracked 
|  33|0x0000000088b00000, 0x0000000088b00000, 0x0000000088c00000|  0%| F|  |TAMS 0x0000000088b00000, 0x0000000088b00000| Untracked 
|  34|0x0000000088c00000, 0x0000000088c00000, 0x0000000088d00000|  0%| F|  |TAMS 0x0000000088c00000, 0x0000000088c00000| Untracked 
|  35|0x0000000088d00000, 0x0000000088d00000, 0x0000000088e00000|  0%| F|  |TAMS 0x0000000088d00000, 0x0000000088d00000| Untracked 
|  36|0x0000000088e00000, 0x0000000088e00000, 0x0000000088f00000|  0%| F|  |TAMS 0x0000000088e00000, 0x0000000088e00000| Untracked 
|  37|0x0000000088f00000, 0x0000000088f00000, 0x0000000089000000|  0%| F|  |TAMS 0x0000000088f00000, 0x0000000088f00000| Untracked 
|  38|0x0000000089000000, 0x0000000089000000, 0x0000000089100000|  0%| F|  |TAMS 0x0000000089000000, 0x0000000089000000| Untracked 
|  39|0x0000000089100000, 0x0000000089100000, 0x0000000089200000|  0%| F|  |TAMS 0x0000000089100000, 0x0000000089100000| Untracked 
|  40|0x0000000089200000, 0x0000000089200000, 0x0000000089300000|  0%| F|  |TAMS 0x0000000089200000, 0x0000000089200000| Untracked 
|  41|0x0000000089300000, 0x0000000089300000, 0x0000000089400000|  0%| F|  |TAMS 0x0000000089300000, 0x0000000089300000| Untracked 
|  42|0x0000000089400000, 0x0000000089400000, 0x0000000089500000|  0%| F|  |TAMS 0x0000000089400000, 0x0000000089400000| Untracked 
|  43|0x0000000089500000, 0x0000000089500000, 0x0000000089600000|  0%| F|  |TAMS 0x0000000089500000, 0x0000000089500000| Untracked 
|  44|0x0000000089600000, 0x0000000089600000, 0x0000000089700000|  0%| F|  |TAMS 0x0000000089600000, 0x0000000089600000| Untracked 
|  45|0x0000000089700000, 0x0000000089700000, 0x0000000089800000|  0%| F|  |TAMS 0x0000000089700000, 0x0000000089700000| Untracked 
|  46|0x0000000089800000, 0x0000000089800000, 0x0000000089900000|  0%| F|  |TAMS 0x0000000089800000, 0x0000000089800000| Untracked 
|  47|0x0000000089900000, 0x0000000089900000, 0x0000000089a00000|  0%| F|  |TAMS 0x0000000089900000, 0x0000000089900000| Untracked 
|  48|0x0000000089a00000, 0x0000000089a00000, 0x0000000089b00000|  0%| F|  |TAMS 0x0000000089a00000, 0x0000000089a00000| Untracked 
|  49|0x0000000089b00000, 0x0000000089b00000, 0x0000000089c00000|  0%| F|  |TAMS 0x0000000089b00000, 0x0000000089b00000| Untracked 
|  50|0x0000000089c00000, 0x0000000089c00000, 0x0000000089d00000|  0%| F|  |TAMS 0x0000000089c00000, 0x0000000089c00000| Untracked 
|  51|0x0000000089d00000, 0x0000000089d00000, 0x0000000089e00000|  0%| F|  |TAMS 0x0000000089d00000, 0x0000000089d00000| Untracked 
|  52|0x0000000089e00000, 0x0000000089e00000, 0x0000000089f00000|  0%| F|  |TAMS 0x0000000089e00000, 0x0000000089e00000| Untracked 
|  53|0x0000000089f00000, 0x0000000089f00000, 0x000000008a000000|  0%| F|  |TAMS 0x0000000089f00000, 0x0000000089f00000| Untracked 
|  54|0x000000008a000000, 0x000000008a000000, 0x000000008a100000|  0%| F|  |TAMS 0x000000008a000000, 0x000000008a000000| Untracked 
|  55|0x000000008a100000, 0x000000008a100000, 0x000000008a200000|  0%| F|  |TAMS 0x000000008a100000, 0x000000008a100000| Untracked 
|  56|0x000000008a200000, 0x000000008a200000, 0x000000008a300000|  0%| F|  |TAMS 0x000000008a200000, 0x000000008a200000| Untracked 
|  57|0x000000008a300000, 0x000000008a300000, 0x000000008a400000|  0%| F|  |TAMS 0x000000008a300000, 0x000000008a300000| Untracked 
|  58|0x000000008a400000, 0x000000008a400000, 0x000000008a500000|  0%| F|  |TAMS 0x000000008a400000, 0x000000008a400000| Untracked 
|  59|0x000000008a500000, 0x000000008a500000, 0x000000008a600000|  0%| F|  |TAMS 0x000000008a500000, 0x000000008a500000| Untracked 
|  60|0x000000008a600000, 0x000000008a600000, 0x000000008a700000|  0%| F|  |TAMS 0x000000008a600000, 0x000000008a600000| Untracked 
|  61|0x000000008a700000, 0x000000008a700000, 0x000000008a800000|  0%| F|  |TAMS 0x000000008a700000, 0x000000008a700000| Untracked 
|  62|0x000000008a800000, 0x000000008a800000, 0x000000008a900000|  0%| F|  |TAMS 0x000000008a800000, 0x000000008a800000| Untracked 
|  63|0x000000008a900000, 0x000000008a900000, 0x000000008aa00000|  0%| F|  |TAMS 0x000000008a900000, 0x000000008a900000| Untracked 
|  64|0x000000008aa00000, 0x000000008aa00000, 0x000000008ab00000|  0%| F|  |TAMS 0x000000008aa00000, 0x000000008aa00000| Untracked 
|  65|0x000000008ab00000, 0x000000008ab00000, 0x000000008ac00000|  0%| F|  |TAMS 0x000000008ab00000, 0x000000008ab00000| Untracked 
|  66|0x000000008ac00000, 0x000000008ac00000, 0x000000008ad00000|  0%| F|  |TAMS 0x000000008ac00000, 0x000000008ac00000| Untracked 
|  67|0x000000008ad00000, 0x000000008ad00000, 0x000000008ae00000|  0%| F|  |TAMS 0x000000008ad00000, 0x000000008ad00000| Untracked 
|  68|0x000000008ae00000, 0x000000008ae00000, 0x000000008af00000|  0%| F|  |TAMS 0x000000008ae00000, 0x000000008ae00000| Untracked 
|  69|0x000000008af00000, 0x000000008af00000, 0x000000008b000000|  0%| F|  |TAMS 0x000000008af00000, 0x000000008af00000| Untracked 
|  70|0x000000008b000000, 0x000000008b000000, 0x000000008b100000|  0%| F|  |TAMS 0x000000008b000000, 0x000000008b000000| Untracked 
|  71|0x000000008b100000, 0x000000008b100000, 0x000000008b200000|  0%| F|  |TAMS 0x000000008b100000, 0x000000008b100000| Untracked 
|  72|0x000000008b200000, 0x000000008b200000, 0x000000008b300000|  0%| F|  |TAMS 0x000000008b200000, 0x000000008b200000| Untracked 
|  73|0x000000008b300000, 0x000000008b300000, 0x000000008b400000|  0%| F|  |TAMS 0x000000008b300000, 0x000000008b300000| Untracked 
|  74|0x000000008b400000, 0x000000008b400000, 0x000000008b500000|  0%| F|  |TAMS 0x000000008b400000, 0x000000008b400000| Untracked 
|  75|0x000000008b500000, 0x000000008b500000, 0x000000008b600000|  0%| F|  |TAMS 0x000000008b500000, 0x000000008b500000| Untracked 
|  76|0x000000008b600000, 0x000000008b600000, 0x000000008b700000|  0%| F|  |TAMS 0x000000008b600000, 0x000000008b600000| Untracked 
|  77|0x000000008b700000, 0x000000008b700000, 0x000000008b800000|  0%| F|  |TAMS 0x000000008b700000, 0x000000008b700000| Untracked 
|  78|0x000000008b800000, 0x000000008b800000, 0x000000008b900000|  0%| F|  |TAMS 0x000000008b800000, 0x000000008b800000| Untracked 
|  79|0x000000008b900000, 0x000000008b900000, 0x000000008ba00000|  0%| F|  |TAMS 0x000000008b900000, 0x000000008b900000| Untracked 
|  80|0x000000008ba00000, 0x000000008ba00000, 0x000000008bb00000|  0%| F|  |TAMS 0x000000008ba00000, 0x000000008ba00000| Untracked 
|  81|0x000000008bb00000, 0x000000008bb00000, 0x000000008bc00000|  0%| F|  |TAMS 0x000000008bb00000, 0x000000008bb00000| Untracked 
|  82|0x000000008bc00000, 0x000000008bc00000, 0x000000008bd00000|  0%| F|  |TAMS 0x000000008bc00000, 0x000000008bc00000| Untracked 
|  83|0x000000008bd00000, 0x000000008bd00000, 0x000000008be00000|  0%| F|  |TAMS 0x000000008bd00000, 0x000000008bd00000| Untracked 
|  84|0x000000008be00000, 0x000000008be00000, 0x000000008bf00000|  0%| F|  |TAMS 0x000000008be00000, 0x000000008be00000| Untracked 
|  85|0x000000008bf00000, 0x000000008bf00000, 0x000000008c000000|  0%| F|  |TAMS 0x000000008bf00000, 0x000000008bf00000| Untracked 
|  86|0x000000008c000000, 0x000000008c000000, 0x000000008c100000|  0%| F|  |TAMS 0x000000008c000000, 0x000000008c000000| Untracked 
|  87|0x000000008c100000, 0x000000008c200000, 0x000000008c200000|100%| E|  |TAMS 0x000000008c100000, 0x000000008c100000| Complete 
|  88|0x000000008c200000, 0x000000008c300000, 0x000000008c300000|100%| E|CS|TAMS 0x000000008c200000, 0x000000008c200000| Complete 
|  89|0x000000008c300000, 0x000000008c400000, 0x000000008c400000|100%| E|CS|TAMS 0x000000008c300000, 0x000000008c300000| Complete 
|  90|0x000000008c400000, 0x000000008c500000, 0x000000008c500000|100%| E|CS|TAMS 0x000000008c400000, 0x000000008c400000| Complete 
|  91|0x000000008c500000, 0x000000008c600000, 0x000000008c600000|100%| E|CS|TAMS 0x000000008c500000, 0x000000008c500000| Complete 
|  92|0x000000008c600000, 0x000000008c700000, 0x000000008c700000|100%| E|CS|TAMS 0x000000008c600000, 0x000000008c600000| Complete 
|  93|0x000000008c700000, 0x000000008c800000, 0x000000008c800000|100%| E|CS|TAMS 0x000000008c700000, 0x000000008c700000| Complete 
|  94|0x000000008c800000, 0x000000008c900000, 0x000000008c900000|100%| E|CS|TAMS 0x000000008c800000, 0x000000008c800000| Complete 
|  95|0x000000008c900000, 0x000000008ca00000, 0x000000008ca00000|100%| E|CS|TAMS 0x000000008c900000, 0x000000008c900000| Complete 
|  96|0x000000008ca00000, 0x000000008cb00000, 0x000000008cb00000|100%| E|CS|TAMS 0x000000008ca00000, 0x000000008ca00000| Complete 
|  97|0x000000008cb00000, 0x000000008cc00000, 0x000000008cc00000|100%| E|CS|TAMS 0x000000008cb00000, 0x000000008cb00000| Complete 
|  98|0x000000008cc00000, 0x000000008cd00000, 0x000000008cd00000|100%| E|CS|TAMS 0x000000008cc00000, 0x000000008cc00000| Complete 
|  99|0x000000008cd00000, 0x000000008ce00000, 0x000000008ce00000|100%| E|CS|TAMS 0x000000008cd00000, 0x000000008cd00000| Complete 
| 100|0x000000008ce00000, 0x000000008cf00000, 0x000000008cf00000|100%| E|CS|TAMS 0x000000008ce00000, 0x000000008ce00000| Complete 
| 101|0x000000008cf00000, 0x000000008d000000, 0x000000008d000000|100%| E|CS|TAMS 0x000000008cf00000, 0x000000008cf00000| Complete 
| 102|0x000000008d000000, 0x000000008d100000, 0x000000008d100000|100%| E|CS|TAMS 0x000000008d000000, 0x000000008d000000| Complete 
| 103|0x000000008d100000, 0x000000008d200000, 0x000000008d200000|100%| E|CS|TAMS 0x000000008d100000, 0x000000008d100000| Complete 
| 104|0x000000008d200000, 0x000000008d300000, 0x000000008d300000|100%| E|CS|TAMS 0x000000008d200000, 0x000000008d200000| Complete 
| 105|0x000000008d300000, 0x000000008d400000, 0x000000008d400000|100%| E|CS|TAMS 0x000000008d300000, 0x000000008d300000| Complete 
| 106|0x000000008d400000, 0x000000008d4d54a8, 0x000000008d500000| 83%| S|CS|TAMS 0x000000008d400000, 0x000000008d400000| Complete 
| 107|0x000000008d500000, 0x000000008d600000, 0x000000008d600000|100%| S|CS|TAMS 0x000000008d500000, 0x000000008d500000| Complete 
| 108|0x000000008d600000, 0x000000008d700000, 0x000000008d700000|100%| E|CS|TAMS 0x000000008d600000, 0x000000008d600000| Complete 
| 109|0x000000008d700000, 0x000000008d800000, 0x000000008d800000|100%| E|CS|TAMS 0x000000008d700000, 0x000000008d700000| Complete 
| 110|0x000000008d800000, 0x000000008d900000, 0x000000008d900000|100%| E|CS|TAMS 0x000000008d800000, 0x000000008d800000| Complete 
| 111|0x000000008d900000, 0x000000008da00000, 0x000000008da00000|100%| E|CS|TAMS 0x000000008d900000, 0x000000008d900000| Complete 
| 112|0x000000008da00000, 0x000000008db00000, 0x000000008db00000|100%| E|CS|TAMS 0x000000008da00000, 0x000000008da00000| Complete 
| 113|0x000000008db00000, 0x000000008dc00000, 0x000000008dc00000|100%| E|CS|TAMS 0x000000008db00000, 0x000000008db00000| Complete 
| 114|0x000000008dc00000, 0x000000008dd00000, 0x000000008dd00000|100%| E|CS|TAMS 0x000000008dc00000, 0x000000008dc00000| Complete 
| 115|0x000000008dd00000, 0x000000008de00000, 0x000000008de00000|100%| E|CS|TAMS 0x000000008dd00000, 0x000000008dd00000| Complete 
| 116|0x000000008de00000, 0x000000008df00000, 0x000000008df00000|100%| E|CS|TAMS 0x000000008de00000, 0x000000008de00000| Complete 
| 117|0x000000008df00000, 0x000000008e000000, 0x000000008e000000|100%| E|CS|TAMS 0x000000008df00000, 0x000000008df00000| Complete 
| 118|0x000000008e000000, 0x000000008e100000, 0x000000008e100000|100%| E|CS|TAMS 0x000000008e000000, 0x000000008e000000| Complete 
| 119|0x000000008e100000, 0x000000008e200000, 0x000000008e200000|100%| E|CS|TAMS 0x000000008e100000, 0x000000008e100000| Complete 
| 120|0x000000008e200000, 0x000000008e300000, 0x000000008e300000|100%| E|CS|TAMS 0x000000008e200000, 0x000000008e200000| Complete 
| 121|0x000000008e300000, 0x000000008e400000, 0x000000008e400000|100%| E|CS|TAMS 0x000000008e300000, 0x000000008e300000| Complete 

Card table byte_map: [0x0000007f9786a000,0x0000007f97c35000] _byte_map_base: 0x0000007f97435000

Marking Bits (Prev, Next): (CMBitMap*) 0x0000007fb40574d8, (CMBitMap*) 0x0000007fb4057510
 Prev Bits: [0x0000007f95647000, 0x0000007f9749f000)
 Next Bits: [0x0000007f937ef000, 0x0000007f95647000)

Polling page: 0x0000007fb9c0a000

Metaspace:

Usage:
  Non-class:     12.56 MB capacity,    12.40 MB ( 99%) used,   147.25 KB (  1%) free+waste,    23.06 KB ( <1%) overhead. 
      Class:      1.29 MB capacity,     1.20 MB ( 93%) used,    83.05 KB (  6%) free+waste,     9.88 KB ( <1%) overhead. 
       Both:     13.86 MB capacity,    13.60 MB ( 98%) used,   230.30 KB (  2%) free+waste,    32.94 KB ( <1%) overhead. 

Virtual space:
  Non-class space:       14.00 MB reserved,      12.75 MB ( 91%) committed 
      Class space:        1.00 GB reserved,       1.38 MB ( <1%) committed 
             Both:        1.01 GB reserved,      14.12 MB (  1%) committed 

Chunk freelists:
   Non-Class:  100.00 KB
       Class:  19.00 KB
        Both:  119.00 KB

MaxMetaspaceSize: unlimited
CompressedClassSpaceSize: 1.00 GB
Initial GC threshold: 20.80 MB
Current GC threshold: 20.80 MB
CDS: off

CodeHeap 'non-profiled nmethods': size=120032Kb used=691Kb max_used=691Kb free=119340Kb
 bounds [0x0000007fa42d9000, 0x0000007fa4549000, 0x0000007fab811000]
CodeHeap 'profiled nmethods': size=120032Kb used=2880Kb max_used=2880Kb free=117151Kb
 bounds [0x0000007f9cda1000, 0x0000007f9d081000, 0x0000007fa42d9000]
CodeHeap 'non-nmethods': size=5696Kb used=1416Kb max_used=1590Kb free=4279Kb
 bounds [0x0000007f9c811000, 0x0000007f9ca81000, 0x0000007f9cda1000]
 total_blobs=2075 nmethods=1336 adapters=664
 compilation: enabled
              stopped_count=0, restarted_count=0
 full_count=0

Compilation events (20 events):
Event: 463.708 Thread 0x0000007fb415f800 1333       4       java.lang.AbstractStringBuilder::append (43 bytes)
Event: 463.724 Thread 0x0000007fb415f800 nmethod 1333 0x0000007fa4380010 code [0x0000007fa4380240, 0x0000007fa4380970]
Event: 469.372 Thread 0x0000007fb415f800 1334       4       java.util.Formatter$FixedString::print (26 bytes)
Event: 469.394 Thread 0x0000007fb415f800 nmethod 1334 0x0000007fa4380e90 code [0x0000007fa4381100, 0x0000007fa43818d0]
Event: 469.499 Thread 0x0000007fb415f800 1335       4       edu.wpi.first.apriltag.AprilTagPoseEstimator::estimate (13 bytes)
Event: 469.501 Thread 0x0000007fb415f800 nmethod 1335 0x0000007fa4382010 code [0x0000007fa43821c0, 0x0000007fa43822f0]
Event: 469.506 Thread 0x0000007fb415f800 1336       4       edu.wpi.first.math.geometry.Translation3d::<init> (21 bytes)
Event: 469.507 Thread 0x0000007fb415f800 nmethod 1336 0x0000007fa4382410 code [0x0000007fa43825c0, 0x0000007fa4382660]
Event: 469.572 Thread 0x0000007fb415f800 1337       4       edu.wpi.first.math.geometry.Transform3d::getX (8 bytes)
Event: 469.574 Thread 0x0000007fb415f800 nmethod 1337 0x0000007fa4382710 code [0x0000007fa43828c0, 0x0000007fa4382970]
Event: 477.974 Thread 0x0000007fb415f800 1338       4       java.util.Formatter::toString (12 bytes)
Event: 477.982 Thread 0x0000007fb415f800 nmethod 1338 0x0000007fa4382a10 code [0x0000007fa4382c00, 0x0000007fa4383080]
Event: 478.038 Thread 0x0000007fb415f800 1339       4       edu.wpi.first.math.geometry.Transform3d::<init> (15 bytes)
Event: 478.042 Thread 0x0000007fb415f800 nmethod 1339 0x0000007fa4383310 code [0x0000007fa43834c0, 0x0000007fa4383720]
Event: 486.508 Thread 0x0000007fb415f800 1340       4       java.util.Formatter$FormatSpecifier::appendJustified (91 bytes)
Event: 486.521 Thread 0x0000007fb415f800 nmethod 1340 0x0000007fa4383790 code [0x0000007fa43839c0, 0x0000007fa4384090]
Event: 486.570 Thread 0x0000007fb415f800 1341       4       java.util.Formatter$FormatSpecifier::print (160 bytes)
Event: 486.592 Thread 0x0000007fb415f800 nmethod 1341 0x0000007fa4384590 code [0x0000007fa4384880, 0x0000007fa4385340]
Event: 492.307 Thread 0x0000007fb4161800 1342       3       jdk.internal.math.FloatingDecimal$BinaryToASCIIBuffer::dtoa (1509 bytes)
Event: 492.317 Thread 0x0000007fb4161800 nmethod 1342 0x0000007f9d06c790 code [0x0000007f9d06cdc0, 0x0000007f9d06f5b0]

GC Heap History (2 events):
Event: 2.321 GC heap before
{Heap before GC invocations=0 (full 0):
 garbage-first heap   total 124928K, used 13312K [0x0000000086a00000, 0x0000000100000000)
  region size 1024K, 14 young (14336K), 0 survivors (0K)
 Metaspace       used 10208K, capacity 10282K, committed 10368K, reserved 1058816K
  class space    used 871K, capacity 893K, committed 896K, reserved 1048576K
}
Event: 2.329 GC heap after
{Heap after GC invocations=1 (full 0):
 garbage-first heap   total 124928K, used 1877K [0x0000000086a00000, 0x0000000100000000)
  region size 1024K, 2 young (2048K), 2 survivors (2048K)
 Metaspace       used 10208K, capacity 10282K, committed 10368K, reserved 1058816K
  class space    used 871K, capacity 893K, committed 896K, reserved 1048576K
}

Deoptimization events (20 events):
Event: 2.574 Thread 0x0000007fb4018000 DEOPT PACKING pc=0x0000007f9ce18cb8 sp=0x0000007fb86a3fd0
Event: 2.574 Thread 0x0000007fb4018000 DEOPT UNPACKING pc=0x0000007f9c84627c sp=0x0000007fb86a3e30 mode 0
Event: 4.958 Thread 0x0000007fb4785000 DEOPT PACKING pc=0x0000007f9cdebaf8 sp=0x0000007f3cf334f0
Event: 4.958 Thread 0x0000007fb4785000 DEOPT UNPACKING pc=0x0000007f9c84627c sp=0x0000007f3cf332f0 mode 0
Event: 5.589 Thread 0x0000007fb4018000 Uncommon trap: trap_request=0xffffff4d fr.pc=0x0000007fa431e5e4 relative=0x0000000000000064
Event: 5.589 Thread 0x0000007fb4018000 Uncommon trap: reason=unstable_if action=reinterpret pc=0x0000007fa431e5e4 method=sun.net.www.ParseUtil.firstEncodeIndex(Ljava/lang/String;)I @ 51 c2
Event: 5.589 Thread 0x0000007fb4018000 DEOPT PACKING pc=0x0000007fa431e5e4 sp=0x0000007fb86a3850
Event: 5.589 Thread 0x0000007fb4018000 DEOPT UNPACKING pc=0x0000007f9c845d9c sp=0x0000007fb86a37d0 mode 2
Event: 107.844 Thread 0x0000007fb4018000 Uncommon trap: trap_request=0xffffff4d fr.pc=0x0000007fa434b60c relative=0x0000000000000a4c
Event: 107.844 Thread 0x0000007fb4018000 Uncommon trap: reason=unstable_if action=reinterpret pc=0x0000007fa434b60c method=jdk.internal.math.FloatingDecimal$BinaryToASCIIBuffer.estimateDecExp(JI)I @ 66 c2
Event: 107.844 Thread 0x0000007fb4018000 DEOPT PACKING pc=0x0000007fa434b60c sp=0x0000007fb86a48f0
Event: 107.844 Thread 0x0000007fb4018000 DEOPT UNPACKING pc=0x0000007f9c845d9c sp=0x0000007fb86a4720 mode 2
Event: 254.370 Thread 0x0000007fb4018000 DEOPT PACKING pc=0x0000007f9d05ce8c sp=0x0000007fb86a4d30
Event: 254.370 Thread 0x0000007fb4018000 DEOPT UNPACKING pc=0x0000007f9c84627c sp=0x0000007fb86a4a80 mode 0
Event: 331.172 Thread 0x0000007fb4018000 DEOPT PACKING pc=0x0000007f9cfe9598 sp=0x0000007fb86a4d00
Event: 331.172 Thread 0x0000007fb4018000 DEOPT UNPACKING pc=0x0000007f9c84627c sp=0x0000007fb86a4aa0 mode 0
Event: 487.914 Thread 0x0000007fb4018000 Uncommon trap: trap_request=0xffffff4d fr.pc=0x0000007fa436aba4 relative=0x00000000000007e4
Event: 487.914 Thread 0x0000007fb4018000 Uncommon trap: reason=unstable_if action=reinterpret pc=0x0000007fa436aba4 method=jdk.internal.math.FloatingDecimal$BinaryToASCIIBuffer.estimateDecExp(JI)I @ 78 c2
Event: 487.914 Thread 0x0000007fb4018000 DEOPT PACKING pc=0x0000007fa436aba4 sp=0x0000007fb86a4da0
Event: 487.914 Thread 0x0000007fb4018000 DEOPT UNPACKING pc=0x0000007f9c845d9c sp=0x0000007fb86a4be0 mode 2

Classes redefined (0 events):
No events

Internal exceptions (10 events):
Event: 3.658 Thread 0x0000007fb4018000 Exception <a 'java/lang/NoSuchMethodError'{0x000000008dfaaae8}: 'void java.lang.invoke.DirectMethodHandle$Holder.invokeStaticInit(java.lang.Object, java.lang.Object)'> (0x000000008dfaaae8) thrown at [./src/hotspot/share/interpreter/linkResolver.cpp, line 772]
Event: 4.899 Thread 0x0000007fb4785000 Exception <a 'java/lang/NoSuchMethodError'{0x000000008de5d100}: 'java.lang.Object java.lang.invoke.DirectMethodHandle$Holder.invokeStatic(java.lang.Object, java.lang.Object, java.lang.Object, java.lang.Object, java.lang.Object, java.lang.Object, java.lang.Object, java.lang.Object, java.lang.Object, java.lang.Object, java.lang.Object, int)'> (0x000000008de5d100) thrown at [./src/hotspot/share/interpreter/linkResolver.cpp, line 772]
Event: 4.909 Thread 0x0000007fb4785000 Exception <a 'java/lang/NoSuchMethodError'{0x000000008dd01d50}: 'java.lang.Object java.lang.invoke.DirectMethodHandle$Holder.invokeStatic(java.lang.Object, java.lang.Object, java.lang.Object, java.lang.Object, java.lang.Object, java.lang.Object, java.lang.Object, java.lang.Object, java.lang.Object, java.lang.Object, java.lang.Object, int, int)'> (0x000000008dd01d50) thrown at [./src/hotspot/share/interpreter/linkResolver.cpp, line 772]
Event: 4.918 Thread 0x0000007fb4785000 Exception <a 'java/lang/NoSuchMethodError'{0x000000008dd21028}: 'java.lang.Object java.lang.invoke.DirectMethodHandle$Holder.invokeStatic(java.lang.Object, java.lang.Object, java.lang.Object, java.lang.Object, java.lang.Object, java.lang.Object, java.lang.Object, java.lang.Object, java.lang.Object, java.lang.Object, java.lang.Object, int, int, java.lang.Object)'> (0x000000008dd21028) thrown at [./src/hotspot/share/interpreter/linkResolver.cpp, line 772]
Event: 4.927 Thread 0x0000007fb4785000 Exception <a 'java/lang/NoSuchMethodError'{0x000000008dd41b20}: 'java.lang.Object java.lang.invoke.DirectMethodHandle$Holder.invokeStatic(java.lang.Object, java.lang.Object, java.lang.Object, java.lang.Object, java.lang.Object, java.lang.Object, java.lang.Object, java.lang.Object, java.lang.Object, java.lang.Object, java.lang.Object, int, int, java.lang.Object, java.lang.Object)'> (0x000000008dd41b20) thrown at [./src/hotspot/share/interpreter/linkResolver.cpp, line 772]
Event: 5.024 Thread 0x0000007fb4785000 Exception <a 'java/lang/NoSuchMethodError'{0x000000008dc001e0}: 'java.lang.Object java.lang.invoke.DirectMethodHandle$Holder.invokeStatic(java.lang.Object, java.lang.Object, java.lang.Object, java.lang.Object, java.lang.Object, java.lang.Object, java.lang.Object, java.lang.Object, java.lang.Object, java.lang.Object, java.lang.Object, java.lang.Object, java.lang.Object, java.lang.Object, java.lang.Object)'> (0x000000008dc001e0) thrown at [./src/hotspot/share/interpreter/linkResolver.cpp, line 772]
Event: 5.031 Thread 0x0000007fb4785000 Exception <a 'java/lang/NoSuchMethodError'{0x000000008dc14d20}: 'java.lang.Object java.lang.invoke.DirectMethodHandle$Holder.invokeStatic(java.lang.Object, java.lang.Object, java.lang.Object, java.lang.Object, java.lang.Object, java.lang.Object, java.lang.Object, java.lang.Object, java.lang.Object, java.lang.Object, java.lang.Object, java.lang.Object, java.lang.Object, java.lang.Object, java.lang.Object, java.lang.Object)'> (0x000000008dc14d20) thrown at [./src/hotspot/share/interpreter/linkResolver.cpp, l
Event: 5.036 Thread 0x0000007fb4785000 Exception <a 'java/lang/NoSuchMethodError'{0x000000008dc22ac8}: 'java.lang.Object java.lang.invoke.DirectMethodHandle$Holder.invokeSpecial(java.lang.Object, java.lang.Object, int, int, int, int, int, java.lang.Object, int)'> (0x000000008dc22ac8) thrown at [./src/hotspot/share/interpreter/linkResolver.cpp, line 772]
Event: 5.037 Thread 0x0000007fb4785000 Exception <a 'java/lang/NoSuchMethodError'{0x000000008dc25f78}: 'java.lang.Object java.lang.invoke.DelegatingMethodHandle$Holder.reinvoke_L(java.lang.Object, int, int, int, int, int, java.lang.Object, int)'> (0x000000008dc25f78) thrown at [./src/hotspot/share/interpreter/linkResolver.cpp, line 772]
Event: 5.111 Thread 0x0000007fb4785000 Exception <a 'java/lang/NoSuchMethodError'{0x000000008dce4a30}: 'java.lang.Object java.lang.invoke.Invokers$Holder.linkToTargetMethod(java.lang.Object, int, java.lang.Object)'> (0x000000008dce4a30) thrown at [./src/hotspot/share/interpreter/linkResolver.cpp, line 772]

Events (20 events):
Event: 5.602 loading class jdk/internal/math/FloatingDecimal$BinaryToASCIIConverter
Event: 5.602 loading class jdk/internal/math/FloatingDecimal$BinaryToASCIIConverter done
Event: 5.602 loading class jdk/internal/math/FloatingDecimal$ExceptionalBinaryToASCIIBuffer done
Event: 5.602 loading class jdk/internal/math/FloatingDecimal$BinaryToASCIIBuffer
Event: 5.602 loading class jdk/internal/math/FloatingDecimal$BinaryToASCIIBuffer done
Event: 5.603 loading class jdk/internal/math/FloatingDecimal$1
Event: 5.603 loading class jdk/internal/math/FloatingDecimal$1 done
Event: 5.603 loading class jdk/internal/math/FloatingDecimal$PreparedASCIIToBinaryBuffer
Event: 5.603 loading class jdk/internal/math/FloatingDecimal$ASCIIToBinaryConverter
Event: 5.603 loading class jdk/internal/math/FloatingDecimal$ASCIIToBinaryConverter done
Event: 5.603 loading class jdk/internal/math/FloatingDecimal$PreparedASCIIToBinaryBuffer done
Event: 5.603 loading class jdk/internal/math/FDBigInteger
Event: 5.603 loading class jdk/internal/math/FDBigInteger done
Event: 5.606 loading class jdk/internal/math/FormattedFloatingDecimal$2
Event: 5.606 loading class jdk/internal/math/FormattedFloatingDecimal$2 done
Event: 5.608 loading class edu/wpi/first/networktables/NetworkTableEntry
Event: 5.608 loading class edu/wpi/first/networktables/NetworkTableEntry done
Event: 5.611 loading class java/lang/StrictMath
Event: 5.611 loading class java/lang/StrictMath done
Event: 525.702 Thread 0x0000007f54001000 Thread exited: 0x0000007f54001000


Dynamic libraries:
86a00000-8e400000 rw-p 00000000 00:00 0 
8e400000-100000000 ---p 00000000 00:00 0 
100000000-100160000 rw-p 00000000 00:00 0 
100160000-140000000 ---p 00000000 00:00 0 
558d7c0000-558d7c1000 r-xp 00000000 b3:02 262168                         /usr/lib/jvm/java-11-openjdk-arm64/bin/java
558d7d1000-558d7d2000 r--p 00001000 b3:02 262168                         /usr/lib/jvm/java-11-openjdk-arm64/bin/java
558d7d2000-558d7d3000 rw-p 00002000 b3:02 262168                         /usr/lib/jvm/java-11-openjdk-arm64/bin/java
55c02f0000-55c0419000 rw-p 00000000 00:00 0                              [heap]
7f04000000-7f040e6000 rw-p 00000000 00:00 0 
7f040e6000-7f08000000 ---p 00000000 00:00 0 
7f0c000000-7f0c0ec000 rw-p 00000000 00:00 0 
7f0c0ec000-7f10000000 ---p 00000000 00:00 0 
7f10000000-7f100e5000 rw-p 00000000 00:00 0 
7f100e5000-7f14000000 ---p 00000000 00:00 0 
7f14000000-7f14085000 rw-p 00000000 00:00 0 
7f14085000-7f18000000 ---p 00000000 00:00 0 
7f18000000-7f18021000 rw-p 00000000 00:00 0 
7f18021000-7f1c000000 ---p 00000000 00:00 0 
7f1c8f7000-7f1c9b7000 rw-p 00000000 00:00 0 
7f1c9b7000-7f1caf7000 ---p 00000000 00:00 0 
7f1caf7000-7f1caf8000 ---p 00000000 00:00 0 
7f1caf8000-7f1d2f8000 rw-p 00000000 00:00 0 
7f1d2f8000-7f1d2f9000 ---p 00000000 00:00 0 
7f1d2f9000-7f1daf9000 rw-p 00000000 00:00 0 
7f1daf9000-7f1dafa000 ---p 00000000 00:00 0 
7f1dafa000-7f1e2fa000 rw-p 00000000 00:00 0 
7f1e2fa000-7f1e2fb000 ---p 00000000 00:00 0 
7f1e2fb000-7f1eafb000 rw-p 00000000 00:00 0 
7f1eafb000-7f1eafc000 ---p 00000000 00:00 0 
7f1eafc000-7f1eefc000 rw-p 00000000 00:00 0 
7f1eefc000-7f1eefd000 ---p 00000000 00:00 0 
7f1eefd000-7f1f2fd000 rw-p 00000000 00:00 0 
7f1f2fd000-7f1f2fe000 ---p 00000000 00:00 0 
7f1f2fe000-7f1f7ff000 rw-p 00000000 00:00 0 
7f1f7ff000-7f1f800000 ---p 00000000 00:00 0 
7f1f800000-7f20000000 rw-p 00000000 00:00 0 
7f20000000-7f20021000 rw-p 00000000 00:00 0 
7f20021000-7f24000000 ---p 00000000 00:00 0 
7f24000000-7f24035000 rw-p 00000000 00:00 0 
7f24035000-7f28000000 ---p 00000000 00:00 0 
7f28000000-7f28402000 rw-p 00000000 00:00 0 
7f28402000-7f2af33000 r-xp 00000000 b3:02 23410                          /usr/local/frc/lib/libwpimathd.so
7f2af33000-7f2af42000 ---p 02b31000 b3:02 23410                          /usr/local/frc/lib/libwpimathd.so
7f2af42000-7f2affd000 r--p 02b30000 b3:02 23410                          /usr/local/frc/lib/libwpimathd.so
7f2affd000-7f2affe000 rw-p 02beb000 b3:02 23410                          /usr/local/frc/lib/libwpimathd.so
7f2affe000-7f2afff000 ---p 00000000 00:00 0 
7f2afff000-7f2b7ff000 rw-p 00000000 00:00 0 
7f2b7ff000-7f2b800000 ---p 00000000 00:00 0 
7f2b800000-7f2c000000 rw-p 00000000 00:00 0 
7f2c000000-7f2c021000 rw-p 00000000 00:00 0 
7f2c021000-7f30000000 ---p 00000000 00:00 0 
7f30000000-7f30021000 rw-p 00000000 00:00 0 
7f30021000-7f34000000 ---p 00000000 00:00 0 
7f34000000-7f34021000 rw-p 00000000 00:00 0 
7f34021000-7f38000000 ---p 00000000 00:00 0 
7f38000000-7f38041000 rw-p 00000000 00:00 0 
7f38041000-7f3c000000 ---p 00000000 00:00 0 
7f3c033000-7f3c184000 rw-p 00000000 00:00 0 
7f3c184000-7f3c194000 r-xp 00000000 b3:02 8529                           /usr/lib/aarch64-linux-gnu/libtbbmalloc.so.2
7f3c194000-7f3c1a3000 ---p 00010000 b3:02 8529                           /usr/lib/aarch64-linux-gnu/libtbbmalloc.so.2
7f3c1a3000-7f3c1a4000 r--p 0000f000 b3:02 8529                           /usr/lib/aarch64-linux-gnu/libtbbmalloc.so.2
7f3c1a4000-7f3c1a5000 rw-p 00010000 b3:02 8529                           /usr/lib/aarch64-linux-gnu/libtbbmalloc.so.2
7f3c1a5000-7f3c1c4000 rw-p 00000000 00:00 0 
7f3c1c4000-7f3c3e0000 r-xp 00000000 b3:02 23305                          /usr/local/frc/lib/libapriltagd.so
7f3c3e0000-7f3c3ef000 ---p 0021c000 b3:02 23305                          /usr/local/frc/lib/libapriltagd.so
7f3c3ef000-7f3c3f9000 r--p 0021b000 b3:02 23305                          /usr/local/frc/lib/libapriltagd.so
7f3c3f9000-7f3c535000 rw-p 00225000 b3:02 23305                          /usr/local/frc/lib/libapriltagd.so
7f3c535000-7f3c536000 ---p 00000000 00:00 0 
7f3c536000-7f3cd36000 rw-p 00000000 00:00 0 
7f3cd36000-7f3cd3a000 ---p 00000000 00:00 0 
7f3cd3a000-7f3cf36000 rw-p 00000000 00:00 0 
7f3cf36000-7f3cf37000 ---p 00000000 00:00 0 
7f3cf37000-7f3cf38000 rw-p 00000000 00:00 0 
7f3cf38000-7f3cf3c000 ---p 00000000 00:00 0 
7f3cf3c000-7f3d737000 rw-p 00000000 00:00 0 
7f3d737000-7f3d738000 ---p 00000000 00:00 0 
7f3d738000-7f3df38000 rw-p 00000000 00:00 0 
7f3df38000-7f3df39000 ---p 00000000 00:00 0 
7f3df39000-7f3e739000 rw-p 00000000 00:00 0 
7f3e739000-7f3ea86000 r-xp 00000000 b3:02 23363                          /usr/local/frc/lib/libopencv_imgprocd.so.4.6.0
7f3ea86000-7f3ea95000 ---p 0034d000 b3:02 23363                          /usr/local/frc/lib/libopencv_imgprocd.so.4.6.0
7f3ea95000-7f3eaa5000 r--p 0034c000 b3:02 23363                          /usr/local/frc/lib/libopencv_imgprocd.so.4.6.0
7f3eaa5000-7f3eaad000 rw-p 0035c000 b3:02 23363                          /usr/local/frc/lib/libopencv_imgprocd.so.4.6.0
7f3eaad000-7f3eb4c000 rw-p 00000000 00:00 0 
7f3eb4c000-7f3ecd9000 r-xp 00000000 b3:02 23359                          /usr/local/frc/lib/libopencv_imgcodecsd.so.4.6.0
7f3ecd9000-7f3ece9000 ---p 0018d000 b3:02 23359                          /usr/local/frc/lib/libopencv_imgcodecsd.so.4.6.0
7f3ece9000-7f3ecf1000 r--p 0018d000 b3:02 23359                          /usr/local/frc/lib/libopencv_imgcodecsd.so.4.6.0
7f3ecf1000-7f3ecf2000 rw-p 00195000 b3:02 23359                          /usr/local/frc/lib/libopencv_imgcodecsd.so.4.6.0
7f3ecf2000-7f3ecf4000 rw-p 00000000 00:00 0 
7f3ecf4000-7f3f017000 r-xp 00000000 b3:02 23416                          /usr/local/frc/lib/libwpinetd.so
7f3f017000-7f3f026000 ---p 00323000 b3:02 23416                          /usr/local/frc/lib/libwpinetd.so
7f3f026000-7f3f03a000 r--p 00322000 b3:02 23416                          /usr/local/frc/lib/libwpinetd.so
7f3f03a000-7f3f03b000 rw-p 00336000 b3:02 23416                          /usr/local/frc/lib/libwpinetd.so
7f3f03b000-7f3f03e000 rw-p 00000000 00:00 0 
7f3f03e000-7f3f26b000 r-xp 00000000 b3:02 23422                          /usr/local/frc/lib/libwpiutild.so
7f3f26b000-7f3f27a000 ---p 0022d000 b3:02 23422                          /usr/local/frc/lib/libwpiutild.so
7f3f27a000-7f3f288000 r--p 0022c000 b3:02 23422                          /usr/local/frc/lib/libwpiutild.so
7f3f288000-7f3f289000 rw-p 0023a000 b3:02 23422                          /usr/local/frc/lib/libwpiutild.so
7f3f289000-7f3f28b000 rw-p 00000000 00:00 0 
7f3f28b000-7f3f57f000 r-xp 00000000 b3:02 23335                          /usr/local/frc/lib/libopencv_cored.so.4.6.0
7f3f57f000-7f3f58e000 ---p 002f4000 b3:02 23335                          /usr/local/frc/lib/libopencv_cored.so.4.6.0
7f3f58e000-7f3f59c000 r--p 002f3000 b3:02 23335                          /usr/local/frc/lib/libopencv_cored.so.4.6.0
7f3f59c000-7f3f59f000 rw-p 00301000 b3:02 23335                          /usr/local/frc/lib/libopencv_cored.so.4.6.0
7f3f59f000-7f3f5a5000 rw-p 00000000 00:00 0 
7f3f5a5000-7f3f7df000 r-xp 00000000 b3:02 23315                          /usr/local/frc/lib/libcscored.so
7f3f7df000-7f3f7ef000 ---p 0023a000 b3:02 23315                          /usr/local/frc/lib/libcscored.so
7f3f7ef000-7f3f7fe000 r--p 0023a000 b3:02 23315                          /usr/local/frc/lib/libcscored.so
7f3f7fe000-7f3f7ff000 rw-p 00249000 b3:02 23315                          /usr/local/frc/lib/libcscored.so
7f3f7ff000-7f3f800000 ---p 00000000 00:00 0 
7f3f800000-7f40000000 rw-p 00000000 00:00 0 
7f40000000-7f40021000 rw-p 00000000 00:00 0 
7f40021000-7f44000000 ---p 00000000 00:00 0 
7f44000000-7f44021000 rw-p 00000000 00:00 0 
7f44021000-7f48000000 ---p 00000000 00:00 0 
7f48009000-7f48021000 r-xp 00000000 b3:02 23307                          /usr/local/frc/lib/libapriltagjni.so
7f48021000-7f48031000 ---p 00018000 b3:02 23307                          /usr/local/frc/lib/libapriltagjni.so
7f48031000-7f48032000 r--p 00018000 b3:02 23307                          /usr/local/frc/lib/libapriltagjni.so
7f48032000-7f48033000 rw-p 00019000 b3:02 23307                          /usr/local/frc/lib/libapriltagjni.so
7f48033000-7f4806e000 r-xp 00000000 b3:02 23317                          /usr/local/frc/lib/libcscorejni.so
7f4806e000-7f4807e000 ---p 0003b000 b3:02 23317                          /usr/local/frc/lib/libcscorejni.so
7f4807e000-7f48080000 r--p 0003b000 b3:02 23317                          /usr/local/frc/lib/libcscorejni.so
7f48080000-7f48081000 rw-p 0003d000 b3:02 23317                          /usr/local/frc/lib/libcscorejni.so
7f48081000-7f48117000 r--s 00000000 00:05 412                            /dev/video0
7f48117000-7f481ad000 r--s 00000000 00:05 412                            /dev/video0
7f481ad000-7f48243000 r--s 00000000 00:05 412                            /dev/video0
7f48243000-7f482d9000 r--s 00000000 00:05 412                            /dev/video0
7f482d9000-7f482de000 r-xp 00000000 b3:02 8402                           /usr/lib/aarch64-linux-gnu/libnss_dns-2.31.so
7f482de000-7f482ed000 ---p 00005000 b3:02 8402                           /usr/lib/aarch64-linux-gnu/libnss_dns-2.31.so
7f482ed000-7f482ee000 r--p 00004000 b3:02 8402                           /usr/lib/aarch64-linux-gnu/libnss_dns-2.31.so
7f482ee000-7f482ef000 rw-p 00005000 b3:02 8402                           /usr/lib/aarch64-linux-gnu/libnss_dns-2.31.so
7f482ef000-7f482f2000 r-xp 00000000 b3:02 8407                           /usr/lib/aarch64-linux-gnu/libnss_mdns4_minimal.so.2
7f482f2000-7f48301000 ---p 00003000 b3:02 8407                           /usr/lib/aarch64-linux-gnu/libnss_mdns4_minimal.so.2
7f48301000-7f48302000 r--p 00002000 b3:02 8407                           /usr/lib/aarch64-linux-gnu/libnss_mdns4_minimal.so.2
7f48302000-7f48303000 rw-p 00003000 b3:02 8407                           /usr/lib/aarch64-linux-gnu/libnss_mdns4_minimal.so.2
7f48303000-7f48304000 ---p 00000000 00:00 0 
7f48304000-7f48b04000 rw-p 00000000 00:00 0 
7f48b04000-7f48b05000 ---p 00000000 00:00 0 
7f48b05000-7f49305000 rw-p 00000000 00:00 0 
7f49305000-7f49306000 ---p 00000000 00:00 0 
7f49306000-7f49b06000 rw-p 00000000 00:00 0 
7f49b06000-7f49b07000 ---p 00000000 00:00 0 
7f49b07000-7f4a307000 rw-p 00000000 00:00 0 
7f4a307000-7f4a308000 ---p 00000000 00:00 0 
7f4a308000-7f4ab08000 rw-p 00000000 00:00 0 
7f4ab08000-7f4aede000 r-xp 00000000 b3:02 389603                         /home/pi/.wpilib/nativecache/linux/arm64/536b6588584aec1dd25839d465d28716/libcscorejnicvstatic.so
7f4aede000-7f4aeee000 ---p 003d6000 b3:02 389603                         /home/pi/.wpilib/nativecache/linux/arm64/536b6588584aec1dd25839d465d28716/libcscorejnicvstatic.so
7f4aeee000-7f4aefc000 r--p 003d6000 b3:02 389603                         /home/pi/.wpilib/nativecache/linux/arm64/536b6588584aec1dd25839d465d28716/libcscorejnicvstatic.so
7f4aefc000-7f4aefe000 rw-p 003e4000 b3:02 389603                         /home/pi/.wpilib/nativecache/linux/arm64/536b6588584aec1dd25839d465d28716/libcscorejnicvstatic.so
7f4aefe000-7f4af17000 rw-p 00000000 00:00 0 
7f4af17000-7f4b027000 r-xp 00000000 b3:02 389600                         /home/pi/.wpilib/nativecache/linux/arm64/536b6588584aec1dd25839d465d28716/libwpinet.so
7f4b027000-7f4b036000 ---p 00110000 b3:02 389600                         /home/pi/.wpilib/nativecache/linux/arm64/536b6588584aec1dd25839d465d28716/libwpinet.so
7f4b036000-7f4b03b000 r--p 0010f000 b3:02 389600                         /home/pi/.wpilib/nativecache/linux/arm64/536b6588584aec1dd25839d465d28716/libwpinet.so
7f4b03b000-7f4b03d000 rw-p 00114000 b3:02 389600                         /home/pi/.wpilib/nativecache/linux/arm64/536b6588584aec1dd25839d465d28716/libwpinet.so
7f4b03d000-7f4b040000 rw-p 00000000 00:00 0 
7f4b040000-7f4b154000 r-xp 00000000 b3:02 389597                         /home/pi/.wpilib/nativecache/linux/arm64/536b6588584aec1dd25839d465d28716/libntcore.so
7f4b154000-7f4b163000 ---p 00114000 b3:02 389597                         /home/pi/.wpilib/nativecache/linux/arm64/536b6588584aec1dd25839d465d28716/libntcore.so
7f4b163000-7f4b168000 r--p 00113000 b3:02 389597                         /home/pi/.wpilib/nativecache/linux/arm64/536b6588584aec1dd25839d465d28716/libntcore.so
7f4b168000-7f4b16a000 rw-p 00118000 b3:02 389597                         /home/pi/.wpilib/nativecache/linux/arm64/536b6588584aec1dd25839d465d28716/libntcore.so
7f4b16a000-7f4b189000 r-xp 00000000 b3:02 389601                         /home/pi/.wpilib/nativecache/linux/arm64/536b6588584aec1dd25839d465d28716/libntcorejni.so
7f4b189000-7f4b198000 ---p 0001f000 b3:02 389601                         /home/pi/.wpilib/nativecache/linux/arm64/536b6588584aec1dd25839d465d28716/libntcorejni.so
7f4b198000-7f4b199000 r--p 0001e000 b3:02 389601                         /home/pi/.wpilib/nativecache/linux/arm64/536b6588584aec1dd25839d465d28716/libntcorejni.so
7f4b199000-7f4b19a000 rw-p 0001f000 b3:02 389601                         /home/pi/.wpilib/nativecache/linux/arm64/536b6588584aec1dd25839d465d28716/libntcorejni.so
7f4b19a000-7f4b5a6000 r-xp 00000000 b3:02 389493                         /home/pi/.wpilib/nativecache/linux/arm64/536b6588584aec1dd25839d465d28716/libwpimath.so
7f4b5a6000-7f4b5b5000 ---p 0040c000 b3:02 389493                         /home/pi/.wpilib/nativecache/linux/arm64/536b6588584aec1dd25839d465d28716/libwpimath.so
7f4b5b5000-7f4b5b7000 r--p 0040b000 b3:02 389493                         /home/pi/.wpilib/nativecache/linux/arm64/536b6588584aec1dd25839d465d28716/libwpimath.so
7f4b5b7000-7f4b5be000 rw-p 0040d000 b3:02 389493                         /home/pi/.wpilib/nativecache/linux/arm64/536b6588584aec1dd25839d465d28716/libwpimath.so
7f4b5be000-7f4b6a4000 r-xp 00000000 b3:02 389598                         /home/pi/.wpilib/nativecache/linux/arm64/536b6588584aec1dd25839d465d28716/libwpimathjni.so
7f4b6a4000-7f4b6b4000 ---p 000e6000 b3:02 389598                         /home/pi/.wpilib/nativecache/linux/arm64/536b6588584aec1dd25839d465d28716/libwpimathjni.so
7f4b6b4000-7f4b6b5000 r--p 000e6000 b3:02 389598                         /home/pi/.wpilib/nativecache/linux/arm64/536b6588584aec1dd25839d465d28716/libwpimathjni.so
7f4b6b5000-7f4b6b7000 rw-p 000e7000 b3:02 389598                         /home/pi/.wpilib/nativecache/linux/arm64/536b6588584aec1dd25839d465d28716/libwpimathjni.so
7f4b6b7000-7f4b6bf000 r-xp 00000000 b3:02 8099                           /usr/lib/aarch64-linux-gnu/libatomic.so.1.2.0
7f4b6bf000-7f4b6ce000 ---p 00008000 b3:02 8099                           /usr/lib/aarch64-linux-gnu/libatomic.so.1.2.0
7f4b6ce000-7f4b6cf000 r--p 00007000 b3:02 8099                           /usr/lib/aarch64-linux-gnu/libatomic.so.1.2.0
7f4b6cf000-7f4b6d0000 rw-p 00008000 b3:02 8099                           /usr/lib/aarch64-linux-gnu/libatomic.so.1.2.0
7f4b6d0000-7f4b6d1000 rw-p 00000000 00:00 0 
7f4b6d1000-7f4b7bd000 r-xp 00000000 b3:02 389602                         /home/pi/.wpilib/nativecache/linux/arm64/536b6588584aec1dd25839d465d28716/libwpiutil.so
7f4b7bd000-7f4b7cd000 ---p 000ec000 b3:02 389602                         /home/pi/.wpilib/nativecache/linux/arm64/536b6588584aec1dd25839d465d28716/libwpiutil.so
7f4b7cd000-7f4b7cf000 r--p 000ec000 b3:02 389602                         /home/pi/.wpilib/nativecache/linux/arm64/536b6588584aec1dd25839d465d28716/libwpiutil.so
7f4b7cf000-7f4b7d1000 rw-p 000ee000 b3:02 389602                         /home/pi/.wpilib/nativecache/linux/arm64/536b6588584aec1dd25839d465d28716/libwpiutil.so
7f4b7d1000-7f4b7d4000 rw-p 00000000 00:00 0 
7f4b7d4000-7f4b7dc000 r-xp 00000000 b3:02 389599                         /home/pi/.wpilib/nativecache/linux/arm64/536b6588584aec1dd25839d465d28716/libwpiutiljni.so
7f4b7dc000-7f4b7ec000 ---p 00008000 b3:02 389599                         /home/pi/.wpilib/nativecache/linux/arm64/536b6588584aec1dd25839d465d28716/libwpiutiljni.so
7f4b7ec000-7f4b7ed000 r--p 00008000 b3:02 389599                         /home/pi/.wpilib/nativecache/linux/arm64/536b6588584aec1dd25839d465d28716/libwpiutiljni.so
7f4b7ed000-7f4b7ee000 rw-p 00009000 b3:02 389599                         /home/pi/.wpilib/nativecache/linux/arm64/536b6588584aec1dd25839d465d28716/libwpiutiljni.so
7f4b7ee000-7f4b9ee000 rw-p 00000000 00:00 0 
7f4b9ee000-7f4b9ef000 ---p 00000000 00:00 0 
7f4b9ef000-7f4bdf0000 rw-p 00000000 00:00 0 
7f4bdf0000-7f4bdf4000 r-xp 00000000 b3:02 8338                           /usr/lib/aarch64-linux-gnu/libkeyutils.so.1.9
7f4bdf4000-7f4be03000 ---p 00004000 b3:02 8338                           /usr/lib/aarch64-linux-gnu/libkeyutils.so.1.9
7f4be03000-7f4be04000 r--p 00003000 b3:02 8338                           /usr/lib/aarch64-linux-gnu/libkeyutils.so.1.9
7f4be04000-7f4be05000 rw-p 00004000 b3:02 8338                           /usr/lib/aarch64-linux-gnu/libkeyutils.so.1.9
7f4be05000-7f4be27000 r-xp 00000000 b3:02 8270                           /usr/lib/aarch64-linux-gnu/libgpg-error.so.0.29.0
7f4be27000-7f4be36000 ---p 00022000 b3:02 8270                           /usr/lib/aarch64-linux-gnu/libgpg-error.so.0.29.0
7f4be36000-7f4be37000 r--p 00021000 b3:02 8270                           /usr/lib/aarch64-linux-gnu/libgpg-error.so.0.29.0
7f4be37000-7f4be38000 rw-p 00022000 b3:02 8270                           /usr/lib/aarch64-linux-gnu/libgpg-error.so.0.29.0
7f4be38000-7f4be58000 r-xp 00000000 b3:02 8141                           /usr/lib/aarch64-linux-gnu/libbrotlicommon.so.1.0.9
7f4be58000-7f4be67000 ---p 00020000 b3:02 8141                           /usr/lib/aarch64-linux-gnu/libbrotlicommon.so.1.0.9
7f4be67000-7f4be68000 r--p 0001f000 b3:02 8141                           /usr/lib/aarch64-linux-gnu/libbrotlicommon.so.1.0.9
7f4be68000-7f4be69000 rw-p 00020000 b3:02 8141                           /usr/lib/aarch64-linux-gnu/libbrotlicommon.so.1.0.9
7f4be69000-7f4be83000 r-xp 00000000 b3:02 8494                           /usr/lib/aarch64-linux-gnu/libsasl2.so.2.0.25
7f4be83000-7f4be93000 ---p 0001a000 b3:02 8494                           /usr/lib/aarch64-linux-gnu/libsasl2.so.2.0.25
7f4be93000-7f4be94000 r--p 0001a000 b3:02 8494                           /usr/lib/aarch64-linux-gnu/libsasl2.so.2.0.25
7f4be94000-7f4be95000 rw-p 0001b000 b3:02 8494                           /usr/lib/aarch64-linux-gnu/libsasl2.so.2.0.25
7f4be95000-7f4bea8000 r-xp 00000000 b3:02 8483                           /usr/lib/aarch64-linux-gnu/libresolv-2.31.so
7f4bea8000-7f4beb8000 ---p 00013000 b3:02 8483                           /usr/lib/aarch64-linux-gnu/libresolv-2.31.so
7f4beb8000-7f4beb9000 r--p 00013000 b3:02 8483                           /usr/lib/aarch64-linux-gnu/libresolv-2.31.so
7f4beb9000-7f4beba000 rw-p 00014000 b3:02 8483                           /usr/lib/aarch64-linux-gnu/libresolv-2.31.so
7f4beba000-7f4bebc000 rw-p 00000000 00:00 0 
7f4bebc000-7f4bec8000 r-xp 00000000 b3:02 8343                           /usr/lib/aarch64-linux-gnu/libkrb5support.so.0.1
7f4bec8000-7f4bed7000 ---p 0000c000 b3:02 8343                           /usr/lib/aarch64-linux-gnu/libkrb5support.so.0.1
7f4bed7000-7f4bed8000 r--p 0000b000 b3:02 8343                           /usr/lib/aarch64-linux-gnu/libkrb5support.so.0.1
7f4bed8000-7f4bed9000 rw-p 0000c000 b3:02 8343                           /usr/lib/aarch64-linux-gnu/libkrb5support.so.0.1
7f4bed9000-7f4bf04000 r-xp 00000000 b3:02 8337                           /usr/lib/aarch64-linux-gnu/libk5crypto.so.3.1
7f4bf04000-7f4bf14000 ---p 0002b000 b3:02 8337                           /usr/lib/aarch64-linux-gnu/libk5crypto.so.3.1
7f4bf14000-7f4bf15000 r--p 0002b000 b3:02 8337                           /usr/lib/aarch64-linux-gnu/libk5crypto.so.3.1
7f4bf15000-7f4bf16000 rw-p 0002c000 b3:02 8337                           /usr/lib/aarch64-linux-gnu/libk5crypto.so.3.1
7f4bf16000-7f4bf17000 rw-p 00000000 00:00 0 
7f4bf17000-7f4bfe1000 r-xp 00000000 b3:02 8342                           /usr/lib/aarch64-linux-gnu/libkrb5.so.3.3
7f4bfe1000-7f4bff1000 ---p 000ca000 b3:02 8342                           /usr/lib/aarch64-linux-gnu/libkrb5.so.3.3
7f4bff1000-7f4bffd000 r--p 000ca000 b3:02 8342                           /usr/lib/aarch64-linux-gnu/libkrb5.so.3.3
7f4bffd000-7f4c000000 rw-p 000d6000 b3:02 8342                           /usr/lib/aarch64-linux-gnu/libkrb5.so.3.3
7f4c000000-7f4c021000 rw-p 00000000 00:00 0 
7f4c021000-7f50000000 ---p 00000000 00:00 0 
7f50000000-7f50021000 rw-p 00000000 00:00 0 
7f50021000-7f54000000 ---p 00000000 00:00 0 
7f54000000-7f54021000 rw-p 00000000 00:00 0 
7f54021000-7f58000000 ---p 00000000 00:00 0 
7f58000000-7f58021000 rw-p 00000000 00:00 0 
7f58021000-7f5c000000 ---p 00000000 00:00 0 
7f5c000000-7f5c4da000 rw-p 00000000 00:00 0 
7f5c4da000-7f60000000 ---p 00000000 00:00 0 
7f60000000-7f60021000 rw-p 00000000 00:00 0 
7f60021000-7f64000000 ---p 00000000 00:00 0 
7f64000000-7f64021000 rw-p 00000000 00:00 0 
7f64021000-7f68000000 ---p 00000000 00:00 0 
7f68000000-7f6a1b0000 rw-p 00000000 00:00 0 
7f6a1b0000-7f6c000000 ---p 00000000 00:00 0 
7f6c000000-7f6c021000 rw-p 00000000 00:00 0 
7f6c021000-7f70000000 ---p 00000000 00:00 0 
7f70009000-7f7000c000 r-xp 00000000 b3:02 8169                           /usr/lib/aarch64-linux-gnu/libcom_err.so.2.1
7f7000c000-7f7001b000 ---p 00003000 b3:02 8169                           /usr/lib/aarch64-linux-gnu/libcom_err.so.2.1
7f7001b000-7f7001c000 r--p 00002000 b3:02 8169                           /usr/lib/aarch64-linux-gnu/libcom_err.so.2.1
7f7001c000-7f7001d000 rw-p 00003000 b3:02 8169                           /usr/lib/aarch64-linux-gnu/libcom_err.so.2.1
7f7001d000-7f7002f000 r-xp 00000000 b3:02 8527                           /usr/lib/aarch64-linux-gnu/libtasn1.so.6.6.0
7f7002f000-7f7003f000 ---p 00012000 b3:02 8527                           /usr/lib/aarch64-linux-gnu/libtasn1.so.6.6.0
7f7003f000-7f70040000 r--p 00012000 b3:02 8527                           /usr/lib/aarch64-linux-gnu/libtasn1.so.6.6.0
7f70040000-7f70041000 rw-p 00013000 b3:02 8527                           /usr/lib/aarch64-linux-gnu/libtasn1.so.6.6.0
7f70041000-7f7016c000 r-xp 00000000 b3:02 8425                           /usr/lib/aarch64-linux-gnu/libp11-kit.so.0.3.0
7f7016c000-7f7017b000 ---p 0012b000 b3:02 8425                           /usr/lib/aarch64-linux-gnu/libp11-kit.so.0.3.0
7f7017b000-7f70186000 r--p 0012a000 b3:02 8425                           /usr/lib/aarch64-linux-gnu/libp11-kit.so.0.3.0
7f70186000-7f70190000 rw-p 00135000 b3:02 8425                           /usr/lib/aarch64-linux-gnu/libp11-kit.so.0.3.0
7f70190000-7f70249000 r-xp 00000000 b3:02 8247                           /usr/lib/aarch64-linux-gnu/libgcrypt.so.20.2.8
7f70249000-7f70259000 ---p 000b9000 b3:02 8247                           /usr/lib/aarch64-linux-gnu/libgcrypt.so.20.2.8
7f70259000-7f7025b000 r--p 000b9000 b3:02 8247                           /usr/lib/aarch64-linux-gnu/libgcrypt.so.20.2.8
7f7025b000-7f70260000 rw-p 000bb000 b3:02 8247                           /usr/lib/aarch64-linux-gnu/libgcrypt.so.20.2.8
7f70260000-7f702d6000 r-xp 00000000 b3:02 8265                           /usr/lib/aarch64-linux-gnu/libgmp.so.10.4.1
7f702d6000-7f702e6000 ---p 00076000 b3:02 8265                           /usr/lib/aarch64-linux-gnu/libgmp.so.10.4.1
7f702e6000-7f702e7000 r--p 00076000 b3:02 8265                           /usr/lib/aarch64-linux-gnu/libgmp.so.10.4.1
7f702e7000-7f702e8000 rw-p 00077000 b3:02 8265                           /usr/lib/aarch64-linux-gnu/libgmp.so.10.4.1
7f702e8000-7f7032f000 r-xp 00000000 b3:02 8304                           /usr/lib/aarch64-linux-gnu/libhogweed.so.6.4
7f7032f000-7f7033e000 ---p 00047000 b3:02 8304                           /usr/lib/aarch64-linux-gnu/libhogweed.so.6.4
7f7033e000-7f7033f000 r--p 00046000 b3:02 8304                           /usr/lib/aarch64-linux-gnu/libhogweed.so.6.4
7f7033f000-7f70340000 rw-p 00047000 b3:02 8304                           /usr/lib/aarch64-linux-gnu/libhogweed.so.6.4
7f70340000-7f704b7000 r-xp 00000000 b3:02 8556                           /usr/lib/aarch64-linux-gnu/libunistring.so.2.1.0
7f704b7000-7f704c7000 ---p 00177000 b3:02 8556                           /usr/lib/aarch64-linux-gnu/libunistring.so.2.1.0
7f704c7000-7f704cb000 r--p 00177000 b3:02 8556                           /usr/lib/aarch64-linux-gnu/libunistring.